<?xml version="1.0" encoding="UTF-8"?>
<coverage generated="1781882921762" clover="3.2.0">
  <project timestamp="1781882921763" name="All files">
    <metrics statements="2037" coveredstatements="1808" conditionals="779" coveredconditionals="570" methods="252" coveredmethods="200" elements="3068" coveredelements="2578" complexity="0" loc="2037" ncloc="2037" packages="2" files="13" classes="13"/>
    <package name="server">
      <metrics statements="47" coveredstatements="28" conditionals="38" coveredconditionals="28" methods="12" coveredmethods="8"/>
      <file name="db.js" path="C:\Users\ege19\OneDrive\Masaüstü\web-oyunu\server\db.js">
        <metrics statements="40" coveredstatements="21" conditionals="25" coveredconditionals="16" methods="10" coveredmethods="6"/>
        <line num="5" count="1" type="stmt"/>
        <line num="7" count="1" type="stmt"/>
        <line num="10" count="2" type="cond" truecount="3" falsecount="1"/>
        <line num="11" count="0" type="stmt"/>
        <line num="17" count="0" type="stmt"/>
        <line num="18" count="0" type="stmt"/>
        <line num="21" count="2" type="stmt"/>
        <line num="25" count="1" type="stmt"/>
        <line num="29" count="2" type="cond" truecount="2" falsecount="0"/>
        <line num="30" count="1" type="stmt"/>
        <line num="31" count="1" type="stmt"/>
        <line num="32" count="1" type="cond" truecount="1" falsecount="1"/>
        <line num="34" count="0" type="stmt"/>
        <line num="39" count="0" type="stmt"/>
        <line num="40" count="0" type="cond" truecount="0" falsecount="2"/>
        <line num="42" count="0" type="stmt"/>
        <line num="53" count="0" type="stmt"/>
        <line num="54" count="0" type="cond" truecount="0" falsecount="2"/>
        <line num="55" count="0" type="stmt"/>
        <line num="56" count="0" type="stmt"/>
        <line num="60" count="1" type="stmt"/>
        <line num="61" count="1" type="cond" truecount="1" falsecount="1"/>
        <line num="63" count="0" type="stmt"/>
        <line num="65" count="0" type="stmt"/>
        <line num="73" count="0" type="stmt"/>
        <line num="81" count="3" type="stmt"/>
        <line num="82" count="3" type="stmt"/>
        <line num="83" count="3" type="stmt"/>
        <line num="84" count="3" type="cond" truecount="4" falsecount="0"/>
        <line num="85" count="2" type="cond" truecount="2" falsecount="0"/>
        <line num="86" count="2" type="stmt"/>
        <line num="89" count="1" type="stmt"/>
        <line num="90" count="1" type="cond" truecount="1" falsecount="1"/>
        <line num="91" count="1" type="stmt"/>
        <line num="94" count="0" type="stmt"/>
        <line num="96" count="0" type="stmt"/>
        <line num="101" count="0" type="stmt"/>
        <line num="105" count="12" type="cond" truecount="1" falsecount="1"/>
        <line num="106" count="0" type="stmt"/>
        <line num="107" count="0" type="stmt"/>
      </file>
      <file name="validate.js" path="C:\Users\ege19\OneDrive\Masaüstü\web-oyunu\server\validate.js">
        <metrics statements="7" coveredstatements="7" conditionals="13" coveredconditionals="12" methods="2" coveredmethods="2"/>
        <line num="2" count="10" type="cond" truecount="1" falsecount="1"/>
        <line num="3" count="10" type="cond" truecount="4" falsecount="0"/>
        <line num="4" count="7" type="cond" truecount="2" falsecount="0"/>
        <line num="5" count="5" type="stmt"/>
        <line num="9" count="9" type="stmt"/>
        <line num="10" count="9" type="cond" truecount="5" falsecount="0"/>
        <line num="11" count="4" type="stmt"/>
      </file>
    </package>
    <package name="src">
      <metrics statements="1990" coveredstatements="1780" conditionals="741" coveredconditionals="542" methods="240" coveredmethods="192"/>
      <file name="BoosterEffects.js" path="C:\Users\ege19\OneDrive\Masaüstü\web-oyunu\src\BoosterEffects.js">
        <metrics statements="27" coveredstatements="27" conditionals="12" coveredconditionals="12" methods="9" coveredmethods="9"/>
        <line num="1" count="3" type="stmt"/>
        <line num="2" count="3" type="stmt"/>
        <line num="3" count="3" type="stmt"/>
        <line num="4" count="3" type="stmt"/>
        <line num="5" count="3" type="stmt"/>
        <line num="9" count="54" type="stmt"/>
        <line num="10" count="54" type="stmt"/>
        <line num="11" count="54" type="stmt"/>
        <line num="15" count="4" type="stmt"/>
        <line num="16" count="4" type="stmt"/>
        <line num="17" count="4" type="stmt"/>
        <line num="21" count="104" type="stmt"/>
        <line num="25" count="60" type="stmt"/>
        <line num="29" count="51" type="stmt"/>
        <line num="33" count="51" type="cond" truecount="2" falsecount="0"/>
        <line num="37" count="40" type="cond" truecount="4" falsecount="0"/>
        <line num="39" count="13" type="stmt"/>
        <line num="40" count="13" type="stmt"/>
        <line num="42" count="15" type="stmt"/>
        <line num="43" count="15" type="stmt"/>
        <line num="45" count="11" type="stmt"/>
        <line num="46" count="11" type="stmt"/>
        <line num="48" count="1" type="stmt"/>
        <line num="53" count="61" type="cond" truecount="2" falsecount="0"/>
        <line num="54" count="61" type="cond" truecount="2" falsecount="0"/>
        <line num="55" count="61" type="cond" truecount="2" falsecount="0"/>
        <line num="59" count="52" type="stmt"/>
      </file>
      <file name="BoosterManager.js" path="C:\Users\ege19\OneDrive\Masaüstü\web-oyunu\src\BoosterManager.js">
        <metrics statements="330" coveredstatements="327" conditionals="95" coveredconditionals="80" methods="32" coveredmethods="32"/>
        <line num="6" count="2" type="stmt"/>
        <line num="8" count="2" type="stmt"/>
        <line num="9" count="2" type="stmt"/>
        <line num="10" count="2" type="stmt"/>
        <line num="11" count="2" type="stmt"/>
        <line num="12" count="2" type="stmt"/>
        <line num="13" count="2" type="stmt"/>
        <line num="14" count="2" type="stmt"/>
        <line num="15" count="2" type="stmt"/>
        <line num="16" count="2" type="stmt"/>
        <line num="17" count="2" type="stmt"/>
        <line num="18" count="2" type="stmt"/>
        <line num="19" count="2" type="stmt"/>
        <line num="20" count="2" type="stmt"/>
        <line num="21" count="2" type="stmt"/>
        <line num="22" count="2" type="stmt"/>
        <line num="23" count="2" type="stmt"/>
        <line num="24" count="2" type="stmt"/>
        <line num="25" count="2" type="stmt"/>
        <line num="26" count="2" type="stmt"/>
        <line num="27" count="2" type="stmt"/>
        <line num="29" count="2" type="stmt"/>
        <line num="30" count="2" type="stmt"/>
        <line num="31" count="2" type="stmt"/>
        <line num="32" count="2" type="stmt"/>
        <line num="33" count="2" type="stmt"/>
        <line num="35" count="2" type="stmt"/>
        <line num="38" count="43" type="stmt"/>
        <line num="39" count="43" type="stmt"/>
        <line num="40" count="43" type="stmt"/>
        <line num="41" count="43" type="stmt"/>
        <line num="42" count="43" type="stmt"/>
        <line num="43" count="43" type="stmt"/>
        <line num="47" count="43" type="stmt"/>
        <line num="48" count="43" type="stmt"/>
        <line num="49" count="43" type="stmt"/>
        <line num="53" count="43" type="stmt"/>
        <line num="54" count="43" type="stmt"/>
        <line num="55" count="43" type="stmt"/>
        <line num="56" count="43" type="stmt"/>
        <line num="58" count="43" type="stmt"/>
        <line num="59" count="43" type="stmt"/>
        <line num="61" count="43" type="stmt"/>
        <line num="62" count="43" type="stmt"/>
        <line num="64" count="43" type="stmt"/>
        <line num="65" count="430" type="stmt"/>
        <line num="66" count="430" type="cond" truecount="2" falsecount="0"/>
        <line num="67" count="430" type="stmt"/>
        <line num="68" count="430" type="stmt"/>
        <line num="69" count="430" type="stmt"/>
        <line num="70" count="430" type="stmt"/>
        <line num="71" count="430" type="stmt"/>
        <line num="72" count="430" type="stmt"/>
        <line num="73" count="430" type="stmt"/>
        <line num="76" count="43" type="stmt"/>
        <line num="77" count="43" type="stmt"/>
        <line num="81" count="129" type="stmt"/>
        <line num="82" count="129" type="stmt"/>
        <line num="83" count="129" type="stmt"/>
        <line num="84" count="129" type="stmt"/>
        <line num="85" count="129" type="stmt"/>
        <line num="86" count="129" type="stmt"/>
        <line num="87" count="129" type="stmt"/>
        <line num="88" count="129" type="stmt"/>
        <line num="92" count="43" type="stmt"/>
        <line num="93" count="43" type="stmt"/>
        <line num="94" count="43" type="stmt"/>
        <line num="95" count="43" type="stmt"/>
        <line num="97" count="43" type="stmt"/>
        <line num="99" count="43" type="stmt"/>
        <line num="100" count="43" type="stmt"/>
        <line num="101" count="43" type="stmt"/>
        <line num="102" count="43" type="stmt"/>
        <line num="103" count="43" type="stmt"/>
        <line num="105" count="43" type="stmt"/>
        <line num="106" count="43" type="stmt"/>
        <line num="107" count="43" type="stmt"/>
        <line num="109" count="43" type="stmt"/>
        <line num="110" count="43" type="stmt"/>
        <line num="112" count="43" type="stmt"/>
        <line num="113" count="43" type="stmt"/>
        <line num="114" count="43" type="stmt"/>
        <line num="116" count="43" type="stmt"/>
        <line num="117" count="43" type="stmt"/>
        <line num="118" count="43" type="stmt"/>
        <line num="122" count="43" type="stmt"/>
        <line num="123" count="43" type="stmt"/>
        <line num="124" count="43" type="stmt"/>
        <line num="126" count="43" type="stmt"/>
        <line num="127" count="43" type="stmt"/>
        <line num="128" count="43" type="stmt"/>
        <line num="129" count="43" type="stmt"/>
        <line num="130" count="43" type="stmt"/>
        <line num="131" count="172" type="stmt"/>
        <line num="132" count="172" type="stmt"/>
        <line num="133" count="172" type="stmt"/>
        <line num="135" count="43" type="stmt"/>
        <line num="136" count="43" type="stmt"/>
        <line num="137" count="43" type="stmt"/>
        <line num="138" count="43" type="stmt"/>
        <line num="140" count="43" type="stmt"/>
        <line num="141" count="43" type="stmt"/>
        <line num="142" count="43" type="stmt"/>
        <line num="143" count="43" type="stmt"/>
        <line num="144" count="43" type="stmt"/>
        <line num="146" count="43" type="stmt"/>
        <line num="150" count="43" type="stmt"/>
        <line num="151" count="43" type="stmt"/>
        <line num="152" count="43" type="stmt"/>
        <line num="153" count="43" type="stmt"/>
        <line num="155" count="43" type="stmt"/>
        <line num="157" count="43" type="stmt"/>
        <line num="158" count="43" type="stmt"/>
        <line num="159" count="43" type="stmt"/>
        <line num="160" count="43" type="stmt"/>
        <line num="161" count="43" type="stmt"/>
        <line num="163" count="43" type="stmt"/>
        <line num="164" count="172" type="stmt"/>
        <line num="165" count="172" type="stmt"/>
        <line num="166" count="172" type="stmt"/>
        <line num="167" count="172" type="stmt"/>
        <line num="168" count="4816" type="stmt"/>
        <line num="169" count="4816" type="cond" truecount="2" falsecount="0"/>
        <line num="170" count="4644" type="stmt"/>
        <line num="172" count="172" type="stmt"/>
        <line num="175" count="43" type="stmt"/>
        <line num="177" count="43" type="stmt"/>
        <line num="178" count="43" type="stmt"/>
        <line num="179" count="43" type="stmt"/>
        <line num="181" count="43" type="stmt"/>
        <line num="182" count="43" type="stmt"/>
        <line num="183" count="43" type="stmt"/>
        <line num="186" count="2" type="stmt"/>
        <line num="191" count="2" type="stmt"/>
        <line num="196" count="43" type="stmt"/>
        <line num="197" count="43" type="stmt"/>
        <line num="198" count="43" type="stmt"/>
        <line num="199" count="43" type="stmt"/>
        <line num="200" count="43" type="stmt"/>
        <line num="201" count="43" type="stmt"/>
        <line num="202" count="43" type="stmt"/>
        <line num="203" count="43" type="stmt"/>
        <line num="204" count="43" type="stmt"/>
        <line num="205" count="43" type="stmt"/>
        <line num="206" count="43" type="stmt"/>
        <line num="207" count="43" type="stmt"/>
        <line num="208" count="43" type="stmt"/>
        <line num="210" count="43" type="stmt"/>
        <line num="211" count="43" type="stmt"/>
        <line num="212" count="43" type="stmt"/>
        <line num="214" count="43" type="stmt"/>
        <line num="216" count="43" type="stmt"/>
        <line num="217" count="43" type="stmt"/>
        <line num="218" count="43" type="stmt"/>
        <line num="219" count="43" type="stmt"/>
        <line num="226" count="43" type="stmt"/>
        <line num="227" count="43" type="stmt"/>
        <line num="228" count="43" type="stmt"/>
        <line num="230" count="43" type="stmt"/>
        <line num="231" count="43" type="stmt"/>
        <line num="233" count="43" type="stmt"/>
        <line num="234" count="688" type="stmt"/>
        <line num="235" count="688" type="stmt"/>
        <line num="237" count="43" type="stmt"/>
        <line num="240" count="43" type="stmt"/>
        <line num="241" count="86" type="stmt"/>
        <line num="250" count="86" type="stmt"/>
        <line num="255" count="86" type="stmt"/>
        <line num="256" count="86" type="stmt"/>
        <line num="258" count="86" type="stmt"/>
        <line num="259" count="86" type="stmt"/>
        <line num="261" count="86" type="stmt"/>
        <line num="262" count="1376" type="stmt"/>
        <line num="263" count="1376" type="stmt"/>
        <line num="265" count="86" type="stmt"/>
        <line num="269" count="23" type="stmt"/>
        <line num="273" count="21" type="stmt"/>
        <line num="277" count="42" type="stmt"/>
        <line num="281" count="20" type="stmt"/>
        <line num="286" count="146" type="cond" truecount="2" falsecount="0"/>
        <line num="288" count="143" type="cond" truecount="3" falsecount="1"/>
        <line num="290" count="49" type="stmt"/>
        <line num="292" count="47" type="stmt"/>
        <line num="294" count="47" type="stmt"/>
        <line num="296" count="0" type="stmt"/>
        <line num="301" count="144" type="stmt"/>
        <line num="305" count="211" type="cond" truecount="2" falsecount="0"/>
        <line num="309" count="63" type="cond" truecount="2" falsecount="0"/>
        <line num="310" count="60" type="cond" truecount="2" falsecount="0"/>
        <line num="311" count="52" type="cond" truecount="2" falsecount="0"/>
        <line num="312" count="51" type="cond" truecount="1" falsecount="1"/>
        <line num="313" count="51" type="stmt"/>
        <line num="317" count="4" type="stmt"/>
        <line num="318" count="4" type="stmt"/>
        <line num="320" count="4" type="stmt"/>
        <line num="321" count="5" type="stmt"/>
        <line num="322" count="5" type="cond" truecount="1" falsecount="1"/>
        <line num="323" count="5" type="stmt"/>
        <line num="324" count="5" type="stmt"/>
        <line num="325" count="5" type="cond" truecount="3" falsecount="1"/>
        <line num="327" count="4" type="stmt"/>
        <line num="331" count="169" type="stmt"/>
        <line num="332" count="290" type="stmt"/>
        <line num="333" count="290" type="cond" truecount="1" falsecount="1"/>
        <line num="334" count="290" type="cond" truecount="2" falsecount="0"/>
        <line num="336" count="152" type="stmt"/>
        <line num="340" count="52" type="stmt"/>
        <line num="341" count="52" type="stmt"/>
        <line num="342" count="138" type="stmt"/>
        <line num="343" count="138" type="cond" truecount="1" falsecount="1"/>
        <line num="344" count="138" type="cond" truecount="2" falsecount="0"/>
        <line num="346" count="52" type="stmt"/>
        <line num="350" count="37" type="stmt"/>
        <line num="351" count="37" type="cond" truecount="1" falsecount="1"/>
        <line num="352" count="37" type="stmt"/>
        <line num="356" count="4" type="stmt"/>
        <line num="357" count="4" type="stmt"/>
        <line num="358" count="4" type="stmt"/>
        <line num="362" count="184" type="stmt"/>
        <line num="364" count="184" type="cond" truecount="2" falsecount="0"/>
        <line num="365" count="15" type="stmt"/>
        <line num="366" count="15" type="stmt"/>
        <line num="367" count="15" type="stmt"/>
        <line num="368" count="15" type="stmt"/>
        <line num="369" count="15" type="stmt"/>
        <line num="370" count="15" type="stmt"/>
        <line num="372" count="169" type="stmt"/>
        <line num="373" count="169" type="stmt"/>
        <line num="374" count="169" type="stmt"/>
        <line num="375" count="169" type="stmt"/>
        <line num="376" count="169" type="stmt"/>
        <line num="377" count="169" type="stmt"/>
        <line num="378" count="169" type="stmt"/>
        <line num="379" count="169" type="stmt"/>
        <line num="382" count="184" type="stmt"/>
        <line num="383" count="184" type="stmt"/>
        <line num="386" count="37" type="stmt"/>
        <line num="387" count="37" type="cond" truecount="1" falsecount="1"/>
        <line num="389" count="37" type="stmt"/>
        <line num="390" count="37" type="cond" truecount="2" falsecount="0"/>
        <line num="391" count="1" type="stmt"/>
        <line num="392" count="1" type="stmt"/>
        <line num="393" count="1" type="stmt"/>
        <line num="394" count="1" type="stmt"/>
        <line num="395" count="1" type="stmt"/>
        <line num="396" count="1" type="stmt"/>
        <line num="398" count="36" type="stmt"/>
        <line num="407" count="37" type="stmt"/>
        <line num="409" count="37" type="cond" truecount="2" falsecount="0"/>
        <line num="410" count="1" type="stmt"/>
        <line num="412" count="36" type="stmt"/>
        <line num="414" count="37" type="stmt"/>
        <line num="418" count="45" type="stmt"/>
        <line num="419" count="45" type="cond" truecount="2" falsecount="0"/>
        <line num="420" count="23" type="stmt"/>
        <line num="424" count="49" type="cond" truecount="2" falsecount="0"/>
        <line num="425" count="5" type="stmt"/>
        <line num="426" count="8" type="stmt"/>
        <line num="427" count="8" type="cond" truecount="2" falsecount="0"/>
        <line num="429" count="5" type="stmt"/>
        <line num="430" count="5" type="stmt"/>
        <line num="433" count="44" type="stmt"/>
        <line num="434" count="44" type="cond" truecount="2" falsecount="0"/>
        <line num="435" count="21" type="stmt"/>
        <line num="436" count="21" type="stmt"/>
        <line num="439" count="23" type="stmt"/>
        <line num="440" count="23" type="stmt"/>
        <line num="441" count="23" type="stmt"/>
        <line num="442" count="23" type="cond" truecount="1" falsecount="1"/>
        <line num="443" count="0" type="stmt"/>
        <line num="444" count="0" type="stmt"/>
        <line num="447" count="23" type="stmt"/>
        <line num="448" count="23" type="stmt"/>
        <line num="452" count="5" type="stmt"/>
        <line num="453" count="5" type="stmt"/>
        <line num="454" count="5" type="cond" truecount="3" falsecount="0"/>
        <line num="455" count="35" type="stmt"/>
        <line num="456" count="35" type="stmt"/>
        <line num="457" count="35" type="cond" truecount="2" falsecount="0"/>
        <line num="458" count="35" type="stmt"/>
        <line num="463" count="4" type="stmt"/>
        <line num="464" count="4" type="stmt"/>
        <line num="465" count="4" type="stmt"/>
        <line num="469" count="2" type="stmt"/>
        <line num="470" count="2" type="cond" truecount="4" falsecount="0"/>
        <line num="472" count="1" type="stmt"/>
        <line num="473" count="1" type="stmt"/>
        <line num="474" count="1" type="stmt"/>
        <line num="478" count="57" type="stmt"/>
        <line num="479" count="157" type="stmt"/>
        <line num="480" count="157" type="cond" truecount="1" falsecount="1"/>
        <line num="482" count="157" type="cond" truecount="2" falsecount="0"/>
        <line num="483" count="157" type="cond" truecount="2" falsecount="0"/>
        <line num="484" count="11" type="cond" truecount="2" falsecount="0"/>
        <line num="485" count="9" type="cond" truecount="2" falsecount="0"/>
        <line num="487" count="7" type="cond" truecount="1" falsecount="3"/>
        <line num="488" count="157" type="cond" truecount="2" falsecount="0"/>
        <line num="490" count="4" type="stmt"/>
        <line num="492" count="53" type="stmt"/>
        <line num="496" count="50" type="stmt"/>
        <line num="497" count="50" type="stmt"/>
        <line num="498" count="50" type="stmt"/>
        <line num="501" count="50" type="stmt"/>
        <line num="502" count="50" type="cond" truecount="4" falsecount="0"/>
        <line num="503" count="14" type="stmt"/>
        <line num="506" count="50" type="stmt"/>
        <line num="507" count="50" type="stmt"/>
        <line num="509" count="50" type="stmt"/>
        <line num="510" count="148" type="stmt"/>
        <line num="511" count="148" type="cond" truecount="1" falsecount="1"/>
        <line num="513" count="148" type="stmt"/>
        <line num="515" count="148" type="cond" truecount="2" falsecount="0"/>
        <line num="516" count="1" type="stmt"/>
        <line num="517" count="1" type="stmt"/>
        <line num="520" count="147" type="stmt"/>
        <line num="522" count="147" type="cond" truecount="2" falsecount="0"/>
        <line num="523" count="1" type="stmt"/>
        <line num="524" count="1" type="stmt"/>
        <line num="527" count="146" type="cond" truecount="1" falsecount="1"/>
        <line num="528" count="146" type="stmt"/>
        <line num="531" count="50" type="stmt"/>
        <line num="535" count="3" type="stmt"/>
        <line num="536" count="1" type="stmt"/>
        <line num="538" count="3" type="stmt"/>
        <line num="539" count="3" type="stmt"/>
        <line num="540" count="3" type="stmt"/>
        <line num="541" count="3" type="stmt"/>
        <line num="542" count="3" type="stmt"/>
        <line num="543" count="3" type="stmt"/>
        <line num="545" count="3" type="stmt"/>
      </file>
      <file name="CoinManager.js" path="C:\Users\ege19\OneDrive\Masaüstü\web-oyunu\src\CoinManager.js">
        <metrics statements="214" coveredstatements="212" conditionals="94" coveredconditionals="82" methods="22" coveredmethods="22"/>
        <line num="5" count="4" type="stmt"/>
        <line num="6" count="4" type="stmt"/>
        <line num="7" count="4" type="stmt"/>
        <line num="8" count="4" type="stmt"/>
        <line num="9" count="4" type="stmt"/>
        <line num="10" count="4" type="stmt"/>
        <line num="11" count="4" type="stmt"/>
        <line num="14" count="19" type="stmt"/>
        <line num="15" count="19" type="cond" truecount="2" falsecount="0"/>
        <line num="16" count="19" type="stmt"/>
        <line num="17" count="19" type="cond" truecount="2" falsecount="0"/>
        <line num="19" count="4" type="stmt"/>
        <line num="20" count="4" type="stmt"/>
        <line num="21" count="4" type="stmt"/>
        <line num="22" count="4" type="stmt"/>
        <line num="23" count="4" type="stmt"/>
        <line num="24" count="4" type="stmt"/>
        <line num="25" count="4" type="stmt"/>
        <line num="26" count="4" type="stmt"/>
        <line num="27" count="4" type="stmt"/>
        <line num="29" count="4" type="stmt"/>
        <line num="30" count="4" type="stmt"/>
        <line num="31" count="4" type="stmt"/>
        <line num="32" count="4" type="stmt"/>
        <line num="33" count="4" type="stmt"/>
        <line num="34" count="4" type="stmt"/>
        <line num="37" count="30" type="stmt"/>
        <line num="38" count="30" type="stmt"/>
        <line num="39" count="30" type="stmt"/>
        <line num="40" count="30" type="stmt"/>
        <line num="41" count="30" type="stmt"/>
        <line num="42" count="30" type="stmt"/>
        <line num="44" count="30" type="stmt"/>
        <line num="45" count="30" type="stmt"/>
        <line num="46" count="30" type="stmt"/>
        <line num="47" count="30" type="stmt"/>
        <line num="48" count="30" type="stmt"/>
        <line num="49" count="30" type="stmt"/>
        <line num="50" count="30" type="stmt"/>
        <line num="51" count="30" type="stmt"/>
        <line num="53" count="30" type="stmt"/>
        <line num="54" count="30" type="stmt"/>
        <line num="55" count="30" type="stmt"/>
        <line num="56" count="30" type="stmt"/>
        <line num="58" count="30" type="stmt"/>
        <line num="59" count="30" type="stmt"/>
        <line num="60" count="30" type="stmt"/>
        <line num="61" count="150" type="stmt"/>
        <line num="62" count="150" type="stmt"/>
        <line num="63" count="150" type="stmt"/>
        <line num="64" count="150" type="cond" truecount="2" falsecount="0"/>
        <line num="65" count="120" type="stmt"/>
        <line num="67" count="30" type="stmt"/>
        <line num="68" count="30" type="stmt"/>
        <line num="70" count="30" type="stmt"/>
        <line num="71" count="30" type="stmt"/>
        <line num="72" count="30" type="stmt"/>
        <line num="73" count="30" type="stmt"/>
        <line num="74" count="30" type="stmt"/>
        <line num="76" count="30" type="stmt"/>
        <line num="77" count="30" type="stmt"/>
        <line num="78" count="30" type="stmt"/>
        <line num="81" count="4" type="stmt"/>
        <line num="89" count="4" type="stmt"/>
        <line num="93" count="30" type="stmt"/>
        <line num="94" count="30" type="stmt"/>
        <line num="95" count="30" type="stmt"/>
        <line num="96" count="30" type="stmt"/>
        <line num="97" count="30" type="stmt"/>
        <line num="98" count="30" type="stmt"/>
        <line num="99" count="30" type="stmt"/>
        <line num="100" count="30" type="stmt"/>
        <line num="101" count="30" type="stmt"/>
        <line num="102" count="30" type="stmt"/>
        <line num="103" count="30" type="stmt"/>
        <line num="105" count="30" type="stmt"/>
        <line num="106" count="30" type="stmt"/>
        <line num="116" count="30" type="stmt"/>
        <line num="117" count="30" type="stmt"/>
        <line num="118" count="30" type="stmt"/>
        <line num="120" count="30" type="stmt"/>
        <line num="121" count="30" type="stmt"/>
        <line num="122" count="1920" type="stmt"/>
        <line num="123" count="1920" type="stmt"/>
        <line num="125" count="30" type="stmt"/>
        <line num="129" count="22" type="stmt"/>
        <line num="133" count="20" type="stmt"/>
        <line num="137" count="20" type="stmt"/>
        <line num="141" count="544" type="cond" truecount="2" falsecount="0"/>
        <line num="145" count="236" type="stmt"/>
        <line num="146" count="1271" type="stmt"/>
        <line num="147" count="1271" type="cond" truecount="1" falsecount="1"/>
        <line num="148" count="1271" type="cond" truecount="2" falsecount="0"/>
        <line num="150" count="203" type="stmt"/>
        <line num="154" count="5" type="stmt"/>
        <line num="155" count="5" type="stmt"/>
        <line num="157" count="5" type="stmt"/>
        <line num="158" count="10" type="stmt"/>
        <line num="159" count="10" type="cond" truecount="1" falsecount="1"/>
        <line num="160" count="10" type="cond" truecount="4" falsecount="0"/>
        <line num="162" count="4" type="stmt"/>
        <line num="166" count="269" type="cond" truecount="2" falsecount="0"/>
        <line num="167" count="261" type="cond" truecount="2" falsecount="0"/>
        <line num="168" count="230" type="cond" truecount="2" falsecount="0"/>
        <line num="169" count="214" type="cond" truecount="2" falsecount="0"/>
        <line num="170" count="181" type="stmt"/>
        <line num="174" count="49" type="stmt"/>
        <line num="175" count="49" type="stmt"/>
        <line num="176" count="254" type="stmt"/>
        <line num="177" count="254" type="cond" truecount="1" falsecount="1"/>
        <line num="178" count="254" type="cond" truecount="2" falsecount="0"/>
        <line num="180" count="49" type="stmt"/>
        <line num="184" count="94" type="cond" truecount="1" falsecount="1"/>
        <line num="185" count="94" type="stmt"/>
        <line num="189" count="19" type="stmt"/>
        <line num="190" count="19" type="stmt"/>
        <line num="191" count="19" type="stmt"/>
        <line num="195" count="366" type="stmt"/>
        <line num="196" count="366" type="stmt"/>
        <line num="197" count="366" type="stmt"/>
        <line num="199" count="366" type="stmt"/>
        <line num="200" count="366" type="stmt"/>
        <line num="201" count="366" type="stmt"/>
        <line num="202" count="366" type="stmt"/>
        <line num="203" count="366" type="stmt"/>
        <line num="204" count="366" type="stmt"/>
        <line num="208" count="94" type="stmt"/>
        <line num="209" count="94" type="cond" truecount="1" falsecount="1"/>
        <line num="211" count="94" type="stmt"/>
        <line num="212" count="94" type="cond" truecount="2" falsecount="0"/>
        <line num="213" count="16" type="stmt"/>
        <line num="214" count="16" type="stmt"/>
        <line num="215" count="16" type="stmt"/>
        <line num="216" count="16" type="stmt"/>
        <line num="217" count="16" type="stmt"/>
        <line num="218" count="16" type="stmt"/>
        <line num="220" count="78" type="stmt"/>
        <line num="230" count="94" type="stmt"/>
        <line num="232" count="94" type="cond" truecount="2" falsecount="0"/>
        <line num="233" count="16" type="stmt"/>
        <line num="235" count="78" type="stmt"/>
        <line num="237" count="94" type="stmt"/>
        <line num="238" count="94" type="stmt"/>
        <line num="242" count="97" type="cond" truecount="2" falsecount="0"/>
        <line num="243" count="16" type="stmt"/>
        <line num="244" count="50" type="stmt"/>
        <line num="245" count="50" type="cond" truecount="2" falsecount="0"/>
        <line num="247" count="16" type="stmt"/>
        <line num="248" count="16" type="stmt"/>
        <line num="251" count="81" type="cond" truecount="2" falsecount="0"/>
        <line num="252" count="97" type="stmt"/>
        <line num="253" count="97" type="stmt"/>
        <line num="255" count="97" type="stmt"/>
        <line num="257" count="122" type="cond" truecount="2" falsecount="0"/>
        <line num="260" count="122" type="stmt"/>
        <line num="261" count="122" type="cond" truecount="2" falsecount="0"/>
        <line num="262" count="85" type="cond" truecount="1" falsecount="1"/>
        <line num="265" count="81" type="cond" truecount="1" falsecount="1"/>
        <line num="266" count="0" type="stmt"/>
        <line num="267" count="0" type="stmt"/>
        <line num="270" count="81" type="stmt"/>
        <line num="271" count="81" type="stmt"/>
        <line num="275" count="5" type="stmt"/>
        <line num="276" count="5" type="stmt"/>
        <line num="277" count="5" type="cond" truecount="3" falsecount="0"/>
        <line num="278" count="74" type="stmt"/>
        <line num="279" count="74" type="stmt"/>
        <line num="280" count="74" type="cond" truecount="2" falsecount="0"/>
        <line num="281" count="74" type="stmt"/>
        <line num="286" count="19" type="stmt"/>
        <line num="287" count="19" type="stmt"/>
        <line num="288" count="19" type="stmt"/>
        <line num="292" count="1" type="stmt"/>
        <line num="293" count="1" type="cond" truecount="3" falsecount="1"/>
        <line num="295" count="1" type="stmt"/>
        <line num="296" count="1" type="stmt"/>
        <line num="297" count="1" type="stmt"/>
        <line num="301" count="52" type="stmt"/>
        <line num="302" count="273" type="stmt"/>
        <line num="303" count="273" type="cond" truecount="1" falsecount="1"/>
        <line num="304" count="273" type="cond" truecount="2" falsecount="0"/>
        <line num="305" count="8" type="cond" truecount="2" falsecount="0"/>
        <line num="306" count="5" type="cond" truecount="1" falsecount="1"/>
        <line num="307" count="5" type="cond" truecount="1" falsecount="1"/>
        <line num="308" count="273" type="cond" truecount="2" falsecount="0"/>
        <line num="309" count="3" type="stmt"/>
        <line num="311" count="49" type="stmt"/>
        <line num="315" count="49" type="stmt"/>
        <line num="317" count="49" type="stmt"/>
        <line num="318" count="49" type="cond" truecount="4" falsecount="0"/>
        <line num="319" count="23" type="stmt"/>
        <line num="322" count="49" type="stmt"/>
        <line num="323" count="49" type="stmt"/>
        <line num="325" count="49" type="stmt"/>
        <line num="326" count="273" type="stmt"/>
        <line num="327" count="273" type="cond" truecount="1" falsecount="1"/>
        <line num="329" count="273" type="stmt"/>
        <line num="331" count="273" type="cond" truecount="2" falsecount="0"/>
        <line num="332" count="1" type="stmt"/>
        <line num="333" count="1" type="stmt"/>
        <line num="336" count="272" type="stmt"/>
        <line num="338" count="272" type="cond" truecount="2" falsecount="0"/>
        <line num="339" count="2" type="stmt"/>
        <line num="340" count="2" type="stmt"/>
        <line num="343" count="270" type="cond" truecount="2" falsecount="0"/>
        <line num="344" count="270" type="stmt"/>
        <line num="347" count="49" type="stmt"/>
        <line num="351" count="5" type="stmt"/>
        <line num="352" count="15" type="stmt"/>
        <line num="354" count="5" type="stmt"/>
        <line num="355" count="5" type="stmt"/>
        <line num="356" count="5" type="stmt"/>
        <line num="357" count="5" type="stmt"/>
        <line num="358" count="5" type="stmt"/>
      </file>
      <file name="Creature.js" path="C:\Users\ege19\OneDrive\Masaüstü\web-oyunu\src\Creature.js">
        <metrics statements="59" coveredstatements="56" conditionals="9" coveredconditionals="8" methods="8" coveredmethods="7"/>
        <line num="5" count="32" type="stmt"/>
        <line num="6" count="32" type="stmt"/>
        <line num="7" count="32" type="stmt"/>
        <line num="8" count="32" type="stmt"/>
        <line num="9" count="32" type="stmt"/>
        <line num="10" count="32" type="stmt"/>
        <line num="12" count="32" type="stmt"/>
        <line num="20" count="32" type="stmt"/>
        <line num="21" count="32" type="stmt"/>
        <line num="22" count="32" type="stmt"/>
        <line num="24" count="32" type="stmt"/>
        <line num="25" count="32" type="stmt"/>
        <line num="26" count="32" type="stmt"/>
        <line num="27" count="32" type="stmt"/>
        <line num="29" count="32" type="stmt"/>
        <line num="30" count="32" type="stmt"/>
        <line num="31" count="64" type="stmt"/>
        <line num="32" count="64" type="stmt"/>
        <line num="33" count="64" type="stmt"/>
        <line num="36" count="32" type="stmt"/>
        <line num="37" count="128" type="stmt"/>
        <line num="41" count="128" type="stmt"/>
        <line num="46" count="128" type="stmt"/>
        <line num="47" count="128" type="stmt"/>
        <line num="48" count="128" type="stmt"/>
        <line num="49" count="128" type="stmt"/>
        <line num="50" count="128" type="stmt"/>
        <line num="53" count="32" type="stmt"/>
        <line num="54" count="32" type="stmt"/>
        <line num="55" count="32" type="stmt"/>
        <line num="56" count="32" type="stmt"/>
        <line num="60" count="0" type="stmt"/>
        <line num="64" count="147" type="stmt"/>
        <line num="65" count="147" type="stmt"/>
        <line num="69" count="6" type="stmt"/>
        <line num="70" count="6" type="stmt"/>
        <line num="71" count="6" type="stmt"/>
        <line num="75" count="53" type="stmt"/>
        <line num="77" count="53" type="cond" truecount="2" falsecount="0"/>
        <line num="78" count="53" type="cond" truecount="2" falsecount="0"/>
        <line num="80" count="53" type="cond" truecount="1" falsecount="1"/>
        <line num="81" count="0" type="stmt"/>
        <line num="82" count="0" type="stmt"/>
        <line num="84" count="53" type="stmt"/>
        <line num="87" count="53" type="stmt"/>
        <line num="89" count="53" type="stmt"/>
        <line num="90" count="53" type="stmt"/>
        <line num="91" count="53" type="stmt"/>
        <line num="97" count="53" type="stmt"/>
        <line num="98" count="53" type="stmt"/>
        <line num="100" count="53" type="stmt"/>
        <line num="101" count="424" type="cond" truecount="2" falsecount="0"/>
        <line num="102" count="212" type="stmt"/>
        <line num="109" count="51" type="stmt"/>
        <line num="113" count="3" type="stmt"/>
        <line num="114" count="3" type="stmt"/>
        <line num="115" count="3" type="stmt"/>
        <line num="116" count="3" type="stmt"/>
        <line num="117" count="3" type="stmt"/>
      </file>
      <file name="Game.js" path="C:\Users\ege19\OneDrive\Masaüstü\web-oyunu\src\Game.js">
        <metrics statements="401" coveredstatements="267" conditionals="185" coveredconditionals="71" methods="65" coveredmethods="27"/>
        <line num="16" count="1" type="stmt"/>
        <line num="17" count="1" type="stmt"/>
        <line num="18" count="1" type="stmt"/>
        <line num="19" count="1" type="stmt"/>
        <line num="20" count="1" type="stmt"/>
        <line num="24" count="20" type="stmt"/>
        <line num="25" count="20" type="stmt"/>
        <line num="26" count="20" type="stmt"/>
        <line num="27" count="20" type="stmt"/>
        <line num="28" count="20" type="stmt"/>
        <line num="30" count="20" type="stmt"/>
        <line num="31" count="20" type="stmt"/>
        <line num="32" count="20" type="stmt"/>
        <line num="33" count="20" type="stmt"/>
        <line num="34" count="20" type="stmt"/>
        <line num="35" count="20" type="stmt"/>
        <line num="36" count="20" type="stmt"/>
        <line num="37" count="20" type="stmt"/>
        <line num="38" count="20" type="stmt"/>
        <line num="40" count="20" type="stmt"/>
        <line num="41" count="20" type="stmt"/>
        <line num="42" count="20" type="stmt"/>
        <line num="43" count="20" type="stmt"/>
        <line num="44" count="20" type="stmt"/>
        <line num="45" count="20" type="stmt"/>
        <line num="46" count="20" type="stmt"/>
        <line num="47" count="20" type="stmt"/>
        <line num="48" count="20" type="stmt"/>
        <line num="49" count="20" type="stmt"/>
        <line num="50" count="20" type="stmt"/>
        <line num="52" count="20" type="stmt"/>
        <line num="53" count="20" type="stmt"/>
        <line num="54" count="20" type="stmt"/>
        <line num="55" count="20" type="stmt"/>
        <line num="56" count="20" type="stmt"/>
        <line num="57" count="20" type="stmt"/>
        <line num="58" count="20" type="stmt"/>
        <line num="59" count="20" type="stmt"/>
        <line num="60" count="20" type="stmt"/>
        <line num="61" count="20" type="stmt"/>
        <line num="62" count="20" type="stmt"/>
        <line num="64" count="20" type="stmt"/>
        <line num="92" count="20" type="stmt"/>
        <line num="93" count="20" type="stmt"/>
        <line num="94" count="20" type="stmt"/>
        <line num="96" count="20" type="stmt"/>
        <line num="97" count="20" type="stmt"/>
        <line num="98" count="20" type="stmt"/>
        <line num="99" count="20" type="stmt"/>
        <line num="100" count="20" type="stmt"/>
        <line num="101" count="20" type="stmt"/>
        <line num="102" count="20" type="stmt"/>
        <line num="103" count="20" type="stmt"/>
        <line num="104" count="0" type="cond" truecount="0" falsecount="4"/>
        <line num="109" count="1" type="cond" truecount="2" falsecount="0"/>
        <line num="113" count="1" type="stmt"/>
        <line num="114" count="1" type="stmt"/>
        <line num="115" count="1" type="stmt"/>
        <line num="119" count="27" type="cond" truecount="2" falsecount="0"/>
        <line num="123" count="1" type="cond" truecount="1" falsecount="1"/>
        <line num="127" count="20" type="stmt"/>
        <line num="128" count="20" type="cond" truecount="2" falsecount="2"/>
        <line num="129" count="0" type="stmt"/>
        <line num="134" count="0" type="stmt"/>
        <line num="138" count="0" type="stmt"/>
        <line num="139" count="0" type="stmt"/>
        <line num="143" count="0" type="stmt"/>
        <line num="144" count="0" type="stmt"/>
        <line num="145" count="0" type="stmt"/>
        <line num="146" count="0" type="stmt"/>
        <line num="150" count="20" type="cond" truecount="1" falsecount="1"/>
        <line num="151" count="20" type="stmt"/>
        <line num="152" count="20" type="stmt"/>
        <line num="153" count="20" type="cond" truecount="1" falsecount="1"/>
        <line num="154" count="0" type="cond" truecount="0" falsecount="2"/>
        <line num="155" count="0" type="stmt"/>
        <line num="158" count="20" type="stmt"/>
        <line num="159" count="20" type="stmt"/>
        <line num="160" count="20" type="stmt"/>
        <line num="162" count="20" type="cond" truecount="1" falsecount="1"/>
        <line num="163" count="0" type="stmt"/>
        <line num="164" count="0" type="stmt"/>
        <line num="167" count="20" type="cond" truecount="1" falsecount="1"/>
        <line num="168" count="20" type="cond" truecount="1" falsecount="1"/>
        <line num="169" count="20" type="stmt"/>
        <line num="170" count="20" type="stmt"/>
        <line num="173" count="0" type="cond" truecount="0" falsecount="2"/>
        <line num="175" count="0" type="stmt"/>
        <line num="176" count="0" type="stmt"/>
        <line num="177" count="0" type="stmt"/>
        <line num="178" count="0" type="stmt"/>
        <line num="179" count="0" type="cond" truecount="0" falsecount="2"/>
        <line num="180" count="0" type="stmt"/>
        <line num="181" count="0" type="stmt"/>
        <line num="183" count="0" type="stmt"/>
        <line num="185" count="0" type="stmt"/>
        <line num="186" count="0" type="stmt"/>
        <line num="187" count="0" type="stmt"/>
        <line num="188" count="0" type="stmt"/>
        <line num="189" count="0" type="stmt"/>
        <line num="190" count="0" type="stmt"/>
        <line num="191" count="0" type="stmt"/>
        <line num="192" count="0" type="stmt"/>
        <line num="197" count="40" type="stmt"/>
        <line num="198" count="40" type="cond" truecount="1" falsecount="1"/>
        <line num="199" count="0" type="stmt"/>
        <line num="203" count="0" type="cond" truecount="0" falsecount="2"/>
        <line num="207" count="21" type="stmt"/>
        <line num="208" count="21" type="stmt"/>
        <line num="209" count="21" type="stmt"/>
        <line num="210" count="0" type="stmt"/>
        <line num="212" count="21" type="stmt"/>
        <line num="213" count="0" type="stmt"/>
        <line num="218" count="0" type="cond" truecount="0" falsecount="2"/>
        <line num="219" count="0" type="stmt"/>
        <line num="220" count="0" type="stmt"/>
        <line num="221" count="0" type="stmt"/>
        <line num="222" count="0" type="cond" truecount="0" falsecount="4"/>
        <line num="226" count="0" type="stmt"/>
        <line num="227" count="0" type="stmt"/>
        <line num="228" count="0" type="stmt"/>
        <line num="229" count="0" type="stmt"/>
        <line num="233" count="0" type="stmt"/>
        <line num="234" count="0" type="stmt"/>
        <line num="235" count="0" type="stmt"/>
        <line num="236" count="0" type="stmt"/>
        <line num="240" count="3" type="stmt"/>
        <line num="241" count="3" type="cond" truecount="2" falsecount="0"/>
        <line num="242" count="1" type="stmt"/>
        <line num="247" count="21" type="stmt"/>
        <line num="248" count="21" type="cond" truecount="1" falsecount="1"/>
        <line num="249" count="21" type="cond" truecount="1" falsecount="1"/>
        <line num="253" count="20" type="stmt"/>
        <line num="254" count="20" type="stmt"/>
        <line num="255" count="20" type="stmt"/>
        <line num="256" count="0" type="cond" truecount="0" falsecount="2"/>
        <line num="258" count="20" type="stmt"/>
        <line num="259" count="0" type="stmt"/>
        <line num="260" count="0" type="cond" truecount="0" falsecount="2"/>
        <line num="262" count="20" type="stmt"/>
        <line num="263" count="0" type="cond" truecount="0" falsecount="2"/>
        <line num="265" count="20" type="stmt"/>
        <line num="266" count="20" type="stmt"/>
        <line num="267" count="20" type="stmt"/>
        <line num="268" count="0" type="cond" truecount="0" falsecount="2"/>
        <line num="270" count="20" type="stmt"/>
        <line num="271" count="20" type="stmt"/>
        <line num="272" count="0" type="stmt"/>
        <line num="274" count="20" type="stmt"/>
        <line num="275" count="0" type="stmt"/>
        <line num="280" count="0" type="cond" truecount="0" falsecount="2"/>
        <line num="281" count="0" type="cond" truecount="0" falsecount="2"/>
        <line num="282" count="0" type="cond" truecount="0" falsecount="4"/>
        <line num="283" count="0" type="cond" truecount="0" falsecount="4"/>
        <line num="284" count="0" type="stmt"/>
        <line num="288" count="2" type="stmt"/>
        <line num="289" count="2" type="cond" truecount="2" falsecount="0"/>
        <line num="290" count="1" type="stmt"/>
        <line num="295" count="1" type="stmt"/>
        <line num="296" count="1" type="stmt"/>
        <line num="297" count="1" type="stmt"/>
        <line num="301" count="1" type="stmt"/>
        <line num="302" count="1" type="stmt"/>
        <line num="303" count="1" type="stmt"/>
        <line num="307" count="50" type="stmt"/>
        <line num="309" count="50" type="cond" truecount="1" falsecount="1"/>
        <line num="310" count="50" type="stmt"/>
        <line num="311" count="50" type="stmt"/>
        <line num="312" count="50" type="cond" truecount="3" falsecount="1"/>
        <line num="315" count="50" type="cond" truecount="1" falsecount="1"/>
        <line num="316" count="50" type="stmt"/>
        <line num="317" count="50" type="stmt"/>
        <line num="318" count="50" type="cond" truecount="2" falsecount="2"/>
        <line num="321" count="50" type="cond" truecount="1" falsecount="1"/>
        <line num="322" count="50" type="stmt"/>
        <line num="323" count="50" type="stmt"/>
        <line num="324" count="50" type="cond" truecount="3" falsecount="1"/>
        <line num="329" count="20" type="stmt"/>
        <line num="331" count="20" type="stmt"/>
        <line num="332" count="0" type="cond" truecount="0" falsecount="2"/>
        <line num="333" count="0" type="stmt"/>
        <line num="334" count="0" type="cond" truecount="0" falsecount="2"/>
        <line num="335" count="0" type="cond" truecount="0" falsecount="2"/>
        <line num="336" count="0" type="stmt"/>
        <line num="339" count="0" type="stmt"/>
        <line num="341" count="0" type="cond" truecount="0" falsecount="5"/>
        <line num="343" count="0" type="cond" truecount="0" falsecount="2"/>
        <line num="344" count="0" type="stmt"/>
        <line num="346" count="0" type="cond" truecount="0" falsecount="2"/>
        <line num="347" count="0" type="stmt"/>
        <line num="349" count="0" type="cond" truecount="0" falsecount="2"/>
        <line num="350" count="0" type="stmt"/>
        <line num="351" count="0" type="stmt"/>
        <line num="353" count="0" type="cond" truecount="0" falsecount="2"/>
        <line num="354" count="0" type="stmt"/>
        <line num="358" count="20" type="stmt"/>
        <line num="359" count="0" type="stmt"/>
        <line num="362" count="20" type="stmt"/>
        <line num="363" count="20" type="stmt"/>
        <line num="365" count="20" type="stmt"/>
        <line num="368" count="0" type="stmt"/>
        <line num="369" count="0" type="stmt"/>
        <line num="374" count="20" type="stmt"/>
        <line num="377" count="0" type="cond" truecount="0" falsecount="2"/>
        <line num="378" count="0" type="stmt"/>
        <line num="379" count="0" type="stmt"/>
        <line num="381" count="0" type="cond" truecount="0" falsecount="2"/>
        <line num="382" count="0" type="cond" truecount="0" falsecount="2"/>
        <line num="383" count="0" type="cond" truecount="0" falsecount="2"/>
        <line num="384" count="0" type="cond" truecount="0" falsecount="2"/>
        <line num="385" count="0" type="stmt"/>
        <line num="386" count="0" type="cond" truecount="0" falsecount="2"/>
        <line num="387" count="0" type="cond" truecount="0" falsecount="2"/>
        <line num="395" count="0" type="cond" truecount="0" falsecount="2"/>
        <line num="399" count="4" type="cond" truecount="4" falsecount="0"/>
        <line num="401" count="3" type="cond" truecount="2" falsecount="0"/>
        <line num="402" count="1" type="stmt"/>
        <line num="404" count="2" type="stmt"/>
        <line num="406" count="3" type="stmt"/>
        <line num="407" count="3" type="stmt"/>
        <line num="408" count="3" type="stmt"/>
        <line num="412" count="2" type="stmt"/>
        <line num="413" count="2" type="stmt"/>
        <line num="414" count="2" type="stmt"/>
        <line num="415" count="2" type="stmt"/>
        <line num="416" count="2" type="stmt"/>
        <line num="417" count="2" type="stmt"/>
        <line num="418" count="2" type="stmt"/>
        <line num="419" count="2" type="stmt"/>
        <line num="420" count="2" type="stmt"/>
        <line num="421" count="2" type="stmt"/>
        <line num="422" count="2" type="stmt"/>
        <line num="423" count="2" type="stmt"/>
        <line num="424" count="2" type="stmt"/>
        <line num="425" count="2" type="stmt"/>
        <line num="426" count="2" type="stmt"/>
        <line num="427" count="2" type="stmt"/>
        <line num="431" count="2" type="stmt"/>
        <line num="432" count="2" type="stmt"/>
        <line num="433" count="2" type="stmt"/>
        <line num="434" count="2" type="stmt"/>
        <line num="435" count="2" type="stmt"/>
        <line num="436" count="2" type="stmt"/>
        <line num="437" count="2" type="stmt"/>
        <line num="438" count="2" type="stmt"/>
        <line num="439" count="2" type="stmt"/>
        <line num="440" count="2" type="stmt"/>
        <line num="441" count="2" type="stmt"/>
        <line num="442" count="2" type="stmt"/>
        <line num="443" count="2" type="stmt"/>
        <line num="444" count="2" type="stmt"/>
        <line num="445" count="2" type="stmt"/>
        <line num="446" count="2" type="stmt"/>
        <line num="447" count="2" type="stmt"/>
        <line num="448" count="2" type="stmt"/>
        <line num="449" count="2" type="stmt"/>
        <line num="453" count="0" type="cond" truecount="0" falsecount="2"/>
        <line num="454" count="0" type="stmt"/>
        <line num="455" count="0" type="stmt"/>
        <line num="457" count="0" type="stmt"/>
        <line num="459" count="0" type="stmt"/>
        <line num="460" count="0" type="stmt"/>
        <line num="461" count="0" type="stmt"/>
        <line num="462" count="0" type="stmt"/>
        <line num="464" count="0" type="stmt"/>
        <line num="465" count="0" type="stmt"/>
        <line num="466" count="0" type="stmt"/>
        <line num="467" count="0" type="stmt"/>
        <line num="468" count="0" type="stmt"/>
        <line num="469" count="0" type="stmt"/>
        <line num="473" count="1" type="cond" truecount="1" falsecount="1"/>
        <line num="474" count="1" type="stmt"/>
        <line num="475" count="1" type="stmt"/>
        <line num="476" count="1" type="stmt"/>
        <line num="477" count="1" type="stmt"/>
        <line num="478" count="1" type="stmt"/>
        <line num="479" count="1" type="stmt"/>
        <line num="483" count="2" type="cond" truecount="2" falsecount="0"/>
        <line num="484" count="1" type="stmt"/>
        <line num="485" count="1" type="stmt"/>
        <line num="486" count="1" type="stmt"/>
        <line num="487" count="1" type="stmt"/>
        <line num="488" count="1" type="stmt"/>
        <line num="492" count="0" type="stmt"/>
        <line num="493" count="0" type="stmt"/>
        <line num="494" count="0" type="stmt"/>
        <line num="495" count="0" type="stmt"/>
        <line num="496" count="0" type="stmt"/>
        <line num="497" count="0" type="stmt"/>
        <line num="498" count="0" type="stmt"/>
        <line num="499" count="0" type="stmt"/>
        <line num="500" count="0" type="stmt"/>
        <line num="501" count="0" type="stmt"/>
        <line num="502" count="0" type="stmt"/>
        <line num="506" count="1" type="stmt"/>
        <line num="507" count="1" type="stmt"/>
        <line num="508" count="1" type="cond" truecount="1" falsecount="1"/>
        <line num="509" count="1" type="stmt"/>
        <line num="511" count="1" type="cond" truecount="1" falsecount="1"/>
        <line num="512" count="1" type="cond" truecount="1" falsecount="1"/>
        <line num="513" count="1" type="stmt"/>
        <line num="515" count="0" type="stmt"/>
        <line num="516" count="0" type="cond" truecount="0" falsecount="2"/>
        <line num="517" count="0" type="cond" truecount="0" falsecount="2"/>
        <line num="521" count="1" type="stmt"/>
        <line num="522" count="1" type="stmt"/>
        <line num="523" count="1" type="stmt"/>
        <line num="524" count="1" type="stmt"/>
        <line num="525" count="1" type="stmt"/>
        <line num="526" count="1" type="stmt"/>
        <line num="527" count="1" type="stmt"/>
        <line num="529" count="1" type="stmt"/>
        <line num="533" count="1" type="cond" truecount="1" falsecount="1"/>
        <line num="534" count="1" type="stmt"/>
        <line num="535" count="1" type="cond" truecount="1" falsecount="1"/>
        <line num="536" count="1" type="stmt"/>
        <line num="540" count="1" type="stmt"/>
        <line num="541" count="1" type="cond" truecount="1" falsecount="1"/>
        <line num="542" count="1" type="stmt"/>
        <line num="546" count="1" type="stmt"/>
        <line num="547" count="1" type="stmt"/>
        <line num="548" count="1" type="stmt"/>
        <line num="552" count="48" type="cond" truecount="1" falsecount="1"/>
        <line num="553" count="48" type="stmt"/>
        <line num="555" count="48" type="stmt"/>
        <line num="556" count="48" type="stmt"/>
        <line num="557" count="48" type="stmt"/>
        <line num="558" count="48" type="stmt"/>
        <line num="560" count="48" type="stmt"/>
        <line num="561" count="48" type="stmt"/>
        <line num="562" count="48" type="stmt"/>
        <line num="563" count="48" type="stmt"/>
        <line num="564" count="48" type="stmt"/>
        <line num="565" count="48" type="stmt"/>
        <line num="566" count="48" type="cond" truecount="2" falsecount="0"/>
        <line num="567" count="48" type="stmt"/>
        <line num="568" count="48" type="stmt"/>
        <line num="570" count="48" type="stmt"/>
        <line num="572" count="48" type="cond" truecount="4" falsecount="0"/>
        <line num="573" count="1" type="stmt"/>
        <line num="574" count="1" type="stmt"/>
        <line num="577" count="47" type="stmt"/>
        <line num="578" count="47" type="cond" truecount="4" falsecount="0"/>
        <line num="579" count="1" type="stmt"/>
        <line num="580" count="1" type="stmt"/>
        <line num="583" count="47" type="stmt"/>
        <line num="589" count="47" type="cond" truecount="2" falsecount="0"/>
        <line num="590" count="1" type="stmt"/>
        <line num="591" count="1" type="stmt"/>
        <line num="594" count="47" type="stmt"/>
        <line num="600" count="47" type="cond" truecount="2" falsecount="0"/>
        <line num="601" count="1" type="stmt"/>
        <line num="602" count="1" type="stmt"/>
        <line num="605" count="47" type="cond" truecount="1" falsecount="1"/>
        <line num="606" count="0" type="stmt"/>
        <line num="607" count="0" type="stmt"/>
        <line num="610" count="47" type="stmt"/>
        <line num="611" count="47" type="stmt"/>
        <line num="612" count="47" type="stmt"/>
        <line num="613" count="47" type="stmt"/>
        <line num="614" count="47" type="stmt"/>
        <line num="615" count="47" type="stmt"/>
        <line num="620" count="0" type="cond" truecount="0" falsecount="2"/>
        <line num="621" count="0" type="stmt"/>
        <line num="622" count="0" type="cond" truecount="0" falsecount="2"/>
        <line num="623" count="0" type="stmt"/>
        <line num="628" count="0" type="stmt"/>
        <line num="629" count="0" type="stmt"/>
        <line num="630" count="0" type="stmt"/>
        <line num="631" count="0" type="stmt"/>
        <line num="635" count="47" type="stmt"/>
        <line num="636" count="47" type="stmt"/>
        <line num="637" count="47" type="stmt"/>
        <line num="638" count="47" type="stmt"/>
        <line num="639" count="47" type="stmt"/>
        <line num="641" count="47" type="stmt"/>
        <line num="642" count="47" type="stmt"/>
        <line num="643" count="47" type="stmt"/>
        <line num="644" count="47" type="cond" truecount="2" falsecount="0"/>
        <line num="645" count="1" type="stmt"/>
        <line num="646" count="1" type="stmt"/>
        <line num="649" count="47" type="stmt"/>
        <line num="650" count="47" type="stmt"/>
        <line num="652" count="47" type="cond" truecount="2" falsecount="0"/>
        <line num="653" count="1" type="stmt"/>
        <line num="654" count="1" type="stmt"/>
        <line num="655" count="1" type="cond" truecount="1" falsecount="1"/>
        <line num="657" count="46" type="stmt"/>
        <line num="660" count="47" type="stmt"/>
        <line num="661" count="47" type="stmt"/>
        <line num="669" count="48" type="stmt"/>
        <line num="670" count="48" type="cond" truecount="1" falsecount="1"/>
        <line num="671" count="48" type="stmt"/>
        <line num="672" count="48" type="stmt"/>
        <line num="676" count="0" type="stmt"/>
        <line num="677" count="0" type="stmt"/>
        <line num="678" count="0" type="stmt"/>
        <line num="679" count="0" type="stmt"/>
        <line num="680" count="0" type="stmt"/>
        <line num="681" count="0" type="stmt"/>
        <line num="685" count="0" type="stmt"/>
      </file>
      <file name="GapManager.js" path="C:\Users\ege19\OneDrive\Masaüstü\web-oyunu\src\GapManager.js">
        <metrics statements="210" coveredstatements="188" conditionals="77" coveredconditionals="64" methods="31" coveredmethods="28"/>
        <line num="4" count="7" type="stmt"/>
        <line num="5" count="7" type="stmt"/>
        <line num="6" count="7" type="stmt"/>
        <line num="7" count="7" type="stmt"/>
        <line num="8" count="7" type="stmt"/>
        <line num="9" count="7" type="stmt"/>
        <line num="10" count="7" type="stmt"/>
        <line num="11" count="7" type="stmt"/>
        <line num="12" count="7" type="stmt"/>
        <line num="13" count="7" type="stmt"/>
        <line num="14" count="7" type="stmt"/>
        <line num="15" count="7" type="stmt"/>
        <line num="16" count="7" type="stmt"/>
        <line num="17" count="7" type="stmt"/>
        <line num="20" count="7" type="stmt"/>
        <line num="21" count="7" type="stmt"/>
        <line num="22" count="7" type="stmt"/>
        <line num="23" count="7" type="stmt"/>
        <line num="26" count="74" type="stmt"/>
        <line num="27" count="74" type="stmt"/>
        <line num="28" count="74" type="stmt"/>
        <line num="32" count="8" type="stmt"/>
        <line num="33" count="8" type="cond" truecount="2" falsecount="0"/>
        <line num="34" count="1" type="stmt"/>
        <line num="36" count="7" type="cond" truecount="2" falsecount="0"/>
        <line num="37" count="5" type="stmt"/>
        <line num="39" count="2" type="stmt"/>
        <line num="44" count="53" type="stmt"/>
        <line num="45" count="53" type="stmt"/>
        <line num="46" count="53" type="stmt"/>
        <line num="47" count="53" type="stmt"/>
        <line num="48" count="53" type="stmt"/>
        <line num="49" count="53" type="stmt"/>
        <line num="50" count="53" type="stmt"/>
        <line num="51" count="53" type="stmt"/>
        <line num="52" count="53" type="stmt"/>
        <line num="54" count="53" type="stmt"/>
        <line num="59" count="53" type="stmt"/>
        <line num="61" count="53" type="stmt"/>
        <line num="69" count="53" type="stmt"/>
        <line num="77" count="53" type="stmt"/>
        <line num="78" count="53" type="stmt"/>
        <line num="79" count="53" type="stmt"/>
        <line num="80" count="53" type="stmt"/>
        <line num="81" count="53" type="stmt"/>
        <line num="82" count="53" type="stmt"/>
        <line num="86" count="20" type="stmt"/>
        <line num="90" count="30" type="stmt"/>
        <line num="91" count="30" type="stmt"/>
        <line num="92" count="30" type="cond" truecount="2" falsecount="0"/>
        <line num="93" count="4" type="stmt"/>
        <line num="98" count="26" type="stmt"/>
        <line num="102" count="52" type="stmt"/>
        <line num="103" count="52" type="cond" truecount="1" falsecount="1"/>
        <line num="104" count="52" type="stmt"/>
        <line num="109" count="16" type="stmt"/>
        <line num="110" count="16" type="stmt"/>
        <line num="111" count="16" type="stmt"/>
        <line num="112" count="16" type="stmt"/>
        <line num="114" count="16" type="cond" truecount="2" falsecount="0"/>
        <line num="115" count="2" type="cond" truecount="1" falsecount="1"/>
        <line num="116" count="0" type="stmt"/>
        <line num="120" count="17" type="stmt"/>
        <line num="121" count="17" type="stmt"/>
        <line num="122" count="17" type="cond" truecount="2" falsecount="0"/>
        <line num="123" count="16" type="stmt"/>
        <line num="124" count="16" type="cond" truecount="2" falsecount="0"/>
        <line num="126" count="13" type="stmt"/>
        <line num="130" count="52" type="stmt"/>
        <line num="131" count="52" type="stmt"/>
        <line num="132" count="52" type="stmt"/>
        <line num="133" count="52" type="stmt"/>
        <line num="134" count="52" type="stmt"/>
        <line num="139" count="30" type="stmt"/>
        <line num="140" count="30" type="stmt"/>
        <line num="145" count="30" type="stmt"/>
        <line num="146" count="60" type="stmt"/>
        <line num="147" count="120" type="stmt"/>
        <line num="148" count="120" type="stmt"/>
        <line num="149" count="120" type="stmt"/>
        <line num="156" count="30" type="stmt"/>
        <line num="157" count="30" type="stmt"/>
        <line num="159" count="30" type="stmt"/>
        <line num="166" count="30" type="stmt"/>
        <line num="167" count="120" type="stmt"/>
        <line num="168" count="120" type="stmt"/>
        <line num="169" count="120" type="stmt"/>
        <line num="174" count="30" type="stmt"/>
        <line num="175" count="120" type="stmt"/>
        <line num="176" count="120" type="stmt"/>
        <line num="177" count="120" type="stmt"/>
        <line num="178" count="120" type="stmt"/>
        <line num="183" count="120" type="stmt"/>
        <line num="184" count="120" type="stmt"/>
        <line num="189" count="30" type="stmt"/>
        <line num="190" count="30" type="stmt"/>
        <line num="191" count="30" type="stmt"/>
        <line num="192" count="30" type="stmt"/>
        <line num="193" count="30" type="stmt"/>
        <line num="195" count="30" type="stmt"/>
        <line num="196" count="30" type="stmt"/>
        <line num="197" count="30" type="stmt"/>
        <line num="199" count="30" type="stmt"/>
        <line num="203" count="0" type="stmt"/>
        <line num="204" count="0" type="stmt"/>
        <line num="209" count="0" type="stmt"/>
        <line num="210" count="0" type="stmt"/>
        <line num="211" count="0" type="stmt"/>
        <line num="212" count="0" type="stmt"/>
        <line num="213" count="0" type="stmt"/>
        <line num="214" count="0" type="stmt"/>
        <line num="215" count="0" type="stmt"/>
        <line num="219" count="21" type="stmt"/>
        <line num="223" count="21" type="stmt"/>
        <line num="227" count="20" type="stmt"/>
        <line num="231" count="21865" type="stmt"/>
        <line num="232" count="56973" type="stmt"/>
        <line num="233" count="56973" type="cond" truecount="2" falsecount="0"/>
        <line num="234" count="56972" type="cond" truecount="4" falsecount="0"/>
        <line num="236" count="21517" type="stmt"/>
        <line num="240" count="36" type="stmt"/>
        <line num="241" count="31" type="stmt"/>
        <line num="242" count="31" type="cond" truecount="1" falsecount="1"/>
        <line num="243" count="31" type="cond" truecount="4" falsecount="0"/>
        <line num="245" count="33" type="stmt"/>
        <line num="250" count="613" type="stmt"/>
        <line num="251" count="613" type="stmt"/>
        <line num="253" count="613" type="stmt"/>
        <line num="254" count="1524" type="stmt"/>
        <line num="255" count="1524" type="cond" truecount="1" falsecount="1"/>
        <line num="256" count="1524" type="stmt"/>
        <line num="257" count="1524" type="stmt"/>
        <line num="258" count="1524" type="cond" truecount="4" falsecount="0"/>
        <line num="260" count="598" type="stmt"/>
        <line num="265" count="21805" type="stmt"/>
        <line num="270" count="0" type="stmt"/>
        <line num="276" count="30" type="cond" truecount="1" falsecount="1"/>
        <line num="277" count="0" type="stmt"/>
        <line num="278" count="0" type="stmt"/>
        <line num="280" count="30" type="stmt"/>
        <line num="281" count="30" type="stmt"/>
        <line num="290" count="30" type="stmt"/>
        <line num="291" count="30" type="stmt"/>
        <line num="294" count="30" type="cond" truecount="1" falsecount="1"/>
        <line num="295" count="0" type="stmt"/>
        <line num="297" count="30" type="stmt"/>
        <line num="299" count="30" type="stmt"/>
        <line num="301" count="30" type="stmt"/>
        <line num="305" count="2" type="stmt"/>
        <line num="306" count="2" type="stmt"/>
        <line num="307" count="2" type="stmt"/>
        <line num="311" count="8" type="stmt"/>
        <line num="315" count="14" type="cond" truecount="2" falsecount="0"/>
        <line num="316" count="13" type="cond" truecount="2" falsecount="0"/>
        <line num="317" count="12" type="cond" truecount="1" falsecount="1"/>
        <line num="318" count="12" type="cond" truecount="2" falsecount="0"/>
        <line num="319" count="10" type="stmt"/>
        <line num="323" count="8" type="stmt"/>
        <line num="324" count="10" type="stmt"/>
        <line num="325" count="10" type="cond" truecount="2" falsecount="0"/>
        <line num="326" count="8" type="stmt"/>
        <line num="327" count="8" type="stmt"/>
        <line num="328" count="8" type="stmt"/>
        <line num="330" count="2" type="stmt"/>
        <line num="332" count="0" type="stmt"/>
        <line num="336" count="42" type="stmt"/>
        <line num="337" count="42" type="stmt"/>
        <line num="338" count="135" type="stmt"/>
        <line num="339" count="135" type="cond" truecount="1" falsecount="1"/>
        <line num="340" count="135" type="cond" truecount="1" falsecount="1"/>
        <line num="342" count="42" type="stmt"/>
        <line num="346" count="52" type="stmt"/>
        <line num="347" count="52" type="stmt"/>
        <line num="349" count="52" type="cond" truecount="2" falsecount="0"/>
        <line num="351" count="42" type="cond" truecount="2" falsecount="0"/>
        <line num="352" count="3" type="stmt"/>
        <line num="353" count="3" type="stmt"/>
        <line num="354" count="3" type="stmt"/>
        <line num="357" count="42" type="stmt"/>
        <line num="359" count="42" type="cond" truecount="4" falsecount="0"/>
        <line num="360" count="5" type="cond" truecount="3" falsecount="1"/>
        <line num="361" count="0" type="stmt"/>
        <line num="363" count="5" type="stmt"/>
        <line num="366" count="42" type="stmt"/>
        <line num="367" count="42" type="stmt"/>
        <line num="369" count="42" type="stmt"/>
        <line num="370" count="140" type="stmt"/>
        <line num="371" count="140" type="cond" truecount="1" falsecount="1"/>
        <line num="373" count="140" type="stmt"/>
        <line num="374" count="140" type="stmt"/>
        <line num="375" count="140" type="stmt"/>
        <line num="376" count="140" type="stmt"/>
        <line num="378" count="140" type="stmt"/>
        <line num="379" count="560" type="stmt"/>
        <line num="381" count="560" type="stmt"/>
        <line num="385" count="140" type="cond" truecount="1" falsecount="1"/>
        <line num="386" count="0" type="stmt"/>
        <line num="387" count="0" type="stmt"/>
        <line num="390" count="140" type="cond" truecount="1" falsecount="1"/>
        <line num="391" count="140" type="stmt"/>
        <line num="394" count="42" type="stmt"/>
        <line num="398" count="2" type="stmt"/>
        <line num="399" count="0" type="stmt"/>
        <line num="400" count="0" type="stmt"/>
        <line num="401" count="0" type="stmt"/>
        <line num="402" count="0" type="stmt"/>
        <line num="404" count="2" type="stmt"/>
        <line num="405" count="2" type="stmt"/>
        <line num="406" count="2" type="stmt"/>
        <line num="407" count="2" type="stmt"/>
      </file>
      <file name="Leaderboard.js" path="C:\Users\ege19\OneDrive\Masaüstü\web-oyunu\src\Leaderboard.js">
        <metrics statements="22" coveredstatements="20" conditionals="10" coveredconditionals="7" methods="6" coveredmethods="4"/>
        <line num="1" count="1" type="stmt"/>
        <line num="4" count="10" type="cond" truecount="1" falsecount="1"/>
        <line num="8" count="3" type="stmt"/>
        <line num="9" count="3" type="stmt"/>
        <line num="10" count="3" type="stmt"/>
        <line num="11" count="2" type="stmt"/>
        <line num="12" count="2" type="stmt"/>
        <line num="13" count="2" type="cond" truecount="2" falsecount="0"/>
        <line num="14" count="1" type="stmt"/>
        <line num="19" count="1" type="stmt"/>
        <line num="20" count="1" type="stmt"/>
        <line num="25" count="2" type="stmt"/>
        <line num="26" count="2" type="stmt"/>
        <line num="27" count="2" type="stmt"/>
        <line num="28" count="2" type="stmt"/>
        <line num="33" count="2" type="stmt"/>
        <line num="34" count="2" type="stmt"/>
        <line num="35" count="2" type="stmt"/>
        <line num="37" count="0" type="stmt"/>
        <line num="38" count="0" type="stmt"/>
        <line num="43" count="4" type="cond" truecount="1" falsecount="1"/>
        <line num="44" count="4" type="cond" truecount="2" falsecount="0"/>
      </file>
      <file name="ObstacleManager.js" path="C:\Users\ege19\OneDrive\Masaüstü\web-oyunu\src\ObstacleManager.js">
        <metrics statements="209" coveredstatements="192" conditionals="105" coveredconditionals="82" methods="23" coveredmethods="23"/>
        <line num="6" count="3" type="stmt"/>
        <line num="20" count="3" type="stmt"/>
        <line num="21" count="3" type="stmt"/>
        <line num="22" count="3" type="stmt"/>
        <line num="23" count="3" type="stmt"/>
        <line num="24" count="3" type="stmt"/>
        <line num="26" count="3" type="stmt"/>
        <line num="27" count="3" type="stmt"/>
        <line num="29" count="3" type="stmt"/>
        <line num="30" count="3" type="stmt"/>
        <line num="31" count="3" type="stmt"/>
        <line num="32" count="3" type="stmt"/>
        <line num="33" count="3" type="stmt"/>
        <line num="36" count="78" type="stmt"/>
        <line num="37" count="78" type="stmt"/>
        <line num="38" count="351" type="stmt"/>
        <line num="39" count="351" type="stmt"/>
        <line num="40" count="351" type="stmt"/>
        <line num="42" count="78" type="stmt"/>
        <line num="43" count="351" type="stmt"/>
        <line num="44" count="78" type="stmt"/>
        <line num="48" count="39" type="cond" truecount="1" falsecount="1"/>
        <line num="49" count="39" type="stmt"/>
        <line num="50" count="39" type="cond" truecount="1" falsecount="1"/>
        <line num="51" count="39" type="stmt"/>
        <line num="52" count="39" type="stmt"/>
        <line num="53" count="39" type="stmt"/>
        <line num="54" count="39" type="stmt"/>
        <line num="55" count="39" type="stmt"/>
        <line num="57" count="39" type="stmt"/>
        <line num="58" count="39" type="stmt"/>
        <line num="59" count="39" type="stmt"/>
        <line num="61" count="39" type="stmt"/>
        <line num="62" count="78" type="stmt"/>
        <line num="63" count="78" type="stmt"/>
        <line num="64" count="78" type="stmt"/>
        <line num="66" count="78" type="stmt"/>
        <line num="67" count="78" type="stmt"/>
        <line num="68" count="78" type="stmt"/>
        <line num="71" count="39" type="stmt"/>
        <line num="72" count="39" type="stmt"/>
        <line num="73" count="39" type="stmt"/>
        <line num="75" count="39" type="stmt"/>
        <line num="76" count="39" type="stmt"/>
        <line num="77" count="39" type="stmt"/>
        <line num="79" count="39" type="stmt"/>
        <line num="80" count="273" type="stmt"/>
        <line num="81" count="39" type="stmt"/>
        <line num="85" count="51" type="cond" truecount="2" falsecount="0"/>
        <line num="86" count="11" type="cond" truecount="1" falsecount="1"/>
        <line num="88" count="40" type="stmt"/>
        <line num="92" count="51" type="cond" truecount="3" falsecount="1"/>
        <line num="93" count="40" type="stmt"/>
        <line num="97" count="156" type="cond" truecount="2" falsecount="0"/>
        <line num="98" count="39" type="stmt"/>
        <line num="101" count="117" type="cond" truecount="2" falsecount="0"/>
        <line num="102" count="39" type="stmt"/>
        <line num="105" count="78" type="cond" truecount="2" falsecount="0"/>
        <line num="106" count="39" type="stmt"/>
        <line num="115" count="39" type="stmt"/>
        <line num="125" count="39" type="stmt"/>
        <line num="126" count="39" type="stmt"/>
        <line num="127" count="39" type="stmt"/>
        <line num="128" count="39" type="stmt"/>
        <line num="129" count="39" type="stmt"/>
        <line num="130" count="39" type="stmt"/>
        <line num="131" count="39" type="stmt"/>
        <line num="132" count="39" type="stmt"/>
        <line num="133" count="39" type="stmt"/>
        <line num="135" count="39" type="stmt"/>
        <line num="136" count="39" type="stmt"/>
        <line num="168" count="39" type="stmt"/>
        <line num="169" count="39" type="stmt"/>
        <line num="171" count="39" type="stmt"/>
        <line num="172" count="156" type="stmt"/>
        <line num="173" count="156" type="stmt"/>
        <line num="175" count="156" type="stmt"/>
        <line num="180" count="156" type="stmt"/>
        <line num="181" count="156" type="stmt"/>
        <line num="182" count="156" type="stmt"/>
        <line num="184" count="156" type="stmt"/>
        <line num="185" count="156" type="stmt"/>
        <line num="187" count="156" type="stmt"/>
        <line num="188" count="3744" type="stmt"/>
        <line num="189" count="3744" type="stmt"/>
        <line num="191" count="156" type="stmt"/>
        <line num="196" count="21" type="stmt"/>
        <line num="200" count="37" type="cond" truecount="2" falsecount="0"/>
        <line num="201" count="36" type="stmt"/>
        <line num="205" count="219" type="stmt"/>
        <line num="206" count="1055" type="stmt"/>
        <line num="207" count="1055" type="cond" truecount="1" falsecount="1"/>
        <line num="208" count="1055" type="cond" truecount="2" falsecount="0"/>
        <line num="210" count="179" type="stmt"/>
        <line num="214" count="40" type="stmt"/>
        <line num="215" count="40" type="stmt"/>
        <line num="216" count="290" type="stmt"/>
        <line num="217" count="290" type="cond" truecount="1" falsecount="1"/>
        <line num="218" count="290" type="cond" truecount="1" falsecount="1"/>
        <line num="220" count="40" type="stmt"/>
        <line num="224" count="2" type="stmt"/>
        <line num="225" count="2" type="cond" truecount="2" falsecount="0"/>
        <line num="226" count="15" type="stmt"/>
        <line num="227" count="15" type="stmt"/>
        <line num="232" count="51" type="stmt"/>
        <line num="233" count="51" type="cond" truecount="1" falsecount="1"/>
        <line num="234" count="51" type="stmt"/>
        <line num="238" count="1" type="stmt"/>
        <line num="239" count="1" type="stmt"/>
        <line num="240" count="1" type="stmt"/>
        <line num="241" count="1" type="stmt"/>
        <line num="245" count="363" type="stmt"/>
        <line num="246" count="363" type="cond" truecount="2" falsecount="0"/>
        <line num="247" count="363" type="stmt"/>
        <line num="248" count="363" type="stmt"/>
        <line num="249" count="363" type="stmt"/>
        <line num="250" count="363" type="stmt"/>
        <line num="251" count="363" type="stmt"/>
        <line num="255" count="51" type="stmt"/>
        <line num="256" count="51" type="cond" truecount="1" falsecount="1"/>
        <line num="258" count="51" type="stmt"/>
        <line num="259" count="51" type="stmt"/>
        <line num="261" count="51" type="cond" truecount="1" falsecount="1"/>
        <line num="262" count="0" type="stmt"/>
        <line num="263" count="0" type="stmt"/>
        <line num="264" count="0" type="stmt"/>
        <line num="265" count="0" type="stmt"/>
        <line num="266" count="0" type="stmt"/>
        <line num="267" count="0" type="stmt"/>
        <line num="268" count="0" type="stmt"/>
        <line num="269" count="0" type="cond" truecount="0" falsecount="2"/>
        <line num="270" count="0" type="stmt"/>
        <line num="272" count="51" type="stmt"/>
        <line num="285" count="51" type="stmt"/>
        <line num="287" count="51" type="cond" truecount="1" falsecount="1"/>
[...]
        <line num="245" count="42" type="stmt"/>
        <line num="246" count="42" type="stmt"/>
        <line num="250" count="116" type="stmt"/>
        <line num="251" count="348" type="cond" truecount="2" falsecount="0"/>
        <line num="252" count="229" type="stmt"/>
        <line num="253" count="229" type="stmt"/>
        <line num="254" count="229" type="stmt"/>
        <line num="257" count="119" type="stmt"/>
        <line num="258" count="119" type="stmt"/>
        <line num="259" count="119" type="stmt"/>
        <line num="260" count="119" type="stmt"/>
        <line num="261" count="119" type="stmt"/>
        <line num="262" count="119" type="stmt"/>
        <line num="264" count="119" type="cond" truecount="1" falsecount="1"/>
        <line num="265" count="0" type="stmt"/>
        <line num="271" count="96" type="cond" truecount="2" falsecount="0"/>
        <line num="275" count="0" type="stmt"/>
        <line num="279" count="0" type="stmt"/>
        <line num="283" count="1" type="cond" truecount="2" falsecount="2"/>
        <line num="284" count="1" type="stmt"/>
        <line num="293" count="0" type="stmt"/>
        <line num="303" count="53" type="cond" truecount="2" falsecount="0"/>
        <line num="304" count="2" type="stmt"/>
        <line num="305" count="2" type="cond" truecount="2" falsecount="0"/>
        <line num="308" count="53" type="cond" truecount="2" falsecount="0"/>
        <line num="310" count="53" type="cond" truecount="4" falsecount="0"/>
        <line num="311" count="3" type="stmt"/>
        <line num="312" count="50" type="cond" truecount="2" falsecount="0"/>
        <line num="313" count="49" type="stmt"/>
        <line num="316" count="53" type="cond" truecount="5" falsecount="0"/>
        <line num="317" count="3" type="stmt"/>
        <line num="318" count="3" type="stmt"/>
        <line num="323" count="116" type="cond" truecount="2" falsecount="0"/>
        <line num="324" count="1" type="stmt"/>
        <line num="325" count="1" type="stmt"/>
        <line num="326" count="1" type="stmt"/>
        <line num="327" count="1" type="stmt"/>
        <line num="328" count="1" type="stmt"/>
        <line num="330" count="115" type="stmt"/>
        <line num="333" count="116" type="cond" truecount="5" falsecount="0"/>
        <line num="334" count="5" type="stmt"/>
        <line num="335" count="5" type="stmt"/>
        <line num="336" count="5" type="stmt"/>
        <line num="339" count="116" type="cond" truecount="5" falsecount="0"/>
        <line num="340" count="53" type="stmt"/>
        <line num="341" count="53" type="stmt"/>
        <line num="342" count="53" type="stmt"/>
        <line num="343" count="53" type="stmt"/>
        <line num="345" count="63" type="stmt"/>
        <line num="346" count="63" type="stmt"/>
        <line num="347" count="63" type="stmt"/>
        <line num="348" count="63" type="cond" truecount="2" falsecount="0"/>
        <line num="349" count="63" type="stmt"/>
        <line num="351" count="63" type="cond" truecount="4" falsecount="0"/>
        <line num="352" count="2" type="stmt"/>
        <line num="355" count="63" type="stmt"/>
        <line num="357" count="63" type="cond" truecount="5" falsecount="1"/>
        <line num="358" count="0" type="stmt"/>
        <line num="359" count="0" type="cond" truecount="0" falsecount="2"/>
        <line num="362" count="63" type="cond" truecount="6" falsecount="0"/>
        <line num="363" count="2" type="stmt"/>
        <line num="364" count="2" type="stmt"/>
        <line num="365" count="2" type="stmt"/>
        <line num="366" count="2" type="stmt"/>
        <line num="370" count="116" type="cond" truecount="2" falsecount="0"/>
        <line num="371" count="3" type="stmt"/>
        <line num="372" count="3" type="cond" truecount="2" falsecount="0"/>
        <line num="373" count="1" type="stmt"/>
        <line num="374" count="1" type="stmt"/>
        <line num="379" count="116" type="cond" truecount="2" falsecount="0"/>
        <line num="383" count="116" type="cond" truecount="4" falsecount="0"/>
        <line num="384" count="116" type="cond" truecount="4" falsecount="0"/>
        <line num="385" count="116" type="cond" truecount="2" falsecount="0"/>
        <line num="387" count="116" type="cond" truecount="2" falsecount="0"/>
        <line num="388" count="116" type="stmt"/>
        <line num="389" count="116" type="stmt"/>
        <line num="391" count="116" type="cond" truecount="2" falsecount="0"/>
        <line num="392" count="116" type="cond" truecount="2" falsecount="0"/>
        <line num="393" count="116" type="stmt"/>
        <line num="394" count="116" type="stmt"/>
        <line num="395" count="116" type="stmt"/>
        <line num="396" count="116" type="stmt"/>
        <line num="397" count="116" type="stmt"/>
        <line num="398" count="116" type="stmt"/>
        <line num="404" count="116" type="cond" truecount="1" falsecount="1"/>
        <line num="405" count="116" type="stmt"/>
        <line num="406" count="116" type="stmt"/>
        <line num="407" count="116" type="stmt"/>
        <line num="408" count="116" type="stmt"/>
        <line num="409" count="116" type="stmt"/>
        <line num="411" count="116" type="cond" truecount="2" falsecount="0"/>
        <line num="412" count="2" type="stmt"/>
        <line num="413" count="2" type="stmt"/>
        <line num="417" count="114" type="cond" truecount="2" falsecount="0"/>
        <line num="418" count="58" type="stmt"/>
        <line num="419" count="58" type="stmt"/>
        <line num="420" count="58" type="stmt"/>
        <line num="421" count="58" type="stmt"/>
        <line num="422" count="58" type="stmt"/>
        <line num="424" count="56" type="stmt"/>
        <line num="425" count="56" type="stmt"/>
        <line num="426" count="56" type="stmt"/>
        <line num="427" count="56" type="stmt"/>
        <line num="428" count="56" type="stmt"/>
        <line num="431" count="116" type="stmt"/>
        <line num="432" count="116" type="stmt"/>
      </file>
      <file name="Track.js" path="C:\Users\ege19\OneDrive\Masaüstü\web-oyunu\src\Track.js">
        <metrics statements="220" coveredstatements="220" conditionals="18" coveredconditionals="17" methods="19" coveredmethods="19"/>
        <line num="4" count="7" type="stmt"/>
        <line num="5" count="7" type="stmt"/>
        <line num="6" count="7" type="stmt"/>
        <line num="7" count="7" type="stmt"/>
        <line num="8" count="7" type="stmt"/>
        <line num="9" count="7" type="stmt"/>
        <line num="10" count="7" type="stmt"/>
        <line num="11" count="7" type="stmt"/>
        <line num="12" count="7" type="stmt"/>
        <line num="13" count="7" type="stmt"/>
        <line num="14" count="7" type="stmt"/>
        <line num="15" count="7" type="stmt"/>
        <line num="18" count="29" type="stmt"/>
        <line num="19" count="29" type="stmt"/>
        <line num="20" count="29" type="stmt"/>
        <line num="21" count="29" type="stmt"/>
        <line num="23" count="29" type="stmt"/>
        <line num="24" count="29" type="stmt"/>
        <line num="25" count="29" type="stmt"/>
        <line num="26" count="29" type="stmt"/>
        <line num="27" count="29" type="stmt"/>
        <line num="28" count="29" type="stmt"/>
        <line num="29" count="29" type="stmt"/>
        <line num="31" count="29" type="stmt"/>
        <line num="32" count="29" type="stmt"/>
        <line num="33" count="29" type="stmt"/>
        <line num="34" count="29" type="stmt"/>
        <line num="35" count="29" type="stmt"/>
        <line num="36" count="29" type="stmt"/>
        <line num="38" count="29" type="stmt"/>
        <line num="39" count="29" type="stmt"/>
        <line num="40" count="29" type="stmt"/>
        <line num="41" count="203" type="stmt"/>
        <line num="42" count="203" type="stmt"/>
        <line num="43" count="203" type="stmt"/>
        <line num="44" count="203" type="stmt"/>
        <line num="47" count="29" type="stmt"/>
        <line num="48" count="29" type="stmt"/>
        <line num="49" count="29" type="stmt"/>
        <line num="50" count="29" type="stmt"/>
        <line num="51" count="29" type="stmt"/>
        <line num="53" count="29" type="stmt"/>
        <line num="54" count="29" type="stmt"/>
        <line num="55" count="29" type="stmt"/>
        <line num="56" count="29" type="stmt"/>
        <line num="57" count="29" type="stmt"/>
        <line num="61" count="29" type="stmt"/>
        <line num="62" count="29" type="stmt"/>
        <line num="63" count="29" type="stmt"/>
        <line num="64" count="29" type="stmt"/>
        <line num="66" count="29" type="stmt"/>
        <line num="67" count="29" type="stmt"/>
        <line num="68" count="29" type="stmt"/>
        <line num="69" count="29" type="stmt"/>
        <line num="70" count="29" type="stmt"/>
        <line num="71" count="29" type="stmt"/>
        <line num="73" count="29" type="stmt"/>
        <line num="74" count="29" type="stmt"/>
        <line num="75" count="29" type="stmt"/>
        <line num="76" count="29" type="stmt"/>
        <line num="77" count="29" type="stmt"/>
        <line num="78" count="29" type="stmt"/>
        <line num="80" count="29" type="stmt"/>
        <line num="81" count="87" type="stmt"/>
        <line num="82" count="87" type="stmt"/>
        <line num="83" count="87" type="stmt"/>
        <line num="84" count="87" type="stmt"/>
        <line num="85" count="87" type="stmt"/>
        <line num="86" count="87" type="stmt"/>
        <line num="89" count="29" type="stmt"/>
        <line num="90" count="29" type="stmt"/>
        <line num="91" count="87" type="stmt"/>
        <line num="92" count="87" type="stmt"/>
        <line num="93" count="87" type="stmt"/>
        <line num="94" count="87" type="stmt"/>
        <line num="95" count="87" type="stmt"/>
        <line num="96" count="87" type="stmt"/>
        <line num="99" count="29" type="stmt"/>
        <line num="100" count="29" type="stmt"/>
        <line num="101" count="29" type="stmt"/>
        <line num="102" count="58" type="stmt"/>
        <line num="103" count="58" type="stmt"/>
        <line num="104" count="58" type="stmt"/>
        <line num="105" count="58" type="stmt"/>
        <line num="106" count="58" type="stmt"/>
        <line num="108" count="29" type="stmt"/>
        <line num="110" count="29" type="stmt"/>
        <line num="111" count="29" type="stmt"/>
        <line num="112" count="29" type="stmt"/>
        <line num="113" count="29" type="stmt"/>
        <line num="114" count="29" type="stmt"/>
        <line num="115" count="29" type="stmt"/>
        <line num="116" count="29" type="stmt"/>
        <line num="118" count="29" type="stmt"/>
        <line num="119" count="29" type="stmt"/>
        <line num="120" count="29" type="stmt"/>
        <line num="121" count="29" type="stmt"/>
        <line num="122" count="29" type="stmt"/>
        <line num="126" count="4060" type="stmt"/>
        <line num="130" count="290" type="stmt"/>
        <line num="131" count="290" type="stmt"/>
        <line num="132" count="290" type="stmt"/>
        <line num="133" count="290" type="stmt"/>
        <line num="134" count="290" type="stmt"/>
        <line num="136" count="290" type="stmt"/>
        <line num="137" count="6960" type="cond" truecount="2" falsecount="0"/>
        <line num="138" count="1160" type="stmt"/>
        <line num="142" count="290" type="stmt"/>
        <line num="146" count="24360" type="stmt"/>
        <line num="147" count="24360" type="stmt"/>
        <line num="148" count="24360" type="stmt"/>
        <line num="152" count="8120" type="stmt"/>
        <line num="156" count="8120" type="stmt"/>
        <line num="157" count="16240" type="stmt"/>
        <line num="158" count="8120" type="stmt"/>
        <line num="162" count="4060" type="stmt"/>
        <line num="166" count="4060" type="stmt"/>
        <line num="167" count="8120" type="stmt"/>
        <line num="168" count="4060" type="stmt"/>
        <line num="173" count="29" type="stmt"/>
        <line num="174" count="29" type="stmt"/>
        <line num="175" count="29" type="stmt"/>
        <line num="176" count="29" type="stmt"/>
        <line num="178" count="29" type="stmt"/>
        <line num="179" count="29" type="stmt"/>
        <line num="181" count="29" type="stmt"/>
        <line num="183" count="29" type="stmt"/>
        <line num="190" count="29" type="stmt"/>
        <line num="200" count="29" type="stmt"/>
        <line num="209" count="29" type="stmt"/>
        <line num="219" count="29" type="stmt"/>
        <line num="227" count="29" type="stmt"/>
        <line num="235" count="29" type="stmt"/>
        <line num="236" count="290" type="stmt"/>
        <line num="238" count="29" type="stmt"/>
        <line num="239" count="29" type="stmt"/>
        <line num="240" count="29" type="stmt"/>
        <line num="241" count="29" type="stmt"/>
        <line num="243" count="29" type="stmt"/>
        <line num="244" count="29" type="stmt"/>
        <line num="246" count="29" type="stmt"/>
        <line num="247" count="406" type="stmt"/>
        <line num="252" count="406" type="stmt"/>
        <line num="253" count="406" type="stmt"/>
        <line num="255" count="406" type="stmt"/>
        <line num="257" count="406" type="stmt"/>
        <line num="258" count="4060" type="stmt"/>
        <line num="259" count="4060" type="stmt"/>
        <line num="261" count="4060" type="stmt"/>
        <line num="262" count="4060" type="stmt"/>
        <line num="263" count="4060" type="stmt"/>
        <line num="264" count="4060" type="stmt"/>
        <line num="265" count="4060" type="stmt"/>
        <line num="267" count="4060" type="stmt"/>
        <line num="268" count="4060" type="stmt"/>
        <line num="269" count="4060" type="stmt"/>
        <line num="270" count="4060" type="stmt"/>
        <line num="272" count="4060" type="stmt"/>
        <line num="273" count="4060" type="stmt"/>
        <line num="274" count="4060" type="stmt"/>
        <line num="275" count="4060" type="stmt"/>
        <line num="277" count="4060" type="stmt"/>
        <line num="281" count="4060" type="stmt"/>
        <line num="282" count="4060" type="stmt"/>
        <line num="284" count="4060" type="stmt"/>
        <line num="288" count="4060" type="stmt"/>
        <line num="289" count="4060" type="stmt"/>
        <line num="291" count="4060" type="stmt"/>
        <line num="292" count="4060" type="stmt"/>
        <line num="293" count="4060" type="stmt"/>
        <line num="295" count="4060" type="stmt"/>
        <line num="298" count="406" type="stmt"/>
        <line num="299" count="406" type="stmt"/>
        <line num="303" count="10" type="stmt"/>
        <line num="304" count="10" type="stmt"/>
        <line num="305" count="140" type="cond" truecount="2" falsecount="0"/>
        <line num="307" count="10" type="stmt"/>
        <line num="312" count="5" type="stmt"/>
        <line num="313" count="5" type="stmt"/>
        <line num="318" count="5" type="stmt"/>
        <line num="319" count="5" type="stmt"/>
        <line num="323" count="7420" type="stmt"/>
        <line num="324" count="7420" type="stmt"/>
        <line num="332" count="54" type="cond" truecount="2" falsecount="0"/>
        <line num="334" count="53" type="stmt"/>
        <line num="335" count="742" type="stmt"/>
        <line num="336" count="7420" type="stmt"/>
        <line num="337" count="7420" type="stmt"/>
        <line num="338" count="7420" type="stmt"/>
        <line num="339" count="44520" type="stmt"/>
        <line num="346" count="2" type="stmt"/>
        <line num="347" count="2" type="stmt"/>
        <line num="348" count="28" type="cond" truecount="2" falsecount="0"/>
        <line num="349" count="26" type="cond" truecount="1" falsecount="1"/>
        <line num="351" count="2" type="stmt"/>
        <line num="355" count="48" type="stmt"/>
        <line num="356" count="48" type="stmt"/>
        <line num="357" count="48" type="stmt"/>
        <line num="358" count="48" type="stmt"/>
        <line num="359" count="48" type="stmt"/>
        <line num="360" count="48" type="stmt"/>
        <line num="361" count="48" type="stmt"/>
        <line num="363" count="48" type="stmt"/>
        <line num="365" count="48" type="stmt"/>
        <line num="366" count="672" type="stmt"/>
        <line num="367" count="672" type="stmt"/>
        <line num="370" count="48" type="stmt"/>
        <line num="371" count="672" type="stmt"/>
        <line num="372" count="672" type="cond" truecount="2" falsecount="0"/>
        <line num="373" count="1" type="stmt"/>
        <line num="374" count="1" type="stmt"/>
        <line num="375" count="1" type="stmt"/>
        <line num="381" count="3" type="stmt"/>
        <line num="382" count="3" type="stmt"/>
        <line num="383" count="3" type="stmt"/>
        <line num="384" count="42" type="stmt"/>
        <line num="385" count="42" type="stmt"/>
        <line num="386" count="42" type="stmt"/>
        <line num="387" count="420" type="stmt"/>
        <line num="388" count="2520" type="stmt"/>
      </file>
      <file name="scene.js" path="C:\Users\ege19\OneDrive\Masaüstü\web-oyunu\src\scene.js">
        <metrics statements="48" coveredstatements="35" conditionals="6" coveredconditionals="3" methods="6" coveredmethods="5"/>
        <line num="16" count="6" type="stmt"/>
        <line num="17" count="6" type="stmt"/>
        <line num="20" count="20" type="cond" truecount="1" falsecount="1"/>
        <line num="21" count="0" type="stmt"/>
        <line num="26" count="20" type="stmt"/>
        <line num="30" count="0" type="stmt"/>
        <line num="34" count="0" type="stmt"/>
        <line num="35" count="0" type="stmt"/>
        <line num="36" count="0" type="stmt"/>
        <line num="37" count="0" type="stmt"/>
        <line num="38" count="0" type="stmt"/>
        <line num="39" count="0" type="stmt"/>
        <line num="40" count="0" type="stmt"/>
        <line num="41" count="0" type="stmt"/>
        <line num="42" count="0" type="stmt"/>
        <line num="46" count="20" type="stmt"/>
        <line num="47" count="20" type="stmt"/>
        <line num="48" count="20" type="stmt"/>
        <line num="52" count="20" type="stmt"/>
        <line num="53" count="20" type="stmt"/>
        <line num="54" count="20" type="stmt"/>
        <line num="55" count="20" type="stmt"/>
        <line num="56" count="20" type="stmt"/>
        <line num="60" count="49" type="cond" truecount="1" falsecount="1"/>
        <line num="61" count="0" type="stmt"/>
        <line num="63" count="49" type="cond" truecount="1" falsecount="1"/>
        <line num="64" count="0" type="stmt"/>
        <line num="66" count="49" type="stmt"/>
        <line num="70" count="20" type="stmt"/>
        <line num="71" count="20" type="stmt"/>
        <line num="73" count="20" type="stmt"/>
        <line num="74" count="20" type="stmt"/>
        <line num="75" count="20" type="stmt"/>
        <line num="76" count="20" type="stmt"/>
        <line num="77" count="20" type="stmt"/>
        <line num="78" count="20" type="stmt"/>
        <line num="79" count="20" type="stmt"/>
        <line num="80" count="20" type="stmt"/>
        <line num="81" count="20" type="stmt"/>
        <line num="82" count="20" type="stmt"/>
        <line num="83" count="20" type="stmt"/>
        <line num="84" count="20" type="stmt"/>
        <line num="85" count="20" type="stmt"/>
        <line num="87" count="20" type="stmt"/>
        <line num="99" count="20" type="stmt"/>
        <line num="100" count="20" type="stmt"/>
        <line num="101" count="20" type="stmt"/>
        <line num="103" count="20" type="stmt"/>
      </file>
    </package>
  </project>
</coverage>
