{"C:\\Users\\ege19\\OneDrive\\Masaüstü\\web-oyunu\\server\\db.js": {"path":"C:\\Users\\ege19\\OneDrive\\Masaüstü\\web-oyunu\\server\\db.js","statementMap":{"0":{"start":{"line":5,"column":17},"end":{"line":5,"column":19}},"1":{"start":{"line":7,"column":11},"end":{"line":7,"column":15}},"2":{"start":{"line":10,"column":2},"end":{"line":20,"column":3}},"3":{"start":{"line":11,"column":4},"end":{"line":16,"column":7}},"4":{"start":{"line":17,"column":4},"end":{"line":19,"column":7}},"5":{"start":{"line":18,"column":5},"end":{"line":18,"column":42}},"6":{"start":{"line":21,"column":2},"end":{"line":21,"column":14}},"7":{"start":{"line":25,"column":2},"end":{"line":25,"column":43}},"8":{"start":{"line":29,"column":2},"end":{"line":29,"column":45}},"9":{"start":{"line":29,"column":33},"end":{"line":29,"column":45}},"10":{"start":{"line":30,"column":2},"end":{"line":35,"column":3}},"11":{"start":{"line":31,"column":21},"end":{"line":31,"column":63}},"12":{"start":{"line":32,"column":4},"end":{"line":32,"column":47}},"13":{"start":{"line":34,"column":4},"end":{"line":34,"column":16}},"14":{"start":{"line":39,"column":13},"end":{"line":39,"column":22}},"15":{"start":{"line":40,"column":2},"end":{"line":40,"column":18}},"16":{"start":{"line":40,"column":11},"end":{"line":40,"column":18}},"17":{"start":{"line":42,"column":2},"end":{"line":49,"column":5}},"18":{"start":{"line":53,"column":13},"end":{"line":53,"column":22}},"19":{"start":{"line":54,"column":2},"end":{"line":54,"column":51}},"20":{"start":{"line":54,"column":11},"end":{"line":54,"column":51}},"21":{"start":{"line":55,"column":2},"end":{"line":55,"column":29}},"22":{"start":{"line":56,"column":2},"end":{"line":56,"column":23}},"23":{"start":{"line":60,"column":13},"end":{"line":60,"column":22}},"24":{"start":{"line":61,"column":2},"end":{"line":61,"column":23}},"25":{"start":{"line":61,"column":11},"end":{"line":61,"column":23}},"26":{"start":{"line":63,"column":2},"end":{"line":63,"column":23}},"27":{"start":{"line":65,"column":19},"end":{"line":71,"column":3}},"28":{"start":{"line":73,"column":2},"end":{"line":77,"column":6}},"29":{"start":{"line":73,"column":35},"end":{"line":77,"column":3}},"30":{"start":{"line":81,"column":20},"end":{"line":81,"column":45}},"31":{"start":{"line":82,"column":23},"end":{"line":82,"column":50}},"32":{"start":{"line":83,"column":1},"end":{"line":83,"column":101}},"33":{"start":{"line":84,"column":2},"end":{"line":87,"column":3}},"34":{"start":{"line":85,"column":19},"end":{"line":85,"column":68}},"35":{"start":{"line":86,"column":4},"end":{"line":86,"column":72}},"36":{"start":{"line":89,"column":13},"end":{"line":89,"column":22}},"37":{"start":{"line":90,"column":2},"end":{"line":92,"column":3}},"38":{"start":{"line":91,"column":4},"end":{"line":91,"column":69}},"39":{"start":{"line":94,"column":2},"end":{"line":94,"column":23}},"40":{"start":{"line":96,"column":2},"end":{"line":99,"column":4}},"41":{"start":{"line":101,"column":2},"end":{"line":101,"column":72}},"42":{"start":{"line":105,"column":2},"end":{"line":108,"column":3}},"43":{"start":{"line":106,"column":4},"end":{"line":106,"column":21}},"44":{"start":{"line":107,"column":4},"end":{"line":107,"column":16}}},"fnMap":{"0":{"name":"getPool","decl":{"start":{"line":9,"column":16},"end":{"line":9,"column":23}},"loc":{"start":{"line":9,"column":26},"end":{"line":22,"column":1}},"line":9},"1":{"name":"(anonymous_1)","decl":{"start":{"line":17,"column":21},"end":{"line":17,"column":22}},"loc":{"start":{"line":17,"column":30},"end":{"line":19,"column":5}},"line":17},"2":{"name":"isDbConfigured","decl":{"start":{"line":24,"column":16},"end":{"line":24,"column":30}},"loc":{"start":{"line":24,"column":33},"end":{"line":26,"column":1}},"line":24},"3":{"name":"getDatabaseName","decl":{"start":{"line":28,"column":16},"end":{"line":28,"column":31}},"loc":{"start":{"line":28,"column":34},"end":{"line":36,"column":1}},"line":28},"4":{"name":"ensureSchema","decl":{"start":{"line":38,"column":22},"end":{"line":38,"column":34}},"loc":{"start":{"line":38,"column":37},"end":{"line":50,"column":1}},"line":38},"5":{"name":"pingDatabase","decl":{"start":{"line":52,"column":22},"end":{"line":52,"column":34}},"loc":{"start":{"line":52,"column":37},"end":{"line":57,"column":1}},"line":52},"6":{"name":"fetchTopScores","decl":{"start":{"line":59,"column":22},"end":{"line":59,"column":36}},"loc":{"start":{"line":59,"column":49},"end":{"line":78,"column":1}},"line":59},"7":{"name":"(anonymous_7)","decl":{"start":{"line":73,"column":18},"end":{"line":73,"column":19}},"loc":{"start":{"line":73,"column":35},"end":{"line":77,"column":3}},"line":73},"8":{"name":"insertScore","decl":{"start":{"line":80,"column":22},"end":{"line":80,"column":33}},"loc":{"start":{"line":80,"column":50},"end":{"line":102,"column":1}},"line":80},"9":{"name":"closePool","decl":{"start":{"line":104,"column":22},"end":{"line":104,"column":31}},"loc":{"start":{"line":104,"column":34},"end":{"line":109,"column":1}},"line":104}},"branchMap":{"0":{"loc":{"start":{"line":10,"column":2},"end":{"line":20,"column":3}},"type":"if","locations":[{"start":{"line":10,"column":2},"end":{"line":20,"column":3}},{"start":{},"end":{}}],"line":10},"1":{"loc":{"start":{"line":10,"column":6},"end":{"line":10,"column":39}},"type":"binary-expr","locations":[{"start":{"line":10,"column":6},"end":{"line":10,"column":11}},{"start":{"line":10,"column":15},"end":{"line":10,"column":39}}],"line":10},"2":{"loc":{"start":{"line":29,"column":2},"end":{"line":29,"column":45}},"type":"if","locations":[{"start":{"line":29,"column":2},"end":{"line":29,"column":45}},{"start":{},"end":{}}],"line":29},"3":{"loc":{"start":{"line":32,"column":11},"end":{"line":32,"column":46}},"type":"binary-expr","locations":[{"start":{"line":32,"column":11},"end":{"line":32,"column":38}},{"start":{"line":32,"column":42},"end":{"line":32,"column":46}}],"line":32},"4":{"loc":{"start":{"line":40,"column":2},"end":{"line":40,"column":18}},"type":"if","locations":[{"start":{"line":40,"column":2},"end":{"line":40,"column":18}},{"start":{},"end":{}}],"line":40},"5":{"loc":{"start":{"line":54,"column":2},"end":{"line":54,"column":51}},"type":"if","locations":[{"start":{"line":54,"column":2},"end":{"line":54,"column":51}},{"start":{},"end":{}}],"line":54},"6":{"loc":{"start":{"line":59,"column":37},"end":{"line":59,"column":47}},"type":"default-arg","locations":[{"start":{"line":59,"column":45},"end":{"line":59,"column":47}}],"line":59},"7":{"loc":{"start":{"line":61,"column":2},"end":{"line":61,"column":23}},"type":"if","locations":[{"start":{"line":61,"column":2},"end":{"line":61,"column":23}},{"start":{},"end":{}}],"line":61},"8":{"loc":{"start":{"line":84,"column":2},"end":{"line":87,"column":3}},"type":"if","locations":[{"start":{"line":84,"column":2},"end":{"line":87,"column":3}},{"start":{},"end":{}}],"line":84},"9":{"loc":{"start":{"line":84,"column":6},"end":{"line":84,"column":43}},"type":"binary-expr","locations":[{"start":{"line":84,"column":6},"end":{"line":84,"column":17}},{"start":{"line":84,"column":21},"end":{"line":84,"column":43}}],"line":84},"10":{"loc":{"start":{"line":85,"column":19},"end":{"line":85,"column":68}},"type":"cond-expr","locations":[{"start":{"line":85,"column":33},"end":{"line":85,"column":47}},{"start":{"line":85,"column":50},"end":{"line":85,"column":68}}],"line":85},"11":{"loc":{"start":{"line":90,"column":2},"end":{"line":92,"column":3}},"type":"if","locations":[{"start":{"line":90,"column":2},"end":{"line":92,"column":3}},{"start":{},"end":{}}],"line":90},"12":{"loc":{"start":{"line":105,"column":2},"end":{"line":108,"column":3}},"type":"if","locations":[{"start":{"line":105,"column":2},"end":{"line":108,"column":3}},{"start":{},"end":{}}],"line":105}},"s":{"0":1,"1":1,"2":2,"3":0,"4":0,"5":0,"6":2,"7":1,"8":2,"9":1,"10":1,"11":1,"12":1,"13":0,"14":0,"15":0,"16":0,"17":0,"18":0,"19":0,"20":0,"21":0,"22":0,"23":1,"24":1,"25":1,"26":0,"27":0,"28":0,"29":0,"30":3,"31":3,"32":3,"33":3,"34":2,"35":2,"36":1,"37":1,"38":1,"39":0,"40":0,"41":0,"42":12,"43":0,"44":0},"f":{"0":2,"1":0,"2":1,"3":2,"4":0,"5":0,"6":1,"7":0,"8":3,"9":12},"b":{"0":[0,2],"1":[2,2],"2":[1,1],"3":[1,0],"4":[0,0],"5":[0,0],"6":[1],"7":[1,0],"8":[2,1],"9":[3,2],"10":[1,1],"11":[1,0],"12":[0,12]},"meta":{"lastBranch":13,"lastFunction":10,"lastStatement":45,"seen":{"s:5:17:5:19":0,"s:7:11:7:15":1,"f:9:16:9:23":0,"b:10:2:20:3:undefined:undefined:undefined:undefined":0,"s:10:2:20:3":2,"b:10:6:10:11:10:15:10:39":1,"s:11:4:16:7":3,"s:17:4:19:7":4,"f:17:21:17:22":1,"s:18:5:18:42":5,"s:21:2:21:14":6,"f:24:16:24:30":2,"s:25:2:25:43":7,"f:28:16:28:31":3,"b:29:2:29:45:undefined:undefined:undefined:undefined":2,"s:29:2:29:45":8,"s:29:33:29:45":9,"s:30:2:35:3":10,"s:31:21:31:63":11,"s:32:4:32:47":12,"b:32:11:32:38:32:42:32:46":3,"s:34:4:34:16":13,"f:38:22:38:34":4,"s:39:13:39:22":14,"b:40:2:40:18:undefined:undefined:undefined:undefined":4,"s:40:2:40:18":15,"s:40:11:40:18":16,"s:42:2:49:5":17,"f:52:22:52:34":5,"s:53:13:53:22":18,"b:54:2:54:51:undefined:undefined:undefined:undefined":5,"s:54:2:54:51":19,"s:54:11:54:51":20,"s:55:2:55:29":21,"s:56:2:56:23":22,"f:59:22:59:36":6,"b:59:45:59:47":6,"s:60:13:60:22":23,"b:61:2:61:23:undefined:undefined:undefined:undefined":7,"s:61:2:61:23":24,"s:61:11:61:23":25,"s:63:2:63:23":26,"s:65:19:71:3":27,"s:73:2:77:6":28,"f:73:18:73:19":7,"s:73:35:77:3":29,"f:80:22:80:33":8,"s:81:20:81:45":30,"s:82:23:82:50":31,"s:83:1:83:101":32,"b:84:2:87:3:undefined:undefined:undefined:undefined":8,"s:84:2:87:3":33,"b:84:6:84:17:84:21:84:43":9,"s:85:19:85:68":34,"b:85:33:85:47:85:50:85:68":10,"s:86:4:86:72":35,"s:89:13:89:22":36,"b:90:2:92:3:undefined:undefined:undefined:undefined":11,"s:90:2:92:3":37,"s:91:4:91:69":38,"s:94:2:94:23":39,"s:96:2:99:4":40,"s:101:2:101:72":41,"f:104:22:104:31":9,"b:105:2:108:3:undefined:undefined:undefined:undefined":12,"s:105:2:108:3":42,"s:106:4:106:21":43,"s:107:4:107:16":44},"fnNames":{}}}
,"C:\\Users\\ege19\\OneDrive\\Masaüstü\\web-oyunu\\server\\validate.js": {"path":"C:\\Users\\ege19\\OneDrive\\Masaüstü\\web-oyunu\\server\\validate.js","statementMap":{"0":{"start":{"line":2,"column":18},"end":{"line":2,"column":43}},"1":{"start":{"line":3,"column":2},"end":{"line":3,"column":61}},"2":{"start":{"line":3,"column":49},"end":{"line":3,"column":61}},"3":{"start":{"line":4,"column":2},"end":{"line":4,"column":58}},"4":{"start":{"line":4,"column":46},"end":{"line":4,"column":58}},"5":{"start":{"line":5,"column":2},"end":{"line":5,"column":17}},"6":{"start":{"line":9,"column":16},"end":{"line":9,"column":44}},"7":{"start":{"line":10,"column":2},"end":{"line":10,"column":75}},"8":{"start":{"line":10,"column":63},"end":{"line":10,"column":75}},"9":{"start":{"line":11,"column":2},"end":{"line":11,"column":15}}},"fnMap":{"0":{"name":"sanitizePlayerName","decl":{"start":{"line":1,"column":16},"end":{"line":1,"column":34}},"loc":{"start":{"line":1,"column":41},"end":{"line":6,"column":1}},"line":1},"1":{"name":"validateDistance","decl":{"start":{"line":8,"column":16},"end":{"line":8,"column":32}},"loc":{"start":{"line":8,"column":43},"end":{"line":12,"column":1}},"line":8}},"branchMap":{"0":{"loc":{"start":{"line":2,"column":25},"end":{"line":2,"column":35}},"type":"binary-expr","locations":[{"start":{"line":2,"column":25},"end":{"line":2,"column":29}},{"start":{"line":2,"column":33},"end":{"line":2,"column":35}}],"line":2},"1":{"loc":{"start":{"line":3,"column":2},"end":{"line":3,"column":61}},"type":"if","locations":[{"start":{"line":3,"column":2},"end":{"line":3,"column":61}},{"start":{},"end":{}}],"line":3},"2":{"loc":{"start":{"line":3,"column":6},"end":{"line":3,"column":47}},"type":"binary-expr","locations":[{"start":{"line":3,"column":6},"end":{"line":3,"column":24}},{"start":{"line":3,"column":28},"end":{"line":3,"column":47}}],"line":3},"3":{"loc":{"start":{"line":4,"column":2},"end":{"line":4,"column":58}},"type":"if","locations":[{"start":{"line":4,"column":2},"end":{"line":4,"column":58}},{"start":{},"end":{}}],"line":4},"4":{"loc":{"start":{"line":10,"column":2},"end":{"line":10,"column":75}},"type":"if","locations":[{"start":{"line":10,"column":2},"end":{"line":10,"column":75}},{"start":{},"end":{}}],"line":10},"5":{"loc":{"start":{"line":10,"column":6},"end":{"line":10,"column":61}},"type":"binary-expr","locations":[{"start":{"line":10,"column":6},"end":{"line":10,"column":29}},{"start":{"line":10,"column":33},"end":{"line":10,"column":42}},{"start":{"line":10,"column":46},"end":{"line":10,"column":61}}],"line":10}},"s":{"0":10,"1":10,"2":3,"3":7,"4":2,"5":5,"6":9,"7":9,"8":5,"9":4},"f":{"0":10,"1":9},"b":{"0":[10,0],"1":[3,7],"2":[10,8],"3":[2,5],"4":[5,4],"5":[9,8,5]},"meta":{"lastBranch":6,"lastFunction":2,"lastStatement":10,"seen":{"f:1:16:1:34":0,"s:2:18:2:43":0,"b:2:25:2:29:2:33:2:35":0,"b:3:2:3:61:undefined:undefined:undefined:undefined":1,"s:3:2:3:61":1,"b:3:6:3:24:3:28:3:47":2,"s:3:49:3:61":2,"b:4:2:4:58:undefined:undefined:undefined:undefined":3,"s:4:2:4:58":3,"s:4:46:4:58":4,"s:5:2:5:17":5,"f:8:16:8:32":1,"s:9:16:9:44":6,"b:10:2:10:75:undefined:undefined:undefined:undefined":4,"s:10:2:10:75":7,"b:10:6:10:29:10:33:10:42:10:46:10:61":5,"s:10:63:10:75":8,"s:11:2:11:15":9},"fnNames":{}}}
,"C:\\Users\\ege19\\OneDrive\\Masaüstü\\web-oyunu\\src\\BoosterEffects.js": {"path":"C:\\Users\\ege19\\OneDrive\\Masaüstü\\web-oyunu\\src\\BoosterEffects.js","statementMap":{"0":{"start":{"line":1,"column":30},"end":{"line":1,"column":31}},"1":{"start":{"line":2,"column":29},"end":{"line":2,"column":30}},"2":{"start":{"line":3,"column":30},"end":{"line":3,"column":31}},"3":{"start":{"line":4,"column":32},"end":{"line":4,"column":35}},"4":{"start":{"line":5,"column":29},"end":{"line":5,"column":33}},"5":{"start":{"line":9,"column":4},"end":{"line":9,"column":24}},"6":{"start":{"line":10,"column":4},"end":{"line":10,"column":23}},"7":{"start":{"line":11,"column":4},"end":{"line":11,"column":24}},"8":{"start":{"line":15,"column":4},"end":{"line":15,"column":24}},"9":{"start":{"line":16,"column":4},"end":{"line":16,"column":23}},"10":{"start":{"line":17,"column":4},"end":{"line":17,"column":24}},"11":{"start":{"line":21,"column":4},"end":{"line":21,"column":31}},"12":{"start":{"line":25,"column":4},"end":{"line":25,"column":30}},"13":{"start":{"line":29,"column":4},"end":{"line":29,"column":31}},"14":{"start":{"line":33,"column":4},"end":{"line":33,"column":54}},"15":{"start":{"line":37,"column":4},"end":{"line":49,"column":5}},"16":{"start":{"line":39,"column":8},"end":{"line":39,"column":41}},"17":{"start":{"line":40,"column":8},"end":{"line":40,"column":14}},"18":{"start":{"line":42,"column":8},"end":{"line":42,"column":39}},"19":{"start":{"line":43,"column":8},"end":{"line":43,"column":14}},"20":{"start":{"line":45,"column":8},"end":{"line":45,"column":41}},"21":{"start":{"line":46,"column":8},"end":{"line":46,"column":14}},"22":{"start":{"line":48,"column":8},"end":{"line":48,"column":14}},"23":{"start":{"line":53,"column":4},"end":{"line":53,"column":81}},"24":{"start":{"line":53,"column":29},"end":{"line":53,"column":81}},"25":{"start":{"line":54,"column":4},"end":{"line":54,"column":78}},"26":{"start":{"line":54,"column":28},"end":{"line":54,"column":78}},"27":{"start":{"line":55,"column":4},"end":{"line":55,"column":81}},"28":{"start":{"line":55,"column":29},"end":{"line":55,"column":81}},"29":{"start":{"line":59,"column":4},"end":{"line":63,"column":6}}},"fnMap":{"0":{"name":"constructor","decl":{"start":{"line":8,"column":2},"end":{"line":8,"column":13}},"loc":{"start":{"line":8,"column":16},"end":{"line":12,"column":3}},"line":8},"1":{"name":"reset","decl":{"start":{"line":14,"column":2},"end":{"line":14,"column":7}},"loc":{"start":{"line":14,"column":10},"end":{"line":18,"column":3}},"line":14},"2":{"name":"isGhostActive","decl":{"start":{"line":20,"column":2},"end":{"line":20,"column":15}},"loc":{"start":{"line":20,"column":18},"end":{"line":22,"column":3}},"line":20},"3":{"name":"isSuperJumpActive","decl":{"start":{"line":24,"column":2},"end":{"line":24,"column":19}},"loc":{"start":{"line":24,"column":22},"end":{"line":26,"column":3}},"line":24},"4":{"name":"isSpeedActive","decl":{"start":{"line":28,"column":2},"end":{"line":28,"column":15}},"loc":{"start":{"line":28,"column":18},"end":{"line":30,"column":3}},"line":28},"5":{"name":"getSpeedMultiplier","decl":{"start":{"line":32,"column":2},"end":{"line":32,"column":20}},"loc":{"start":{"line":32,"column":23},"end":{"line":34,"column":3}},"line":32},"6":{"name":"activate","decl":{"start":{"line":36,"column":2},"end":{"line":36,"column":10}},"loc":{"start":{"line":36,"column":17},"end":{"line":50,"column":3}},"line":36},"7":{"name":"update","decl":{"start":{"line":52,"column":2},"end":{"line":52,"column":8}},"loc":{"start":{"line":52,"column":13},"end":{"line":56,"column":3}},"line":52},"8":{"name":"getHudState","decl":{"start":{"line":58,"column":2},"end":{"line":58,"column":13}},"loc":{"start":{"line":58,"column":16},"end":{"line":64,"column":3}},"line":58}},"branchMap":{"0":{"loc":{"start":{"line":33,"column":11},"end":{"line":33,"column":53}},"type":"cond-expr","locations":[{"start":{"line":33,"column":33},"end":{"line":33,"column":49}},{"start":{"line":33,"column":52},"end":{"line":33,"column":53}}],"line":33},"1":{"loc":{"start":{"line":37,"column":4},"end":{"line":49,"column":5}},"type":"switch","locations":[{"start":{"line":38,"column":6},"end":{"line":40,"column":14}},{"start":{"line":41,"column":6},"end":{"line":43,"column":14}},{"start":{"line":44,"column":6},"end":{"line":46,"column":14}},{"start":{"line":47,"column":6},"end":{"line":48,"column":14}}],"line":37},"2":{"loc":{"start":{"line":53,"column":4},"end":{"line":53,"column":81}},"type":"if","locations":[{"start":{"line":53,"column":4},"end":{"line":53,"column":81}},{"start":{},"end":{}}],"line":53},"3":{"loc":{"start":{"line":54,"column":4},"end":{"line":54,"column":78}},"type":"if","locations":[{"start":{"line":54,"column":4},"end":{"line":54,"column":78}},{"start":{},"end":{}}],"line":54},"4":{"loc":{"start":{"line":55,"column":4},"end":{"line":55,"column":81}},"type":"if","locations":[{"start":{"line":55,"column":4},"end":{"line":55,"column":81}},{"start":{},"end":{}}],"line":55}},"s":{"0":3,"1":3,"2":3,"3":3,"4":3,"5":54,"6":54,"7":54,"8":4,"9":4,"10":4,"11":104,"12":60,"13":51,"14":51,"15":40,"16":13,"17":13,"18":15,"19":15,"20":11,"21":11,"22":1,"23":61,"24":6,"25":61,"26":7,"27":61,"28":44,"29":52},"f":{"0":54,"1":4,"2":104,"3":60,"4":51,"5":51,"6":40,"7":61,"8":52},"b":{"0":[41,10],"1":[13,15,11,1],"2":[6,55],"3":[7,54],"4":[44,17]},"meta":{"lastBranch":5,"lastFunction":9,"lastStatement":30,"seen":{"s:1:30:1:31":0,"s:2:29:2:30":1,"s:3:30:3:31":2,"s:4:32:4:35":3,"s:5:29:5:33":4,"f:8:2:8:13":0,"s:9:4:9:24":5,"s:10:4:10:23":6,"s:11:4:11:24":7,"f:14:2:14:7":1,"s:15:4:15:24":8,"s:16:4:16:23":9,"s:17:4:17:24":10,"f:20:2:20:15":2,"s:21:4:21:31":11,"f:24:2:24:19":3,"s:25:4:25:30":12,"f:28:2:28:15":4,"s:29:4:29:31":13,"f:32:2:32:20":5,"s:33:4:33:54":14,"b:33:33:33:49:33:52:33:53":0,"f:36:2:36:10":6,"b:38:6:40:14:41:6:43:14:44:6:46:14:47:6:48:14":1,"s:37:4:49:5":15,"s:39:8:39:41":16,"s:40:8:40:14":17,"s:42:8:42:39":18,"s:43:8:43:14":19,"s:45:8:45:41":20,"s:46:8:46:14":21,"s:48:8:48:14":22,"f:52:2:52:8":7,"b:53:4:53:81:undefined:undefined:undefined:undefined":2,"s:53:4:53:81":23,"s:53:29:53:81":24,"b:54:4:54:78:undefined:undefined:undefined:undefined":3,"s:54:4:54:78":25,"s:54:28:54:78":26,"b:55:4:55:81:undefined:undefined:undefined:undefined":4,"s:55:4:55:81":27,"s:55:29:55:81":28,"f:58:2:58:13":8,"s:59:4:63:6":29},"fnNames":{}}}
,"C:\\Users\\ege19\\OneDrive\\Masaüstü\\web-oyunu\\src\\BoosterManager.js": {"path":"C:\\Users\\ege19\\OneDrive\\Masaüstü\\web-oyunu\\src\\BoosterManager.js","statementMap":{"0":{"start":{"line":6,"column":29},"end":{"line":6,"column":55}},"1":{"start":{"line":8,"column":21},"end":{"line":8,"column":23}},"2":{"start":{"line":9,"column":19},"end":{"line":9,"column":22}},"3":{"start":{"line":10,"column":17},"end":{"line":10,"column":31}},"4":{"start":{"line":11,"column":26},"end":{"line":11,"column":30}},"5":{"start":{"line":12,"column":23},"end":{"line":12,"column":27}},"6":{"start":{"line":13,"column":20},"end":{"line":13,"column":24}},"7":{"start":{"line":14,"column":27},"end":{"line":14,"column":31}},"8":{"start":{"line":15,"column":28},"end":{"line":15,"column":32}},"9":{"start":{"line":16,"column":29},"end":{"line":16,"column":32}},"10":{"start":{"line":17,"column":18},"end":{"line":17,"column":27}},"11":{"start":{"line":18,"column":23},"end":{"line":18,"column":40}},"12":{"start":{"line":19,"column":19},"end":{"line":19,"column":23}},"13":{"start":{"line":20,"column":24},"end":{"line":20,"column":27}},"14":{"start":{"line":21,"column":20},"end":{"line":21,"column":24}},"15":{"start":{"line":22,"column":22},"end":{"line":22,"column":24}},"16":{"start":{"line":23,"column":27},"end":{"line":23,"column":29}},"17":{"start":{"line":24,"column":23},"end":{"line":24,"column":25}},"18":{"start":{"line":25,"column":23},"end":{"line":25,"column":24}},"19":{"start":{"line":26,"column":29},"end":{"line":26,"column":31}},"20":{"start":{"line":27,"column":25},"end":{"line":27,"column":39}},"21":{"start":{"line":29,"column":22},"end":{"line":29,"column":60}},"22":{"start":{"line":30,"column":17},"end":{"line":30,"column":36}},"23":{"start":{"line":31,"column":18},"end":{"line":31,"column":40}},"24":{"start":{"line":32,"column":19},"end":{"line":32,"column":45}},"25":{"start":{"line":33,"column":20},"end":{"line":33,"column":39}},"26":{"start":{"line":35,"column":21},"end":{"line":35,"column":78}},"27":{"start":{"line":38,"column":18},"end":{"line":38,"column":49}},"28":{"start":{"line":39,"column":2},"end":{"line":39,"column":44}},"29":{"start":{"line":40,"column":2},"end":{"line":40,"column":39}},"30":{"start":{"line":41,"column":2},"end":{"line":41,"column":39}},"31":{"start":{"line":42,"column":2},"end":{"line":42,"column":29}},"32":{"start":{"line":43,"column":2},"end":{"line":43,"column":17}},"33":{"start":{"line":47,"column":2},"end":{"line":47,"column":32}},"34":{"start":{"line":48,"column":2},"end":{"line":48,"column":20}},"35":{"start":{"line":49,"column":2},"end":{"line":49,"column":33}},"36":{"start":{"line":53,"column":17},"end":{"line":53,"column":49}},"37":{"start":{"line":54,"column":2},"end":{"line":54,"column":21}},"38":{"start":{"line":55,"column":2},"end":{"line":55,"column":22}},"39":{"start":{"line":56,"column":14},"end":{"line":56,"column":37}},"40":{"start":{"line":58,"column":2},"end":{"line":58,"column":28}},"41":{"start":{"line":59,"column":2},"end":{"line":59,"column":31}},"42":{"start":{"line":61,"column":2},"end":{"line":61,"column":45}},"43":{"start":{"line":62,"column":2},"end":{"line":62,"column":31}},"44":{"start":{"line":64,"column":2},"end":{"line":74,"column":3}},"45":{"start":{"line":64,"column":17},"end":{"line":64,"column":18}},"46":{"start":{"line":65,"column":14},"end":{"line":65,"column":26}},"47":{"start":{"line":66,"column":4},"end":{"line":66,"column":92}},"48":{"start":{"line":67,"column":4},"end":{"line":67,"column":20}},"49":{"start":{"line":68,"column":4},"end":{"line":68,"column":27}},"50":{"start":{"line":69,"column":4},"end":{"line":69,"column":22}},"51":{"start":{"line":70,"column":4},"end":{"line":70,"column":28}},"52":{"start":{"line":71,"column":4},"end":{"line":71,"column":27}},"53":{"start":{"line":72,"column":4},"end":{"line":72,"column":20}},"54":{"start":{"line":73,"column":4},"end":{"line":73,"column":15}},"55":{"start":{"line":76,"column":2},"end":{"line":76,"column":49}},"56":{"start":{"line":77,"column":2},"end":{"line":77,"column":36}},"57":{"start":{"line":81,"column":2},"end":{"line":81,"column":24}},"58":{"start":{"line":82,"column":2},"end":{"line":82,"column":18}},"59":{"start":{"line":83,"column":2},"end":{"line":83,"column":42}},"60":{"start":{"line":84,"column":2},"end":{"line":84,"column":35}},"61":{"start":{"line":85,"column":2},"end":{"line":85,"column":42}},"62":{"start":{"line":86,"column":2},"end":{"line":86,"column":35}},"63":{"start":{"line":87,"column":2},"end":{"line":87,"column":18}},"64":{"start":{"line":88,"column":2},"end":{"line":88,"column":13}},"65":{"start":{"line":92,"column":17},"end":{"line":92,"column":49}},"66":{"start":{"line":93,"column":2},"end":{"line":93,"column":21}},"67":{"start":{"line":94,"column":2},"end":{"line":94,"column":22}},"68":{"start":{"line":95,"column":14},"end":{"line":95,"column":37}},"69":{"start":{"line":97,"column":2},"end":{"line":97,"column":32}},"70":{"start":{"line":99,"column":15},"end":{"line":99,"column":68}},"71":{"start":{"line":100,"column":2},"end":{"line":100,"column":50}},"72":{"start":{"line":101,"column":2},"end":{"line":101,"column":48}},"73":{"start":{"line":102,"column":2},"end":{"line":102,"column":23}},"74":{"start":{"line":103,"column":2},"end":{"line":103,"column":31}},"75":{"start":{"line":105,"column":2},"end":{"line":105,"column":62}},"76":{"start":{"line":106,"column":2},"end":{"line":106,"column":63}},"77":{"start":{"line":107,"column":2},"end":{"line":107,"column":64}},"78":{"start":{"line":109,"column":2},"end":{"line":109,"column":46}},"79":{"start":{"line":110,"column":2},"end":{"line":110,"column":33}},"80":{"start":{"line":112,"column":2},"end":{"line":112,"column":48}},"81":{"start":{"line":113,"column":2},"end":{"line":113,"column":20}},"82":{"start":{"line":114,"column":2},"end":{"line":114,"column":35}},"83":{"start":{"line":116,"column":18},"end":{"line":116,"column":49}},"84":{"start":{"line":117,"column":2},"end":{"line":117,"column":44}},"85":{"start":{"line":118,"column":2},"end":{"line":118,"column":17}},"86":{"start":{"line":122,"column":2},"end":{"line":122,"column":13}},"87":{"start":{"line":123,"column":2},"end":{"line":123,"column":24}},"88":{"start":{"line":124,"column":2},"end":{"line":124,"column":26}},"89":{"start":{"line":126,"column":2},"end":{"line":126,"column":46}},"90":{"start":{"line":127,"column":2},"end":{"line":127,"column":18}},"91":{"start":{"line":128,"column":2},"end":{"line":128,"column":33}},"92":{"start":{"line":129,"column":2},"end":{"line":129,"column":21}},"93":{"start":{"line":130,"column":2},"end":{"line":134,"column":3}},"94":{"start":{"line":130,"column":15},"end":{"line":130,"column":16}},"95":{"start":{"line":131,"column":15},"end":{"line":131,"column":26}},"96":{"start":{"line":132,"column":15},"end":{"line":132,"column":26}},"97":{"start":{"line":133,"column":4},"end":{"line":133,"column":45}},"98":{"start":{"line":135,"column":2},"end":{"line":135,"column":22}},"99":{"start":{"line":136,"column":2},"end":{"line":136,"column":22}},"100":{"start":{"line":137,"column":2},"end":{"line":137,"column":18}},"101":{"start":{"line":138,"column":2},"end":{"line":138,"column":13}},"102":{"start":{"line":140,"column":2},"end":{"line":140,"column":43}},"103":{"start":{"line":141,"column":2},"end":{"line":141,"column":18}},"104":{"start":{"line":142,"column":2},"end":{"line":142,"column":39}},"105":{"start":{"line":143,"column":2},"end":{"line":143,"column":38}},"106":{"start":{"line":144,"column":2},"end":{"line":144,"column":13}},"107":{"start":{"line":146,"column":2},"end":{"line":146,"column":16}},"108":{"start":{"line":150,"column":17},"end":{"line":150,"column":49}},"109":{"start":{"line":151,"column":2},"end":{"line":151,"column":21}},"110":{"start":{"line":152,"column":2},"end":{"line":152,"column":22}},"111":{"start":{"line":153,"column":14},"end":{"line":153,"column":37}},"112":{"start":{"line":155,"column":2},"end":{"line":155,"column":32}},"113":{"start":{"line":157,"column":15},"end":{"line":157,"column":68}},"114":{"start":{"line":158,"column":2},"end":{"line":158,"column":52}},"115":{"start":{"line":159,"column":2},"end":{"line":159,"column":49}},"116":{"start":{"line":160,"column":2},"end":{"line":160,"column":23}},"117":{"start":{"line":161,"column":2},"end":{"line":161,"column":31}},"118":{"start":{"line":163,"column":2},"end":{"line":173,"column":3}},"119":{"start":{"line":163,"column":15},"end":{"line":163,"column":16}},"120":{"start":{"line":164,"column":4},"end":{"line":164,"column":64}},"121":{"start":{"line":165,"column":4},"end":{"line":165,"column":22}},"122":{"start":{"line":166,"column":4},"end":{"line":166,"column":20}},"123":{"start":{"line":167,"column":4},"end":{"line":171,"column":5}},"124":{"start":{"line":167,"column":17},"end":{"line":167,"column":19}},"125":{"start":{"line":168,"column":16},"end":{"line":168,"column":56}},"126":{"start":{"line":169,"column":6},"end":{"line":170,"column":28}},"127":{"start":{"line":169,"column":20},"end":{"line":169,"column":37}},"128":{"start":{"line":170,"column":11},"end":{"line":170,"column":28}},"129":{"start":{"line":172,"column":4},"end":{"line":172,"column":17}},"130":{"start":{"line":175,"column":2},"end":{"line":175,"column":42}},"131":{"start":{"line":177,"column":2},"end":{"line":177,"column":48}},"132":{"start":{"line":178,"column":2},"end":{"line":178,"column":20}},"133":{"start":{"line":179,"column":2},"end":{"line":179,"column":35}},"134":{"start":{"line":181,"column":18},"end":{"line":181,"column":49}},"135":{"start":{"line":182,"column":2},"end":{"line":182,"column":44}},"136":{"start":{"line":183,"column":2},"end":{"line":183,"column":17}},"137":{"start":{"line":186,"column":35},"end":{"line":189,"column":1}},"138":{"start":{"line":191,"column":30},"end":{"line":193,"column":1}},"139":{"start":{"line":196,"column":4},"end":{"line":196,"column":23}},"140":{"start":{"line":197,"column":4},"end":{"line":197,"column":22}},"141":{"start":{"line":198,"column":4},"end":{"line":198,"column":19}},"142":{"start":{"line":199,"column":4},"end":{"line":199,"column":26}},"143":{"start":{"line":200,"column":4},"end":{"line":200,"column":40}},"144":{"start":{"line":201,"column":4},"end":{"line":201,"column":21}},"145":{"start":{"line":202,"column":4},"end":{"line":202,"column":26}},"146":{"start":{"line":203,"column":4},"end":{"line":203,"column":27}},"147":{"start":{"line":204,"column":4},"end":{"line":204,"column":32}},"148":{"start":{"line":205,"column":4},"end":{"line":205,"column":31}},"149":{"start":{"line":206,"column":4},"end":{"line":206,"column":28}},"150":{"start":{"line":207,"column":4},"end":{"line":207,"column":26}},"151":{"start":{"line":208,"column":4},"end":{"line":208,"column":18}},"152":{"start":{"line":210,"column":4},"end":{"line":210,"column":30}},"153":{"start":{"line":211,"column":4},"end":{"line":211,"column":24}},"154":{"start":{"line":212,"column":4},"end":{"line":212,"column":24}},"155":{"start":{"line":214,"column":4},"end":{"line":214,"column":26}},"156":{"start":{"line":216,"column":4},"end":{"line":238,"column":5}},"157":{"start":{"line":217,"column":22},"end":{"line":217,"column":51}},"158":{"start":{"line":218,"column":6},"end":{"line":218,"column":39}},"159":{"start":{"line":219,"column":6},"end":{"line":224,"column":9}},"160":{"start":{"line":226,"column":19},"end":{"line":226,"column":92}},"161":{"start":{"line":227,"column":6},"end":{"line":227,"column":33}},"162":{"start":{"line":228,"column":6},"end":{"line":228,"column":22}},"163":{"start":{"line":230,"column":6},"end":{"line":230,"column":40}},"164":{"start":{"line":231,"column":6},"end":{"line":231,"column":32}},"165":{"start":{"line":233,"column":6},"end":{"line":236,"column":7}},"166":{"start":{"line":233,"column":19},"end":{"line":233,"column":20}},"167":{"start":{"line":234,"column":8},"end":{"line":234,"column":43}},"168":{"start":{"line":235,"column":8},"end":{"line":235,"column":37}},"169":{"start":{"line":237,"column":6},"end":{"line":237,"column":45}},"170":{"start":{"line":240,"column":4},"end":{"line":266,"column":5}},"171":{"start":{"line":241,"column":6},"end":{"line":248,"column":9}},"172":{"start":{"line":250,"column":19},"end":{"line":254,"column":7}},"173":{"start":{"line":255,"column":6},"end":{"line":255,"column":33}},"174":{"start":{"line":256,"column":6},"end":{"line":256,"column":22}},"175":{"start":{"line":258,"column":6},"end":{"line":258,"column":40}},"176":{"start":{"line":259,"column":6},"end":{"line":259,"column":32}},"177":{"start":{"line":261,"column":6},"end":{"line":264,"column":7}},"178":{"start":{"line":261,"column":19},"end":{"line":261,"column":20}},"179":{"start":{"line":262,"column":8},"end":{"line":262,"column":43}},"180":{"start":{"line":263,"column":8},"end":{"line":263,"column":37}},"181":{"start":{"line":265,"column":6},"end":{"line":265,"column":45}},"182":{"start":{"line":269,"column":4},"end":{"line":269,"column":33}},"183":{"start":{"line":273,"column":4},"end":{"line":273,"column":43}},"184":{"start":{"line":277,"column":4},"end":{"line":277,"column":41}},"185":{"start":{"line":281,"column":4},"end":{"line":281,"column":35}},"186":{"start":{"line":286,"column":4},"end":{"line":286,"column":43}},"187":{"start":{"line":286,"column":30},"end":{"line":286,"column":43}},"188":{"start":{"line":288,"column":4},"end":{"line":297,"column":5}},"189":{"start":{"line":290,"column":8},"end":{"line":290,"column":55}},"190":{"start":{"line":292,"column":8},"end":{"line":292,"column":51}},"191":{"start":{"line":294,"column":8},"end":{"line":294,"column":51}},"192":{"start":{"line":296,"column":8},"end":{"line":296,"column":21}},"193":{"start":{"line":301,"column":4},"end":{"line":301,"column":74}},"194":{"start":{"line":301,"column":42},"end":{"line":301,"column":72}},"195":{"start":{"line":305,"column":4},"end":{"line":305,"column":84}},"196":{"start":{"line":309,"column":4},"end":{"line":309,"column":41}},"197":{"start":{"line":309,"column":29},"end":{"line":309,"column":41}},"198":{"start":{"line":310,"column":4},"end":{"line":310,"column":65}},"199":{"start":{"line":310,"column":53},"end":{"line":310,"column":65}},"200":{"start":{"line":311,"column":4},"end":{"line":311,"column":46}},"201":{"start":{"line":311,"column":34},"end":{"line":311,"column":46}},"202":{"start":{"line":312,"column":4},"end":{"line":312,"column":57}},"203":{"start":{"line":312,"column":45},"end":{"line":312,"column":57}},"204":{"start":{"line":313,"column":4},"end":{"line":313,"column":17}},"205":{"start":{"line":317,"column":21},"end":{"line":317,"column":55}},"206":{"start":{"line":318,"column":19},"end":{"line":318,"column":53}},"207":{"start":{"line":320,"column":4},"end":{"line":326,"column":5}},"208":{"start":{"line":320,"column":17},"end":{"line":320,"column":18}},"209":{"start":{"line":321,"column":16},"end":{"line":321,"column":31}},"210":{"start":{"line":322,"column":6},"end":{"line":322,"column":30}},"211":{"start":{"line":322,"column":21},"end":{"line":322,"column":30}},"212":{"start":{"line":323,"column":26},"end":{"line":323,"column":40}},"213":{"start":{"line":324,"column":24},"end":{"line":324,"column":38}},"214":{"start":{"line":325,"column":6},"end":{"line":325,"column":70}},"215":{"start":{"line":325,"column":58},"end":{"line":325,"column":70}},"216":{"start":{"line":327,"column":4},"end":{"line":327,"column":17}},"217":{"start":{"line":331,"column":4},"end":{"line":335,"column":5}},"218":{"start":{"line":331,"column":17},"end":{"line":331,"column":18}},"219":{"start":{"line":332,"column":16},"end":{"line":332,"column":31}},"220":{"start":{"line":333,"column":6},"end":{"line":333,"column":30}},"221":{"start":{"line":333,"column":21},"end":{"line":333,"column":30}},"222":{"start":{"line":334,"column":6},"end":{"line":334,"column":50}},"223":{"start":{"line":334,"column":38},"end":{"line":334,"column":50}},"224":{"start":{"line":336,"column":4},"end":{"line":336,"column":17}},"225":{"start":{"line":340,"column":19},"end":{"line":340,"column":20}},"226":{"start":{"line":341,"column":4},"end":{"line":345,"column":5}},"227":{"start":{"line":341,"column":17},"end":{"line":341,"column":18}},"228":{"start":{"line":342,"column":16},"end":{"line":342,"column":31}},"229":{"start":{"line":343,"column":6},"end":{"line":343,"column":30}},"230":{"start":{"line":343,"column":21},"end":{"line":343,"column":30}},"231":{"start":{"line":344,"column":6},"end":{"line":344,"column":41}},"232":{"start":{"line":344,"column":26},"end":{"line":344,"column":41}},"233":{"start":{"line":346,"column":4},"end":{"line":346,"column":20}},"234":{"start":{"line":350,"column":18},"end":{"line":350,"column":38}},"235":{"start":{"line":351,"column":4},"end":{"line":351,"column":40}},"236":{"start":{"line":351,"column":28},"end":{"line":351,"column":40}},"237":{"start":{"line":352,"column":4},"end":{"line":352,"column":23}},"238":{"start":{"line":356,"column":4},"end":{"line":356,"column":64}},"239":{"start":{"line":357,"column":4},"end":{"line":357,"column":65}},"240":{"start":{"line":358,"column":4},"end":{"line":358,"column":36}},"241":{"start":{"line":362,"column":18},"end":{"line":362,"column":69}},"242":{"start":{"line":364,"column":4},"end":{"line":380,"column":5}},"243":{"start":{"line":365,"column":6},"end":{"line":365,"column":28}},"244":{"start":{"line":366,"column":6},"end":{"line":366,"column":60}},"245":{"start":{"line":367,"column":6},"end":{"line":367,"column":27}},"246":{"start":{"line":368,"column":6},"end":{"line":368,"column":30}},"247":{"start":{"line":369,"column":6},"end":{"line":369,"column":59}},"248":{"start":{"line":370,"column":6},"end":{"line":370,"column":43}},"249":{"start":{"line":372,"column":21},"end":{"line":372,"column":95}},"250":{"start":{"line":373,"column":6},"end":{"line":373,"column":23}},"251":{"start":{"line":374,"column":20},"end":{"line":374,"column":68}},"252":{"start":{"line":375,"column":6},"end":{"line":375,"column":55}},"253":{"start":{"line":376,"column":6},"end":{"line":376,"column":27}},"254":{"start":{"line":377,"column":6},"end":{"line":377,"column":38}},"255":{"start":{"line":378,"column":6},"end":{"line":378,"column":59}},"256":{"start":{"line":379,"column":6},"end":{"line":379,"column":49}},"257":{"start":{"line":382,"column":4},"end":{"line":382,"column":74}},"258":{"start":{"line":383,"column":4},"end":{"line":383,"column":71}},"259":{"start":{"line":386,"column":17},"end":{"line":386,"column":37}},"260":{"start":{"line":387,"column":4},"end":{"line":387,"column":30}},"261":{"start":{"line":387,"column":23},"end":{"line":387,"column":30}},"262":{"start":{"line":389,"column":16},"end":{"line":389,"column":31}},"263":{"start":{"line":390,"column":4},"end":{"line":406,"column":5}},"264":{"start":{"line":391,"column":6},"end":{"line":391,"column":24}},"265":{"start":{"line":392,"column":6},"end":{"line":392,"column":24}},"266":{"start":{"line":393,"column":6},"end":{"line":393,"column":18}},"267":{"start":{"line":394,"column":6},"end":{"line":394,"column":24}},"268":{"start":{"line":395,"column":6},"end":{"line":395,"column":26}},"269":{"start":{"line":396,"column":6},"end":{"line":396,"column":48}},"270":{"start":{"line":398,"column":6},"end":{"line":405,"column":8}},"271":{"start":{"line":407,"column":4},"end":{"line":407,"column":34}},"272":{"start":{"line":409,"column":4},"end":{"line":413,"column":5}},"273":{"start":{"line":410,"column":6},"end":{"line":410,"column":46}},"274":{"start":{"line":412,"column":6},"end":{"line":412,"column":31}},"275":{"start":{"line":414,"column":4},"end":{"line":414,"column":24}},"276":{"start":{"line":418,"column":22},"end":{"line":418,"column":46}},"277":{"start":{"line":419,"column":4},"end":{"line":419,"column":44}},"278":{"start":{"line":419,"column":32},"end":{"line":419,"column":44}},"279":{"start":{"line":420,"column":4},"end":{"line":420,"column":67}},"280":{"start":{"line":424,"column":4},"end":{"line":431,"column":5}},"281":{"start":{"line":425,"column":6},"end":{"line":428,"column":7}},"282":{"start":{"line":425,"column":22},"end":{"line":425,"column":23}},"283":{"start":{"line":426,"column":8},"end":{"line":426,"column":24}},"284":{"start":{"line":427,"column":8},"end":{"line":427,"column":55}},"285":{"start":{"line":427,"column":49},"end":{"line":427,"column":55}},"286":{"start":{"line":429,"column":6},"end":{"line":429,"column":28}},"287":{"start":{"line":430,"column":6},"end":{"line":430,"column":13}},"288":{"start":{"line":433,"column":17},"end":{"line":433,"column":32}},"289":{"start":{"line":434,"column":4},"end":{"line":437,"column":5}},"290":{"start":{"line":435,"column":6},"end":{"line":435,"column":28}},"291":{"start":{"line":436,"column":6},"end":{"line":436,"column":13}},"292":{"start":{"line":439,"column":17},"end":{"line":439,"column":46}},"293":{"start":{"line":440,"column":19},"end":{"line":440,"column":36}},"294":{"start":{"line":441,"column":4},"end":{"line":441,"column":47}},"295":{"start":{"line":442,"column":4},"end":{"line":445,"column":5}},"296":{"start":{"line":443,"column":6},"end":{"line":443,"column":28}},"297":{"start":{"line":444,"column":6},"end":{"line":444,"column":13}},"298":{"start":{"line":447,"column":4},"end":{"line":447,"column":69}},"299":{"start":{"line":448,"column":4},"end":{"line":448,"column":41}},"300":{"start":{"line":452,"column":17},"end":{"line":452,"column":18}},"301":{"start":{"line":453,"column":19},"end":{"line":453,"column":20}},"302":{"start":{"line":454,"column":4},"end":{"line":459,"column":5}},"303":{"start":{"line":455,"column":21},"end":{"line":455,"column":38}},"304":{"start":{"line":456,"column":6},"end":{"line":456,"column":19}},"305":{"start":{"line":457,"column":6},"end":{"line":457,"column":47}},"306":{"start":{"line":457,"column":38},"end":{"line":457,"column":47}},"307":{"start":{"line":458,"column":6},"end":{"line":458,"column":17}},"308":{"start":{"line":463,"column":4},"end":{"line":463,"column":25}},"309":{"start":{"line":464,"column":4},"end":{"line":464,"column":42}},"310":{"start":{"line":465,"column":4},"end":{"line":465,"column":26}},"311":{"start":{"line":469,"column":16},"end":{"line":469,"column":43}},"312":{"start":{"line":470,"column":4},"end":{"line":470,"column":55}},"313":{"start":{"line":470,"column":48},"end":{"line":470,"column":55}},"314":{"start":{"line":472,"column":4},"end":{"line":472,"column":30}},"315":{"start":{"line":473,"column":4},"end":{"line":473,"column":60}},"316":{"start":{"line":474,"column":4},"end":{"line":474,"column":24}},"317":{"start":{"line":478,"column":4},"end":{"line":491,"column":5}},"318":{"start":{"line":478,"column":17},"end":{"line":478,"column":18}},"319":{"start":{"line":479,"column":16},"end":{"line":479,"column":31}},"320":{"start":{"line":480,"column":6},"end":{"line":480,"column":30}},"321":{"start":{"line":480,"column":21},"end":{"line":480,"column":30}},"322":{"start":{"line":482,"column":23},"end":{"line":482,"column":80}},"323":{"start":{"line":483,"column":6},"end":{"line":483,"column":45}},"324":{"start":{"line":483,"column":36},"end":{"line":483,"column":45}},"325":{"start":{"line":484,"column":6},"end":{"line":484,"column":42}},"326":{"start":{"line":484,"column":33},"end":{"line":484,"column":42}},"327":{"start":{"line":485,"column":6},"end":{"line":485,"column":67}},"328":{"start":{"line":485,"column":58},"end":{"line":485,"column":67}},"329":{"start":{"line":487,"column":22},"end":{"line":487,"column":83}},"330":{"start":{"line":488,"column":6},"end":{"line":488,"column":74}},"331":{"start":{"line":488,"column":65},"end":{"line":488,"column":74}},"332":{"start":{"line":490,"column":6},"end":{"line":490,"column":15}},"333":{"start":{"line":492,"column":4},"end":{"line":492,"column":16}},"334":{"start":{"line":496,"column":4},"end":{"line":496,"column":20}},"335":{"start":{"line":497,"column":4},"end":{"line":499,"column":5}},"336":{"start":{"line":498,"column":6},"end":{"line":498,"column":50}},"337":{"start":{"line":501,"column":4},"end":{"line":501,"column":26}},"338":{"start":{"line":502,"column":4},"end":{"line":504,"column":5}},"339":{"start":{"line":503,"column":6},"end":{"line":503,"column":19}},"340":{"start":{"line":506,"column":17},"end":{"line":506,"column":27}},"341":{"start":{"line":507,"column":16},"end":{"line":507,"column":17}},"342":{"start":{"line":509,"column":4},"end":{"line":529,"column":5}},"343":{"start":{"line":509,"column":17},"end":{"line":509,"column":18}},"344":{"start":{"line":510,"column":16},"end":{"line":510,"column":31}},"345":{"start":{"line":511,"column":6},"end":{"line":511,"column":30}},"346":{"start":{"line":511,"column":21},"end":{"line":511,"column":30}},"347":{"start":{"line":513,"column":6},"end":{"line":513,"column":18}},"348":{"start":{"line":515,"column":6},"end":{"line":518,"column":7}},"349":{"start":{"line":516,"column":8},"end":{"line":516,"column":30}},"350":{"start":{"line":517,"column":8},"end":{"line":517,"column":17}},"351":{"start":{"line":520,"column":6},"end":{"line":520,"column":32}},"352":{"start":{"line":522,"column":6},"end":{"line":525,"column":7}},"353":{"start":{"line":523,"column":8},"end":{"line":523,"column":30}},"354":{"start":{"line":524,"column":8},"end":{"line":524,"column":17}},"355":{"start":{"line":527,"column":6},"end":{"line":527,"column":47}},"356":{"start":{"line":527,"column":23},"end":{"line":527,"column":47}},"357":{"start":{"line":528,"column":6},"end":{"line":528,"column":14}},"358":{"start":{"line":531,"column":4},"end":{"line":531,"column":30}},"359":{"start":{"line":535,"column":4},"end":{"line":537,"column":5}},"360":{"start":{"line":535,"column":17},"end":{"line":535,"column":18}},"361":{"start":{"line":536,"column":6},"end":{"line":536,"column":42}},"362":{"start":{"line":538,"column":4},"end":{"line":538,"column":26}},"363":{"start":{"line":539,"column":4},"end":{"line":539,"column":26}},"364":{"start":{"line":540,"column":4},"end":{"line":540,"column":21}},"365":{"start":{"line":541,"column":4},"end":{"line":541,"column":18}},"366":{"start":{"line":542,"column":4},"end":{"line":544,"column":5}},"367":{"start":{"line":543,"column":6},"end":{"line":543,"column":42}},"368":{"start":{"line":545,"column":4},"end":{"line":545,"column":19}}},"fnMap":{"0":{"name":"finalizePadTexture","decl":{"start":{"line":37,"column":9},"end":{"line":37,"column":27}},"loc":{"start":{"line":37,"column":36},"end":{"line":44,"column":1}},"line":37},"1":{"name":"drawPadFrame","decl":{"start":{"line":46,"column":9},"end":{"line":46,"column":21}},"loc":{"start":{"line":46,"column":40},"end":{"line":50,"column":1}},"line":46},"2":{"name":"createSpeedPadTexture","decl":{"start":{"line":52,"column":9},"end":{"line":52,"column":30}},"loc":{"start":{"line":52,"column":33},"end":{"line":78,"column":1}},"line":52},"3":{"name":"drawUpChevron","decl":{"start":{"line":80,"column":9},"end":{"line":80,"column":22}},"loc":{"start":{"line":80,"column":49},"end":{"line":89,"column":1}},"line":80},"4":{"name":"createJumpArrowTexture","decl":{"start":{"line":91,"column":9},"end":{"line":91,"column":31}},"loc":{"start":{"line":91,"column":34},"end":{"line":119,"column":1}},"line":91},"5":{"name":"drawGhostSilhouette","decl":{"start":{"line":121,"column":9},"end":{"line":121,"column":28}},"loc":{"start":{"line":121,"column":49},"end":{"line":147,"column":1}},"line":121},"6":{"name":"createGhostSignTexture","decl":{"start":{"line":149,"column":9},"end":{"line":149,"column":31}},"loc":{"start":{"line":149,"column":34},"end":{"line":184,"column":1}},"line":149},"7":{"name":"constructor","decl":{"start":{"line":195,"column":2},"end":{"line":195,"column":13}},"loc":{"start":{"line":195,"column":21},"end":{"line":267,"column":3}},"line":195},"8":{"name":"setGapManager","decl":{"start":{"line":268,"column":2},"end":{"line":268,"column":15}},"loc":{"start":{"line":268,"column":28},"end":{"line":270,"column":3}},"line":268},"9":{"name":"setObstacleManager","decl":{"start":{"line":272,"column":2},"end":{"line":272,"column":20}},"loc":{"start":{"line":272,"column":38},"end":{"line":274,"column":3}},"line":272},"10":{"name":"setBoosterEffects","decl":{"start":{"line":276,"column":2},"end":{"line":276,"column":19}},"loc":{"start":{"line":276,"column":36},"end":{"line":278,"column":3}},"line":276},"11":{"name":"setCoinManager","decl":{"start":{"line":280,"column":2},"end":{"line":280,"column":16}},"loc":{"start":{"line":280,"column":30},"end":{"line":282,"column":3}},"line":280},"12":{"name":"isTypeSpawnBlocked","decl":{"start":{"line":285,"column":2},"end":{"line":285,"column":20}},"loc":{"start":{"line":285,"column":27},"end":{"line":298,"column":3}},"line":285},"13":{"name":"getSpawnableTypes","decl":{"start":{"line":300,"column":2},"end":{"line":300,"column":19}},"loc":{"start":{"line":300,"column":22},"end":{"line":302,"column":3}},"line":300},"14":{"name":"(anonymous_14)","decl":{"start":{"line":301,"column":32},"end":{"line":301,"column":33}},"loc":{"start":{"line":301,"column":42},"end":{"line":301,"column":72}},"line":301},"15":{"name":"overlapsGap","decl":{"start":{"line":304,"column":2},"end":{"line":304,"column":13}},"loc":{"start":{"line":304,"column":17},"end":{"line":306,"column":3}},"line":304},"16":{"name":"isBlockedPosition","decl":{"start":{"line":308,"column":2},"end":{"line":308,"column":19}},"loc":{"start":{"line":308,"column":23},"end":{"line":314,"column":3}},"line":308},"17":{"name":"hasPickupOverlappingGap","decl":{"start":{"line":316,"column":2},"end":{"line":316,"column":25}},"loc":{"start":{"line":316,"column":75},"end":{"line":328,"column":3}},"line":316},"18":{"name":"hasPickupNear","decl":{"start":{"line":330,"column":2},"end":{"line":330,"column":15}},"loc":{"start":{"line":330,"column":31},"end":{"line":337,"column":3}},"line":330},"19":{"name":"getFurthestZ","decl":{"start":{"line":339,"column":2},"end":{"line":339,"column":14}},"loc":{"start":{"line":339,"column":17},"end":{"line":347,"column":3}},"line":339},"20":{"name":"allocSlot","decl":{"start":{"line":349,"column":2},"end":{"line":349,"column":11}},"loc":{"start":{"line":349,"column":18},"end":{"line":353,"column":3}},"line":349},"21":{"name":"freeSlot","decl":{"start":{"line":355,"column":2},"end":{"line":355,"column":10}},"loc":{"start":{"line":355,"column":23},"end":{"line":359,"column":3}},"line":355},"22":{"name":"setInstanceMatrix","decl":{"start":{"line":361,"column":2},"end":{"line":361,"column":19}},"loc":{"start":{"line":361,"column":27},"end":{"line":384,"column":3}},"line":361},"23":{"name":"acquirePickup","decl":{"start":{"line":385,"column":2},"end":{"line":385,"column":15}},"loc":{"start":{"line":385,"column":31},"end":{"line":415,"column":3}},"line":385},"24":{"name":"pickType","decl":{"start":{"line":417,"column":2},"end":{"line":417,"column":10}},"loc":{"start":{"line":417,"column":13},"end":{"line":421,"column":3}},"line":417},"25":{"name":"spawn","decl":{"start":{"line":423,"column":2},"end":{"line":423,"column":7}},"loc":{"start":{"line":423,"column":10},"end":{"line":449,"column":3}},"line":423},"26":{"name":"prefill","decl":{"start":{"line":451,"column":2},"end":{"line":451,"column":9}},"loc":{"start":{"line":451,"column":12},"end":{"line":460,"column":3}},"line":451},"27":{"name":"releasePickup","decl":{"start":{"line":462,"column":2},"end":{"line":462,"column":15}},"loc":{"start":{"line":462,"column":23},"end":{"line":466,"column":3}},"line":462},"28":{"name":"removePickup","decl":{"start":{"line":468,"column":2},"end":{"line":468,"column":14}},"loc":{"start":{"line":468,"column":22},"end":{"line":475,"column":3}},"line":468},"29":{"name":"checkCollection","decl":{"start":{"line":477,"column":2},"end":{"line":477,"column":17}},"loc":{"start":{"line":477,"column":71},"end":{"line":493,"column":3}},"line":477},"30":{"name":"update","decl":{"start":{"line":495,"column":2},"end":{"line":495,"column":8}},"loc":{"start":{"line":495,"column":20},"end":{"line":532,"column":3}},"line":495},"31":{"name":"reset","decl":{"start":{"line":534,"column":2},"end":{"line":534,"column":7}},"loc":{"start":{"line":534,"column":10},"end":{"line":546,"column":3}},"line":534}},"branchMap":{"0":{"loc":{"start":{"line":66,"column":20},"end":{"line":66,"column":91}},"type":"cond-expr","locations":[{"start":{"line":66,"column":36},"end":{"line":66,"column":62}},{"start":{"line":66,"column":65},"end":{"line":66,"column":91}}],"line":66},"1":{"loc":{"start":{"line":169,"column":6},"end":{"line":170,"column":28}},"type":"if","locations":[{"start":{"line":169,"column":6},"end":{"line":170,"column":28}},{"start":{"line":170,"column":11},"end":{"line":170,"column":28}}],"line":169},"2":{"loc":{"start":{"line":286,"column":4},"end":{"line":286,"column":43}},"type":"if","locations":[{"start":{"line":286,"column":4},"end":{"line":286,"column":43}},{"start":{},"end":{}}],"line":286},"3":{"loc":{"start":{"line":288,"column":4},"end":{"line":297,"column":5}},"type":"switch","locations":[{"start":{"line":289,"column":6},"end":{"line":290,"column":55}},{"start":{"line":291,"column":6},"end":{"line":292,"column":51}},{"start":{"line":293,"column":6},"end":{"line":294,"column":51}},{"start":{"line":295,"column":6},"end":{"line":296,"column":21}}],"line":288},"4":{"loc":{"start":{"line":305,"column":11},"end":{"line":305,"column":83}},"type":"binary-expr","locations":[{"start":{"line":305,"column":11},"end":{"line":305,"column":74}},{"start":{"line":305,"column":78},"end":{"line":305,"column":83}}],"line":305},"5":{"loc":{"start":{"line":309,"column":4},"end":{"line":309,"column":41}},"type":"if","locations":[{"start":{"line":309,"column":4},"end":{"line":309,"column":41}},{"start":{},"end":{}}],"line":309},"6":{"loc":{"start":{"line":310,"column":4},"end":{"line":310,"column":65}},"type":"if","locations":[{"start":{"line":310,"column":4},"end":{"line":310,"column":65}},{"start":{},"end":{}}],"line":310},"7":{"loc":{"start":{"line":311,"column":4},"end":{"line":311,"column":46}},"type":"if","locations":[{"start":{"line":311,"column":4},"end":{"line":311,"column":46}},{"start":{},"end":{}}],"line":311},"8":{"loc":{"start":{"line":312,"column":4},"end":{"line":312,"column":57}},"type":"if","locations":[{"start":{"line":312,"column":4},"end":{"line":312,"column":57}},{"start":{},"end":{}}],"line":312},"9":{"loc":{"start":{"line":316,"column":48},"end":{"line":316,"column":73}},"type":"default-arg","locations":[{"start":{"line":316,"column":57},"end":{"line":316,"column":73}}],"line":316},"10":{"loc":{"start":{"line":322,"column":6},"end":{"line":322,"column":30}},"type":"if","locations":[{"start":{"line":322,"column":6},"end":{"line":322,"column":30}},{"start":{},"end":{}}],"line":322},"11":{"loc":{"start":{"line":325,"column":6},"end":{"line":325,"column":70}},"type":"if","locations":[{"start":{"line":325,"column":6},"end":{"line":325,"column":70}},{"start":{},"end":{}}],"line":325},"12":{"loc":{"start":{"line":325,"column":10},"end":{"line":325,"column":56}},"type":"binary-expr","locations":[{"start":{"line":325,"column":10},"end":{"line":325,"column":31}},{"start":{"line":325,"column":35},"end":{"line":325,"column":56}}],"line":325},"13":{"loc":{"start":{"line":330,"column":19},"end":{"line":330,"column":29}},"type":"default-arg","locations":[{"start":{"line":330,"column":28},"end":{"line":330,"column":29}}],"line":330},"14":{"loc":{"start":{"line":333,"column":6},"end":{"line":333,"column":30}},"type":"if","locations":[{"start":{"line":333,"column":6},"end":{"line":333,"column":30}},{"start":{},"end":{}}],"line":333},"15":{"loc":{"start":{"line":334,"column":6},"end":{"line":334,"column":50}},"type":"if","locations":[{"start":{"line":334,"column":6},"end":{"line":334,"column":50}},{"start":{},"end":{}}],"line":334},"16":{"loc":{"start":{"line":343,"column":6},"end":{"line":343,"column":30}},"type":"if","locations":[{"start":{"line":343,"column":6},"end":{"line":343,"column":30}},{"start":{},"end":{}}],"line":343},"17":{"loc":{"start":{"line":344,"column":6},"end":{"line":344,"column":41}},"type":"if","locations":[{"start":{"line":344,"column":6},"end":{"line":344,"column":41}},{"start":{},"end":{}}],"line":344},"18":{"loc":{"start":{"line":351,"column":4},"end":{"line":351,"column":40}},"type":"if","locations":[{"start":{"line":351,"column":4},"end":{"line":351,"column":40}},{"start":{},"end":{}}],"line":351},"19":{"loc":{"start":{"line":364,"column":4},"end":{"line":380,"column":5}},"type":"if","locations":[{"start":{"line":364,"column":4},"end":{"line":380,"column":5}},{"start":{"line":371,"column":11},"end":{"line":380,"column":5}}],"line":364},"20":{"loc":{"start":{"line":387,"column":4},"end":{"line":387,"column":30}},"type":"if","locations":[{"start":{"line":387,"column":4},"end":{"line":387,"column":30}},{"start":{},"end":{}}],"line":387},"21":{"loc":{"start":{"line":390,"column":4},"end":{"line":406,"column":5}},"type":"if","locations":[{"start":{"line":390,"column":4},"end":{"line":406,"column":5}},{"start":{"line":397,"column":11},"end":{"line":406,"column":5}}],"line":390},"22":{"loc":{"start":{"line":409,"column":4},"end":{"line":413,"column":5}},"type":"if","locations":[{"start":{"line":409,"column":4},"end":{"line":413,"column":5}},{"start":{"line":411,"column":11},"end":{"line":413,"column":5}}],"line":409},"23":{"loc":{"start":{"line":419,"column":4},"end":{"line":419,"column":44}},"type":"if","locations":[{"start":{"line":419,"column":4},"end":{"line":419,"column":44}},{"start":{},"end":{}}],"line":419},"24":{"loc":{"start":{"line":424,"column":4},"end":{"line":431,"column":5}},"type":"if","locations":[{"start":{"line":424,"column":4},"end":{"line":431,"column":5}},{"start":{},"end":{}}],"line":424},"25":{"loc":{"start":{"line":427,"column":8},"end":{"line":427,"column":55}},"type":"if","locations":[{"start":{"line":427,"column":8},"end":{"line":427,"column":55}},{"start":{},"end":{}}],"line":427},"26":{"loc":{"start":{"line":434,"column":4},"end":{"line":437,"column":5}},"type":"if","locations":[{"start":{"line":434,"column":4},"end":{"line":437,"column":5}},{"start":{},"end":{}}],"line":434},"27":{"loc":{"start":{"line":442,"column":4},"end":{"line":445,"column":5}},"type":"if","locations":[{"start":{"line":442,"column":4},"end":{"line":445,"column":5}},{"start":{},"end":{}}],"line":442},"28":{"loc":{"start":{"line":454,"column":11},"end":{"line":454,"column":97}},"type":"binary-expr","locations":[{"start":{"line":454,"column":11},"end":{"line":454,"column":34}},{"start":{"line":454,"column":38},"end":{"line":454,"column":62}},{"start":{"line":454,"column":66},"end":{"line":454,"column":97}}],"line":454},"29":{"loc":{"start":{"line":457,"column":6},"end":{"line":457,"column":47}},"type":"if","locations":[{"start":{"line":457,"column":6},"end":{"line":457,"column":47}},{"start":{},"end":{}}],"line":457},"30":{"loc":{"start":{"line":470,"column":4},"end":{"line":470,"column":55}},"type":"if","locations":[{"start":{"line":470,"column":4},"end":{"line":470,"column":55}},{"start":{},"end":{}}],"line":470},"31":{"loc":{"start":{"line":470,"column":8},"end":{"line":470,"column":46}},"type":"binary-expr","locations":[{"start":{"line":470,"column":8},"end":{"line":470,"column":18}},{"start":{"line":470,"column":22},"end":{"line":470,"column":46}}],"line":470},"32":{"loc":{"start":{"line":477,"column":39},"end":{"line":477,"column":50}},"type":"default-arg","locations":[{"start":{"line":477,"column":49},"end":{"line":477,"column":50}}],"line":477},"33":{"loc":{"start":{"line":477,"column":52},"end":{"line":477,"column":69}},"type":"default-arg","locations":[{"start":{"line":477,"column":64},"end":{"line":477,"column":69}}],"line":477},"34":{"loc":{"start":{"line":480,"column":6},"end":{"line":480,"column":30}},"type":"if","locations":[{"start":{"line":480,"column":6},"end":{"line":480,"column":30}},{"start":{},"end":{}}],"line":480},"35":{"loc":{"start":{"line":482,"column":23},"end":{"line":482,"column":80}},"type":"cond-expr","locations":[{"start":{"line":482,"column":44},"end":{"line":482,"column":59}},{"start":{"line":482,"column":62},"end":{"line":482,"column":80}}],"line":482},"36":{"loc":{"start":{"line":483,"column":6},"end":{"line":483,"column":45}},"type":"if","locations":[{"start":{"line":483,"column":6},"end":{"line":483,"column":45}},{"start":{},"end":{}}],"line":483},"37":{"loc":{"start":{"line":484,"column":6},"end":{"line":484,"column":42}},"type":"if","locations":[{"start":{"line":484,"column":6},"end":{"line":484,"column":42}},{"start":{},"end":{}}],"line":484},"38":{"loc":{"start":{"line":485,"column":6},"end":{"line":485,"column":67}},"type":"if","locations":[{"start":{"line":485,"column":6},"end":{"line":485,"column":67}},{"start":{},"end":{}}],"line":485},"39":{"loc":{"start":{"line":487,"column":22},"end":{"line":487,"column":83}},"type":"binary-expr","locations":[{"start":{"line":487,"column":22},"end":{"line":487,"column":25}},{"start":{"line":487,"column":30},"end":{"line":487,"column":82}}],"line":487},"40":{"loc":{"start":{"line":487,"column":30},"end":{"line":487,"column":82}},"type":"cond-expr","locations":[{"start":{"line":487,"column":51},"end":{"line":487,"column":62}},{"start":{"line":487,"column":65},"end":{"line":487,"column":82}}],"line":487},"41":{"loc":{"start":{"line":488,"column":6},"end":{"line":488,"column":74}},"type":"if","locations":[{"start":{"line":488,"column":6},"end":{"line":488,"column":74}},{"start":{},"end":{}}],"line":488},"42":{"loc":{"start":{"line":502,"column":4},"end":{"line":504,"column":5}},"type":"if","locations":[{"start":{"line":502,"column":4},"end":{"line":504,"column":5}},{"start":{},"end":{}}],"line":502},"43":{"loc":{"start":{"line":502,"column":8},"end":{"line":502,"column":69}},"type":"binary-expr","locations":[{"start":{"line":502,"column":8},"end":{"line":502,"column":28}},{"start":{"line":502,"column":32},"end":{"line":502,"column":69}}],"line":502},"44":{"loc":{"start":{"line":511,"column":6},"end":{"line":511,"column":30}},"type":"if","locations":[{"start":{"line":511,"column":6},"end":{"line":511,"column":30}},{"start":{},"end":{}}],"line":511},"45":{"loc":{"start":{"line":515,"column":6},"end":{"line":518,"column":7}},"type":"if","locations":[{"start":{"line":515,"column":6},"end":{"line":518,"column":7}},{"start":{},"end":{}}],"line":515},"46":{"loc":{"start":{"line":522,"column":6},"end":{"line":525,"column":7}},"type":"if","locations":[{"start":{"line":522,"column":6},"end":{"line":525,"column":7}},{"start":{},"end":{}}],"line":522},"47":{"loc":{"start":{"line":527,"column":6},"end":{"line":527,"column":47}},"type":"if","locations":[{"start":{"line":527,"column":6},"end":{"line":527,"column":47}},{"start":{},"end":{}}],"line":527}},"s":{"0":2,"1":2,"2":2,"3":2,"4":2,"5":2,"6":2,"7":2,"8":2,"9":2,"10":2,"11":2,"12":2,"13":2,"14":2,"15":2,"16":2,"17":2,"18":2,"19":2,"20":2,"21":2,"22":2,"23":2,"24":2,"25":2,"26":2,"27":43,"28":43,"29":43,"30":43,"31":43,"32":43,"33":43,"34":43,"35":43,"36":43,"37":43,"38":43,"39":43,"40":43,"41":43,"42":43,"43":43,"44":43,"45":43,"46":430,"47":430,"48":430,"49":430,"50":430,"51":430,"52":430,"53":430,"54":430,"55":43,"56":43,"57":129,"58":129,"59":129,"60":129,"61":129,"62":129,"63":129,"64":129,"65":43,"66":43,"67":43,"68":43,"69":43,"70":43,"71":43,"72":43,"73":43,"74":43,"75":43,"76":43,"77":43,"78":43,"79":43,"80":43,"81":43,"82":43,"83":43,"84":43,"85":43,"86":43,"87":43,"88":43,"89":43,"90":43,"91":43,"92":43,"93":43,"94":43,"95":172,"96":172,"97":172,"98":43,"99":43,"100":43,"101":43,"102":43,"103":43,"104":43,"105":43,"106":43,"107":43,"108":43,"109":43,"110":43,"111":43,"112":43,"113":43,"114":43,"115":43,"116":43,"117":43,"118":43,"119":43,"120":172,"121":172,"122":172,"123":172,"124":172,"125":4816,"126":4816,"127":172,"128":4644,"129":172,"130":43,"131":43,"132":43,"133":43,"134":43,"135":43,"136":43,"137":2,"138":2,"139":43,"140":43,"141":43,"142":43,"143":43,"144":43,"145":43,"146":43,"147":43,"148":43,"149":43,"150":43,"151":43,"152":43,"153":43,"154":43,"155":43,"156":43,"157":43,"158":43,"159":43,"160":43,"161":43,"162":43,"163":43,"164":43,"165":43,"166":43,"167":688,"168":688,"169":43,"170":43,"171":86,"172":86,"173":86,"174":86,"175":86,"176":86,"177":86,"178":86,"179":1376,"180":1376,"181":86,"182":23,"183":21,"184":42,"185":20,"186":146,"187":3,"188":143,"189":49,"190":47,"191":47,"192":0,"193":48,"194":144,"195":211,"196":63,"197":3,"198":60,"199":8,"200":52,"201":1,"202":51,"203":0,"204":51,"205":4,"206":4,"207":4,"208":4,"209":5,"210":5,"211":0,"212":5,"213":5,"214":5,"215":0,"216":4,"217":169,"218":169,"219":290,"220":290,"221":0,"222":290,"223":17,"224":152,"225":52,"226":52,"227":52,"228":138,"229":138,"230":0,"231":138,"232":135,"233":52,"234":37,"235":37,"236":0,"237":37,"238":4,"239":4,"240":4,"241":184,"242":184,"243":15,"244":15,"245":15,"246":15,"247":15,"248":15,"249":169,"250":169,"251":169,"252":169,"253":169,"254":169,"255":169,"256":169,"257":184,"258":184,"259":37,"260":37,"261":0,"262":37,"263":37,"264":1,"265":1,"266":1,"267":1,"268":1,"269":1,"270":36,"271":37,"272":37,"273":1,"274":36,"275":37,"276":45,"277":45,"278":22,"279":23,"280":49,"281":5,"282":5,"283":8,"284":8,"285":5,"286":5,"287":5,"288":44,"289":44,"290":21,"291":21,"292":23,"293":23,"294":23,"295":23,"296":0,"297":0,"298":23,"299":23,"300":5,"301":5,"302":5,"303":35,"304":35,"305":35,"306":11,"307":35,"308":4,"309":4,"310":4,"311":2,"312":2,"313":1,"314":1,"315":1,"316":1,"317":57,"318":57,"319":157,"320":157,"321":0,"322":157,"323":157,"324":146,"325":11,"326":2,"327":9,"328":2,"329":7,"330":157,"331":3,"332":4,"333":53,"334":50,"335":50,"336":50,"337":50,"338":50,"339":14,"340":50,"341":50,"342":50,"343":50,"344":148,"345":148,"346":0,"347":148,"348":148,"349":1,"350":1,"351":147,"352":147,"353":1,"354":1,"355":146,"356":0,"357":146,"358":50,"359":3,"360":3,"361":1,"362":3,"363":3,"364":3,"365":3,"366":3,"367":3,"368":3},"f":{"0":43,"1":43,"2":43,"3":129,"4":43,"5":43,"6":43,"7":43,"8":23,"9":21,"10":42,"11":20,"12":146,"13":48,"14":144,"15":211,"16":63,"17":4,"18":169,"19":52,"20":37,"21":4,"22":184,"23":37,"24":45,"25":49,"26":5,"27":4,"28":2,"29":57,"30":50,"31":3},"b":{"0":[215,215],"1":[172,4644],"2":[3,143],"3":[143,47,47,0],"4":[211,31],"5":[3,60],"6":[8,52],"7":[1,51],"8":[0,51],"9":[4],"10":[0,5],"11":[0,5],"12":[5,5],"13":[169],"14":[0,290],"15":[17,273],"16":[0,138],"17":[135,3],"18":[0,37],"19":[15,169],"20":[0,37],"21":[1,36],"22":[1,36],"23":[22,23],"24":[5,44],"25":[5,3],"26":[21,23],"27":[0,23],"28":[5,40,36],"29":[11,24],"30":[1,1],"31":[2,1],"32":[57],"33":[57],"34":[0,157],"35":[5,152],"36":[146,11],"37":[2,9],"38":[2,7],"39":[7,0],"40":[0,0],"41":[3,154],"42":[14,36],"43":[50,50],"44":[0,148],"45":[1,147],"46":[1,146],"47":[0,146]},"meta":{"lastBranch":48,"lastFunction":32,"lastStatement":369,"seen":{"s:6:29:6:55":0,"s:8:21:8:23":1,"s:9:19:9:22":2,"s:10:17:10:31":3,"s:11:26:11:30":4,"s:12:23:12:27":5,"s:13:20:13:24":6,"s:14:27:14:31":7,"s:15:28:15:32":8,"s:16:29:16:32":9,"s:17:18:17:27":10,"s:18:23:18:40":11,"s:19:19:19:23":12,"s:20:24:20:27":13,"s:21:20:21:24":14,"s:22:22:22:24":15,"s:23:27:23:29":16,"s:24:23:24:25":17,"s:25:23:25:24":18,"s:26:29:26:31":19,"s:27:25:27:39":20,"s:29:22:29:60":21,"s:30:17:30:36":22,"s:31:18:31:40":23,"s:32:19:32:45":24,"s:33:20:33:39":25,"s:35:21:35:78":26,"f:37:9:37:27":0,"s:38:18:38:49":27,"s:39:2:39:44":28,"s:40:2:40:39":29,"s:41:2:41:39":30,"s:42:2:42:29":31,"s:43:2:43:17":32,"f:46:9:46:21":1,"s:47:2:47:32":33,"s:48:2:48:20":34,"s:49:2:49:33":35,"f:52:9:52:30":2,"s:53:17:53:49":36,"s:54:2:54:21":37,"s:55:2:55:22":38,"s:56:14:56:37":39,"s:58:2:58:28":40,"s:59:2:59:31":41,"s:61:2:61:45":42,"s:62:2:62:31":43,"s:64:2:74:3":44,"s:64:17:64:18":45,"s:65:14:65:26":46,"s:66:4:66:92":47,"b:66:36:66:62:66:65:66:91":0,"s:67:4:67:20":48,"s:68:4:68:27":49,"s:69:4:69:22":50,"s:70:4:70:28":51,"s:71:4:71:27":52,"s:72:4:72:20":53,"s:73:4:73:15":54,"s:76:2:76:49":55,"s:77:2:77:36":56,"f:80:9:80:22":3,"s:81:2:81:24":57,"s:82:2:82:18":58,"s:83:2:83:42":59,"s:84:2:84:35":60,"s:85:2:85:42":61,"s:86:2:86:35":62,"s:87:2:87:18":63,"s:88:2:88:13":64,"f:91:9:91:31":4,"s:92:17:92:49":65,"s:93:2:93:21":66,"s:94:2:94:22":67,"s:95:14:95:37":68,"s:97:2:97:32":69,"s:99:15:99:68":70,"s:100:2:100:50":71,"s:101:2:101:48":72,"s:102:2:102:23":73,"s:103:2:103:31":74,"s:105:2:105:62":75,"s:106:2:106:63":76,"s:107:2:107:64":77,"s:109:2:109:46":78,"s:110:2:110:33":79,"s:112:2:112:48":80,"s:113:2:113:20":81,"s:114:2:114:35":82,"s:116:18:116:49":83,"s:117:2:117:44":84,"s:118:2:118:17":85,"f:121:9:121:28":5,"s:122:2:122:13":86,"s:123:2:123:24":87,"s:124:2:124:26":88,"s:126:2:126:46":89,"s:127:2:127:18":90,"s:128:2:128:33":91,"s:129:2:129:21":92,"s:130:2:134:3":93,"s:130:15:130:16":94,"s:131:15:131:26":95,"s:132:15:132:26":96,"s:133:4:133:45":97,"s:135:2:135:22":98,"s:136:2:136:22":99,"s:137:2:137:18":100,"s:138:2:138:13":101,"s:140:2:140:43":102,"s:141:2:141:18":103,"s:142:2:142:39":104,"s:143:2:143:38":105,"s:144:2:144:13":106,"s:146:2:146:16":107,"f:149:9:149:31":6,"s:150:17:150:49":108,"s:151:2:151:21":109,"s:152:2:152:22":110,"s:153:14:153:37":111,"s:155:2:155:32":112,"s:157:15:157:68":113,"s:158:2:158:52":114,"s:159:2:159:49":115,"s:160:2:160:23":116,"s:161:2:161:31":117,"s:163:2:173:3":118,"s:163:15:163:16":119,"s:164:4:164:64":120,"s:165:4:165:22":121,"s:166:4:166:20":122,"s:167:4:171:5":123,"s:167:17:167:19":124,"s:168:16:168:56":125,"b:169:6:170:28:170:11:170:28":1,"s:169:6:170:28":126,"s:169:20:169:37":127,"s:170:11:170:28":128,"s:172:4:172:17":129,"s:175:2:175:42":130,"s:177:2:177:48":131,"s:178:2:178:20":132,"s:179:2:179:35":133,"s:181:18:181:49":134,"s:182:2:182:44":135,"s:183:2:183:17":136,"s:186:35:189:1":137,"s:191:30:193:1":138,"f:195:2:195:13":7,"s:196:4:196:23":139,"s:197:4:197:22":140,"s:198:4:198:19":141,"s:199:4:199:26":142,"s:200:4:200:40":143,"s:201:4:201:21":144,"s:202:4:202:26":145,"s:203:4:203:27":146,"s:204:4:204:32":147,"s:205:4:205:31":148,"s:206:4:206:28":149,"s:207:4:207:26":150,"s:208:4:208:18":151,"s:210:4:210:30":152,"s:211:4:211:24":153,"s:212:4:212:24":154,"s:214:4:214:26":155,"s:216:4:238:5":156,"s:217:22:217:51":157,"s:218:6:218:39":158,"s:219:6:224:9":159,"s:226:19:226:92":160,"s:227:6:227:33":161,"s:228:6:228:22":162,"s:230:6:230:40":163,"s:231:6:231:32":164,"s:233:6:236:7":165,"s:233:19:233:20":166,"s:234:8:234:43":167,"s:235:8:235:37":168,"s:237:6:237:45":169,"s:240:4:266:5":170,"s:241:6:248:9":171,"s:250:19:254:7":172,"s:255:6:255:33":173,"s:256:6:256:22":174,"s:258:6:258:40":175,"s:259:6:259:32":176,"s:261:6:264:7":177,"s:261:19:261:20":178,"s:262:8:262:43":179,"s:263:8:263:37":180,"s:265:6:265:45":181,"f:268:2:268:15":8,"s:269:4:269:33":182,"f:272:2:272:20":9,"s:273:4:273:43":183,"f:276:2:276:19":10,"s:277:4:277:41":184,"f:280:2:280:16":11,"s:281:4:281:35":185,"f:285:2:285:20":12,"b:286:4:286:43:undefined:undefined:undefined:undefined":2,"s:286:4:286:43":186,"s:286:30:286:43":187,"b:289:6:290:55:291:6:292:51:293:6:294:51:295:6:296:21":3,"s:288:4:297:5":188,"s:290:8:290:55":189,"s:292:8:292:51":190,"s:294:8:294:51":191,"s:296:8:296:21":192,"f:300:2:300:19":13,"s:301:4:301:74":193,"f:301:32:301:33":14,"s:301:42:301:72":194,"f:304:2:304:13":15,"s:305:4:305:84":195,"b:305:11:305:74:305:78:305:83":4,"f:308:2:308:19":16,"b:309:4:309:41:undefined:undefined:undefined:undefined":5,"s:309:4:309:41":196,"s:309:29:309:41":197,"b:310:4:310:65:undefined:undefined:undefined:undefined":6,"s:310:4:310:65":198,"s:310:53:310:65":199,"b:311:4:311:46:undefined:undefined:undefined:undefined":7,"s:311:4:311:46":200,"s:311:34:311:46":201,"b:312:4:312:57:undefined:undefined:undefined:undefined":8,"s:312:4:312:57":202,"s:312:45:312:57":203,"s:313:4:313:17":204,"f:316:2:316:25":17,"b:316:57:316:73":9,"s:317:21:317:55":205,"s:318:19:318:53":206,"s:320:4:326:5":207,"s:320:17:320:18":208,"s:321:16:321:31":209,"b:322:6:322:30:undefined:undefined:undefined:undefined":10,"s:322:6:322:30":210,"s:322:21:322:30":211,"s:323:26:323:40":212,"s:324:24:324:38":213,"b:325:6:325:70:undefined:undefined:undefined:undefined":11,"s:325:6:325:70":214,"b:325:10:325:31:325:35:325:56":12,"s:325:58:325:70":215,"s:327:4:327:17":216,"f:330:2:330:15":18,"b:330:28:330:29":13,"s:331:4:335:5":217,"s:331:17:331:18":218,"s:332:16:332:31":219,"b:333:6:333:30:undefined:undefined:undefined:undefined":14,"s:333:6:333:30":220,"s:333:21:333:30":221,"b:334:6:334:50:undefined:undefined:undefined:undefined":15,"s:334:6:334:50":222,"s:334:38:334:50":223,"s:336:4:336:17":224,"f:339:2:339:14":19,"s:340:19:340:20":225,"s:341:4:345:5":226,"s:341:17:341:18":227,"s:342:16:342:31":228,"b:343:6:343:30:undefined:undefined:undefined:undefined":16,"s:343:6:343:30":229,"s:343:21:343:30":230,"b:344:6:344:41:undefined:undefined:undefined:undefined":17,"s:344:6:344:41":231,"s:344:26:344:41":232,"s:346:4:346:20":233,"f:349:2:349:11":20,"s:350:18:350:38":234,"b:351:4:351:40:undefined:undefined:undefined:undefined":18,"s:351:4:351:40":235,"s:351:28:351:40":236,"s:352:4:352:23":237,"f:355:2:355:10":21,"s:356:4:356:64":238,"s:357:4:357:65":239,"s:358:4:358:36":240,"f:361:2:361:19":22,"s:362:18:362:69":241,"b:364:4:380:5:371:11:380:5":19,"s:364:4:380:5":242,"s:365:6:365:28":243,"s:366:6:366:60":244,"s:367:6:367:27":245,"s:368:6:368:30":246,"s:369:6:369:59":247,"s:370:6:370:43":248,"s:372:21:372:95":249,"s:373:6:373:23":250,"s:374:20:374:68":251,"s:375:6:375:55":252,"s:376:6:376:27":253,"s:377:6:377:38":254,"s:378:6:378:59":255,"s:379:6:379:49":256,"s:382:4:382:74":257,"s:383:4:383:71":258,"f:385:2:385:15":23,"s:386:17:386:37":259,"b:387:4:387:30:undefined:undefined:undefined:undefined":20,"s:387:4:387:30":260,"s:387:23:387:30":261,"s:389:16:389:31":262,"b:390:4:406:5:397:11:406:5":21,"s:390:4:406:5":263,"s:391:6:391:24":264,"s:392:6:392:24":265,"s:393:6:393:18":266,"s:394:6:394:24":267,"s:395:6:395:26":268,"s:396:6:396:48":269,"s:398:6:405:8":270,"s:407:4:407:34":271,"b:409:4:413:5:411:11:413:5":22,"s:409:4:413:5":272,"s:410:6:410:46":273,"s:412:6:412:31":274,"s:414:4:414:24":275,"f:417:2:417:10":24,"s:418:22:418:46":276,"b:419:4:419:44:undefined:undefined:undefined:undefined":23,"s:419:4:419:44":277,"s:419:32:419:44":278,"s:420:4:420:67":279,"f:423:2:423:7":25,"b:424:4:431:5:undefined:undefined:undefined:undefined":24,"s:424:4:431:5":280,"s:425:6:428:7":281,"s:425:22:425:23":282,"s:426:8:426:24":283,"b:427:8:427:55:undefined:undefined:undefined:undefined":25,"s:427:8:427:55":284,"s:427:49:427:55":285,"s:429:6:429:28":286,"s:430:6:430:13":287,"s:433:17:433:32":288,"b:434:4:437:5:undefined:undefined:undefined:undefined":26,"s:434:4:437:5":289,"s:435:6:435:28":290,"s:436:6:436:13":291,"s:439:17:439:46":292,"s:440:19:440:36":293,"s:441:4:441:47":294,"b:442:4:445:5:undefined:undefined:undefined:undefined":27,"s:442:4:445:5":295,"s:443:6:443:28":296,"s:444:6:444:13":297,"s:447:4:447:69":298,"s:448:4:448:41":299,"f:451:2:451:9":26,"s:452:17:452:18":300,"s:453:19:453:20":301,"s:454:4:459:5":302,"b:454:11:454:34:454:38:454:62:454:66:454:97":28,"s:455:21:455:38":303,"s:456:6:456:19":304,"b:457:6:457:47:undefined:undefined:undefined:undefined":29,"s:457:6:457:47":305,"s:457:38:457:47":306,"s:458:6:458:17":307,"f:462:2:462:15":27,"s:463:4:463:25":308,"s:464:4:464:42":309,"s:465:4:465:26":310,"f:468:2:468:14":28,"s:469:16:469:43":311,"b:470:4:470:55:undefined:undefined:undefined:undefined":30,"s:470:4:470:55":312,"b:470:8:470:18:470:22:470:46":31,"s:470:48:470:55":313,"s:472:4:472:30":314,"s:473:4:473:60":315,"s:474:4:474:24":316,"f:477:2:477:17":29,"b:477:49:477:50":32,"b:477:64:477:69":33,"s:478:4:491:5":317,"s:478:17:478:18":318,"s:479:16:479:31":319,"b:480:6:480:30:undefined:undefined:undefined:undefined":34,"s:480:6:480:30":320,"s:480:21:480:30":321,"s:482:23:482:80":322,"b:482:44:482:59:482:62:482:80":35,"b:483:6:483:45:undefined:undefined:undefined:undefined":36,"s:483:6:483:45":323,"s:483:36:483:45":324,"b:484:6:484:42:undefined:undefined:undefined:undefined":37,"s:484:6:484:42":325,"s:484:33:484:42":326,"b:485:6:485:67:undefined:undefined:undefined:undefined":38,"s:485:6:485:67":327,"s:485:58:485:67":328,"s:487:22:487:83":329,"b:487:22:487:25:487:30:487:82":39,"b:487:51:487:62:487:65:487:82":40,"b:488:6:488:74:undefined:undefined:undefined:undefined":41,"s:488:6:488:74":330,"s:488:65:488:74":331,"s:490:6:490:15":332,"s:492:4:492:16":333,"f:495:2:495:8":30,"s:496:4:496:20":334,"s:497:4:499:5":335,"s:498:6:498:50":336,"s:501:4:501:26":337,"b:502:4:504:5:undefined:undefined:undefined:undefined":42,"s:502:4:504:5":338,"b:502:8:502:28:502:32:502:69":43,"s:503:6:503:19":339,"s:506:17:506:27":340,"s:507:16:507:17":341,"s:509:4:529:5":342,"s:509:17:509:18":343,"s:510:16:510:31":344,"b:511:6:511:30:undefined:undefined:undefined:undefined":44,"s:511:6:511:30":345,"s:511:21:511:30":346,"s:513:6:513:18":347,"b:515:6:518:7:undefined:undefined:undefined:undefined":45,"s:515:6:518:7":348,"s:516:8:516:30":349,"s:517:8:517:17":350,"s:520:6:520:32":351,"b:522:6:525:7:undefined:undefined:undefined:undefined":46,"s:522:6:525:7":352,"s:523:8:523:30":353,"s:524:8:524:17":354,"b:527:6:527:47:undefined:undefined:undefined:undefined":47,"s:527:6:527:47":355,"s:527:23:527:47":356,"s:528:6:528:14":357,"s:531:4:531:30":358,"f:534:2:534:7":31,"s:535:4:537:5":359,"s:535:17:535:18":360,"s:536:6:536:42":361,"s:538:4:538:26":362,"s:539:4:539:26":363,"s:540:4:540:21":364,"s:541:4:541:18":365,"s:542:4:544:5":366,"s:543:6:543:42":367,"s:545:4:545:19":368},"fnNames":{}}}
,"C:\\Users\\ege19\\OneDrive\\Masaüstü\\web-oyunu\\src\\CoinManager.js": {"path":"C:\\Users\\ege19\\OneDrive\\Masaüstü\\web-oyunu\\src\\CoinManager.js","statementMap":{"0":{"start":{"line":5,"column":18},"end":{"line":5,"column":20}},"1":{"start":{"line":6,"column":20},"end":{"line":6,"column":24}},"2":{"start":{"line":7,"column":23},"end":{"line":7,"column":26}},"3":{"start":{"line":8,"column":23},"end":{"line":8,"column":27}},"4":{"start":{"line":9,"column":24},"end":{"line":9,"column":28}},"5":{"start":{"line":10,"column":21},"end":{"line":10,"column":25}},"6":{"start":{"line":11,"column":19},"end":{"line":11,"column":23}},"7":{"start":{"line":14,"column":16},"end":{"line":14,"column":23}},"8":{"start":{"line":15,"column":15},"end":{"line":15,"column":50}},"9":{"start":{"line":16,"column":18},"end":{"line":16,"column":30}},"10":{"start":{"line":17,"column":2},"end":{"line":17,"column":53}},"11":{"start":{"line":19,"column":24},"end":{"line":19,"column":27}},"12":{"start":{"line":20,"column":20},"end":{"line":20,"column":24}},"13":{"start":{"line":21,"column":22},"end":{"line":21,"column":23}},"14":{"start":{"line":22,"column":27},"end":{"line":22,"column":28}},"15":{"start":{"line":23,"column":23},"end":{"line":23,"column":26}},"16":{"start":{"line":24,"column":23},"end":{"line":24,"column":25}},"17":{"start":{"line":25,"column":29},"end":{"line":25,"column":31}},"18":{"start":{"line":26,"column":25},"end":{"line":26,"column":41}},"19":{"start":{"line":27,"column":20},"end":{"line":27,"column":23}},"20":{"start":{"line":29,"column":22},"end":{"line":29,"column":60}},"21":{"start":{"line":30,"column":17},"end":{"line":30,"column":36}},"22":{"start":{"line":31,"column":18},"end":{"line":31,"column":40}},"23":{"start":{"line":32,"column":19},"end":{"line":32,"column":45}},"24":{"start":{"line":33,"column":20},"end":{"line":33,"column":39}},"25":{"start":{"line":34,"column":16},"end":{"line":34,"column":42}},"26":{"start":{"line":37,"column":17},"end":{"line":37,"column":49}},"27":{"start":{"line":38,"column":2},"end":{"line":38,"column":21}},"28":{"start":{"line":39,"column":2},"end":{"line":39,"column":22}},"29":{"start":{"line":40,"column":14},"end":{"line":40,"column":37}},"30":{"start":{"line":41,"column":13},"end":{"line":41,"column":15}},"31":{"start":{"line":42,"column":13},"end":{"line":42,"column":15}},"32":{"start":{"line":44,"column":14},"end":{"line":44,"column":62}},"33":{"start":{"line":45,"column":2},"end":{"line":45,"column":33}},"34":{"start":{"line":46,"column":2},"end":{"line":46,"column":35}},"35":{"start":{"line":47,"column":2},"end":{"line":47,"column":33}},"36":{"start":{"line":48,"column":2},"end":{"line":48,"column":22}},"37":{"start":{"line":49,"column":2},"end":{"line":49,"column":18}},"38":{"start":{"line":50,"column":2},"end":{"line":50,"column":38}},"39":{"start":{"line":51,"column":2},"end":{"line":51,"column":13}},"40":{"start":{"line":53,"column":2},"end":{"line":53,"column":28}},"41":{"start":{"line":54,"column":2},"end":{"line":54,"column":18}},"42":{"start":{"line":55,"column":2},"end":{"line":55,"co
[...]
lumn":34}},"loc":{"start":{"line":60,"column":37},"end":{"line":123,"column":1}},"line":60},"2":{"name":"tileLocalZ","decl":{"start":{"line":125,"column":9},"end":{"line":125,"column":19}},"loc":{"start":{"line":125,"column":31},"end":{"line":127,"column":1}},"line":125},"3":{"name":"createFloorTileBoxGeometry","decl":{"start":{"line":129,"column":9},"end":{"line":129,"column":35}},"loc":{"start":{"line":129,"column":47},"end":{"line":143,"column":1}},"line":129},"4":{"name":"translateGeo","decl":{"start":{"line":145,"column":9},"end":{"line":145,"column":21}},"loc":{"start":{"line":145,"column":36},"end":{"line":149,"column":1}},"line":145},"5":{"name":"buildSideDecorTileGeo","decl":{"start":{"line":151,"column":9},"end":{"line":151,"column":30}},"loc":{"start":{"line":151,"column":70},"end":{"line":159,"column":1}},"line":151},"6":{"name":"buildRailsTileGeo","decl":{"start":{"line":161,"column":9},"end":{"line":161,"column":26}},"loc":{"start":{"line":161,"column":44},"end":{"line":169,"column":1}},"line":161},"7":{"name":"constructor","decl":{"start":{"line":172,"column":2},"end":{"line":172,"column":13}},"loc":{"start":{"line":172,"column":21},"end":{"line":249,"column":3}},"line":172},"8":{"name":"(anonymous_8)","decl":{"start":{"line":235,"column":66},"end":{"line":235,"column":67}},"loc":{"start":{"line":236,"column":6},"end":{"line":236,"column":35}},"line":236},"9":{"name":"createSegment","decl":{"start":{"line":251,"column":2},"end":{"line":251,"column":15}},"loc":{"start":{"line":251,"column":19},"end":{"line":300,"column":3}},"line":251},"10":{"name":"findSegmentNearest","decl":{"start":{"line":302,"column":2},"end":{"line":302,"column":20}},"loc":{"start":{"line":302,"column":29},"end":{"line":308,"column":3}},"line":302},"11":{"name":"getFloorEdgeBeforeGap","decl":{"start":{"line":311,"column":2},"end":{"line":311,"column":23}},"loc":{"start":{"line":311,"column":54},"end":{"line":314,"column":3}},"line":311},"12":{"name":"getFloorEdgeAfterGap","decl":{"start":{"line":317,"column":2},"end":{"line":317,"column":22}},"loc":{"start":{"line":317,"column":49},"end":{"line":320,"column":3}},"line":317},"13":{"name":"tileIntersectsGap","decl":{"start":{"line":322,"column":2},"end":{"line":322,"column":19}},"loc":{"start":{"line":322,"column":40},"end":{"line":329,"column":3}},"line":322},"14":{"name":"updateGapMask","decl":{"start":{"line":331,"column":2},"end":{"line":331,"column":15}},"loc":{"start":{"line":331,"column":28},"end":{"line":343,"column":3}},"line":331},"15":{"name":"getRearZ","decl":{"start":{"line":345,"column":2},"end":{"line":345,"column":10}},"loc":{"start":{"line":345,"column":27},"end":{"line":352,"column":3}},"line":345},"16":{"name":"update","decl":{"start":{"line":354,"column":2},"end":{"line":354,"column":8}},"loc":{"start":{"line":354,"column":20},"end":{"line":378,"column":3}},"line":354},"17":{"name":"reset","decl":{"start":{"line":380,"column":2},"end":{"line":380,"column":7}},"loc":{"start":{"line":380,"column":10},"end":{"line":392,"column":3}},"line":380},"18":{"name":"(anonymous_18)","decl":{"start":{"line":383,"column":26},"end":{"line":383,"column":27}},"loc":{"start":{"line":383,"column":38},"end":{"line":391,"column":5}},"line":383}},"branchMap":{"0":{"loc":{"start":{"line":137,"column":4},"end":{"line":139,"column":5}},"type":"if","locations":[{"start":{"line":137,"column":4},"end":{"line":139,"column":5}},{"start":{},"end":{}}],"line":137},"1":{"loc":{"start":{"line":305,"column":6},"end":{"line":305,"column":75}},"type":"if","locations":[{"start":{"line":305,"column":6},"end":{"line":305,"column":75}},{"start":{},"end":{}}],"line":305},"2":{"loc":{"start":{"line":311,"column":35},"end":{"line":311,"column":52}},"type":"default-arg","locations":[{"start":{"line":311,"column":43},"end":{"line":311,"column":52}}],"line":311},"3":{"loc":{"start":{"line":317,"column":32},"end":{"line":317,"column":47}},"type":"default-arg","locations":[{"start":{"line":317,"column":40},"end":{"line":317,"column":47}}],"line":317},"4":{"loc":{"start":{"line":325,"column":6},"end":{"line":327,"column":45}},"type":"binary-expr","locations":[{"start":{"line":325,"column":6},"end":{"line":325,"column":38}},{"start":{"line":326,"column":6},"end":{"line":326,"column":45}},{"start":{"line":327,"column":6},"end":{"line":327,"column":45}}],"line":325},"5":{"loc":{"start":{"line":332,"column":4},"end":{"line":332,"column":28}},"type":"if","locations":[{"start":{"line":332,"column":4},"end":{"line":332,"column":28}},{"start":{},"end":{}}],"line":332},"6":{"loc":{"start":{"line":345,"column":11},"end":{"line":345,"column":25}},"type":"default-arg","locations":[{"start":{"line":345,"column":21},"end":{"line":345,"column":25}}],"line":345},"7":{"loc":{"start":{"line":348,"column":6},"end":{"line":348,"column":36}},"type":"if","locations":[{"start":{"line":348,"column":6},"end":{"line":348,"column":36}},{"start":{},"end":{}}],"line":348},"8":{"loc":{"start":{"line":349,"column":6},"end":{"line":349,"column":37}},"type":"if","locations":[{"start":{"line":349,"column":6},"end":{"line":349,"column":37}},{"start":{},"end":{}}],"line":349},"9":{"loc":{"start":{"line":372,"column":6},"end":{"line":376,"column":7}},"type":"if","locations":[{"start":{"line":372,"column":6},"end":{"line":376,"column":7}},{"start":{},"end":{}}],"line":372}},"s":{"0":7,"1":7,"2":7,"3":7,"4":7,"5":7,"6":7,"7":7,"8":7,"9":7,"10":7,"11":7,"12":29,"13":29,"14":29,"15":29,"16":29,"17":29,"18":29,"19":29,"20":29,"21":29,"22":29,"23":29,"24":29,"25":29,"26":29,"27":29,"28":29,"29":29,"30":29,"31":29,"32":29,"33":203,"34":203,"35":203,"36":203,"37":29,"38":29,"39":29,"40":29,"41":29,"42":29,"43":29,"44":29,"45":29,"46":29,"47":29,"48":29,"49":29,"50":29,"51":29,"52":29,"53":29,"54":29,"55":29,"56":29,"57":29,"58":29,"59":29,"60":29,"61":29,"62":29,"63":29,"64":29,"65":87,"66":87,"67":87,"68":87,"69":87,"70":87,"71":29,"72":29,"73":87,"74":87,"75":87,"76":87,"77":87,"78":87,"79":29,"80":29,"81":29,"82":58,"83":58,"84":58,"85":58,"86":58,"87":29,"88":29,"89":29,"90":29,"91":29,"92":29,"93":29,"94":29,"95":29,"96":29,"97":29,"98":29,"99":29,"100":4060,"101":290,"102":290,"103":290,"104":290,"105":290,"106":290,"107":290,"108":6960,"109":1160,"110":290,"111":24360,"112":24360,"113":24360,"114":8120,"115":8120,"116":8120,"117":16240,"118":8120,"119":4060,"120":4060,"121":4060,"122":8120,"123":4060,"124":29,"125":29,"126":29,"127":29,"128":29,"129":29,"130":29,"131":29,"132":29,"133":29,"134":29,"135":29,"136":29,"137":29,"138":290,"139":29,"140":29,"141":29,"142":29,"143":29,"144":29,"145":29,"146":29,"147":406,"148":406,"149":406,"150":406,"151":406,"152":406,"153":4060,"154":4060,"155":4060,"156":4060,"157":4060,"158":4060,"159":4060,"160":4060,"161":4060,"162":4060,"163":4060,"164":4060,"165":4060,"166":4060,"167":4060,"168":4060,"169":4060,"170":4060,"171":4060,"172":4060,"173":4060,"174":4060,"175":4060,"176":4060,"177":4060,"178":406,"179":406,"180":10,"181":10,"182":140,"183":80,"184":10,"185":5,"186":5,"187":5,"188":5,"189":7420,"190":7420,"191":54,"192":1,"193":53,"194":742,"195":7420,"196":7420,"197":7420,"198":44520,"199":2,"200":2,"201":28,"202":2,"203":26,"204":26,"205":2,"206":48,"207":48,"208":48,"209":48,"210":48,"211":48,"212":48,"213":48,"214":48,"215":672,"216":672,"217":48,"218":672,"219":672,"220":1,"221":1,"222":1,"223":3,"224":3,"225":3,"226":42,"227":42,"228":42,"229":420,"230":2520},"f":{"0":29,"1":29,"2":4060,"3":290,"4":24360,"5":8120,"6":4060,"7":29,"8":290,"9":406,"10":10,"11":5,"12":5,"13":7420,"14":54,"15":2,"16":48,"17":3,"18":42},"b":{"0":[1160,5800],"1":[80,60],"2":[5],"3":[5],"4":[7420,7240,7140],"5":[1,53],"6":[2],"7":[2,26],"8":[26,0],"9":[1,671]},"meta":{"lastBranch":10,"lastFunction":19,"lastStatement":231,"seen":{"s:4:23:4:25":0,"s:5:20:5:21":1,"s:6:21:6:39":2,"s:7:25:7:27":3,"s:8:26:8:59":4,"s:9:24:9:45":5,"s:10:24:10:28":6,"s:11:16:11:36":7,"s:12:17:12:18":8,"s:13:24:13:51":9,"s:14:22:14:44":10,"s:15:31:15:35":11,"f:17:9:17:26":0,"s:18:17:18:49":12,"s:19:2:19:21":13,"s:20:2:20:22":14,"s:21:14:21:37":15,"s:23:15:23:53":16,"s:24:2:24:34":17,"s:25:2:25:37":18,"s:26:2:26:37":19,"s:27:2:27:34":20,"s:28:2:28:23":21,"s:29:2:29:31":22,"s:31:21:31:59":23,"s:32:2:32:58":24,"s:33:2:33:52":25,"s:34:2:34:54":26,"s:35:2:35:29":27,"s:36:2:36:31":28,"s:38:2:38:48":29,"s:39:2:39:20":30,"s:40:2:45:3":31,"s:40:15:40:17":32,"s:41:4:41:20":33,"s:42:4:42:21":34,"s:43:4:43:23":35,"s:44:4:44:17":36,"s:47:20:47:59":37,"s:48:2:48:54":38,"s:49:2:49:57":39,"s:50:2:50:28":40,"s:51:2:51:31":41,"s:53:18:53:49":42,"s:54:2:54:44":43,"s:55:2:55:39":44,"s:56:2:56:39":45,"s:57:2:57:17":46,"f:60:9:60:34":1,"s:61:17:61:49":47,"s:62:2:62:21":48,"s:63:2:63:22":49,"s:64:14:64:37":50,"s:66:15:66:53":51,"s:67:2:67:34":52,"s:68:2:68:36":53,"s:69:2:69:34":54,"s:70:2:70:23":55,"s:71:2:71:31":56,"s:73:16:73:54":57,"s:74:2:74:52":58,"s:75:2:75:53":59,"s:76:2:76:52":60,"s:77:2:77:24":61,"s:78:2:78:31":62,"s:80:2:87:3":63,"s:80:15:80:17":64,"s:81:4:81:50":65,"s:82:4:82:22":66,"s:83:4:83:20":67,"s:84:4:84:21":68,"s:85:4:85:23":69,"s:86:4:86:17":70,"s:89:16:89:30":71,"s:90:2:97:3":72,"s:91:21:91:67":73,"s:92:4:92:49":74,"s:93:4:93:60":75,"s:94:4:94:49":76,"s:95:4:95:29":77,"s:96:4:96:38":78,"s:99:2:99:47":79,"s:100:2:100:20":80,"s:101:2:107:3":81,"s:102:4:102:30":82,"s:103:4:103:20":83,"s:104:4:104:22":84,"s:105:4:105:24":85,"s:106:4:106:17":86,"s:108:2:108:22":87,"s:110:19:110:57":88,"s:111:2:111:56":89,"s:112:2:112:50":90,"s:113:2:113:50":91,"s:114:2:114:56":92,"s:115:2:115:27":93,"s:116:2:116:31":94,"s:118:18:118:49":95,"s:119:2:119:44":96,"s:120:2:120:39":97,"s:121:2:121:44":98,"s:122:2:122:17":99,"f:125:9:125:19":2,"s:126:2:126:73":100,"f:129:9:129:35":3,"s:130:14:130:84":101,"s:131:13:131:30":102,"s:132:17:132:38":103,"s:133:14:133:42":104,"s:134:14:134:48":105,"s:136:2:140:3":106,"s:136:15:136:16":107,"b:137:4:139:5:undefined:undefined:undefined:undefined":0,"s:137:4:139:5":108,"s:138:6:138:49":109,"s:142:2:142:13":110,"f:145:9:145:21":4,"s:146:12:146:23":111,"s:147:2:147:23":112,"s:148:2:148:11":113,"f:151:9:151:30":5,"s:152:16:155:3":114,"s:156:16:156:46":115,"s:157:2:157:37":116,"s:157:25:157:37":117,"s:158:2:158:16":118,"f:161:9:161:26":6,"s:162:16:165:3":119,"s:166:16:166:46":120,"s:167:2:167:37":121,"s:167:25:167:37":122,"s:168:2:168:16":123,"f:172:2:172:13":7,"s:173:4:173:23":124,"s:174:4:174:23":125,"s:175:4:175:23":126,"s:176:4:176:23":127,"s:178:24:178:43":128,"s:179:4:179:54":129,"s:181:25:181:52":130,"s:183:4:188:7":131,"s:190:4:198:7":132,"s:200:4:207:6":133,"s:209:4:217:7":134,"s:219:4:225:7":135,"s:227:4:233:7":136,"s:235:4:237:6":137,"f:235:66:235:67":8,"s:236:6:236:35":138,"s:238:4:238:73":139,"s:239:4:239:75":140,"s:240:4:240:75":141,"s:241:4:241:74":142,"s:243:4:243:40":143,"s:244:4:244:40":144,"s:246:4:248:5":145,"s:246:17:246:18":146,"s:247:6:247:66":147,"f:251:2:251:15":9,"s:252:18:252:35":148,"s:253:4:253:25":149,"s:255:23:255:25":150,"s:257:4:296:5":151,"s:257:17:257:18":152,"s:258:21:258:34":153,"s:259:21:259:23":154,"s:261:20:261:73":155,"s:262:6:262:45":156,"s:263:6:263:33":157,"s:264:6:264:23":158,"s:265:6:265:25":159,"s:267:23:267:69":160,"s:268:6:268:54":161,"s:269:6:269:26":162,"s:270:6:270:28":163,"s:272:24:272:70":164,"s:273:6:273:54":165,"s:274:6:274:27":166,"s:275:6:275:29":167,"s:277:24:280:7":168,"s:281:6:281:27":169,"s:282:6:282:29":170,"s:284:25:287:7":171,"s:288:6:288:28":172,"s:289:6:289:30":173,"s:291:20:291:93":174,"s:292:6:292:23":175,"s:293:6:293:25":176,"s:295:6:295:42":177,"s:298:4:298:26":178,"s:299:4:299:36":179,"f:302:2:302:20":10,"s:303:15:303:31":180,"s:304:4:306:5":181,"b:305:6:305:75:undefined:undefined:undefined:undefined":1,"s:305:6:305:75":182,"s:305:64:305:75":183,"s:307:4:307:16":184,"f:311:2:311:23":11,"b:311:43:311:52":2,"s:312:17:312:64":185,"s:313:4:313:89":186,"f:317:2:317:22":12,"b:317:40:317:47":3,"s:318:17:318:64":187,"s:319:4:319:86":188,"f:322:2:322:19":13,"s:323:17:323:32":189,"s:324:4:328:6":190,"b:325:6:325:38:326:6:326:45:327:6:327:45":4,"f:331:2:331:15":14,"b:332:4:332:28:undefined:undefined:undefined:undefined":5,"s:332:4:332:28":191,"s:332:21:332:28":192,"s:334:4:342:5":193,"s:335:6:341:7":194,"s:336:23:336:42":195,"s:337:24:337:67":196,"s:338:8:340:9":197,"s:339:10:339:33":198,"f:345:2:345:10":15,"b:345:21:345:25":6,"s:346:15:346:23":199,"s:347:4:350:5":200,"b:348:6:348:36:undefined:undefined:undefined:undefined":7,"s:348:6:348:36":201,"s:348:27:348:36":202,"b:349:6:349:37:undefined:undefined:undefined:undefined":8,"s:349:6:349:37":203,"s:349:24:349:37":204,"s:351:4:351:16":205,"f:354:2:354:8":16,"s:355:4:355:25":206,"s:356:18:356:62":207,"s:357:22:357:72":208,"s:358:23:358:66":209,"s:359:4:359:34":210,"s:360:4:360:37":211,"s:361:4:361:52":212,"s:363:17:363:27":213,"s:365:4:368:5":214,"s:366:6:366:35":215,"s:367:6:367:35":216,"s:370:4:377:5":217,"s:371:23:371:43":218,"b:372:6:376:7:undefined:undefined:undefined:undefined":9,"s:372:6:376:7":219,"s:373:22:373:40":220,"s:374:8:374:54":221,"s:375:8:375:37":222,"f:380:2:380:7":17,"s:381:4:381:23":223,"s:382:4:382:46":224,"s:383:4:391:7":225,"f:383:26:383:27":18,"s:384:6:384:49":226,"s:385:6:385:35":227,"s:386:6:390:7":228,"s:387:8:389:9":229,"s:388:10:388:30":230},"fnNames":{}}}
,"C:\\Users\\ege19\\OneDrive\\Masaüstü\\web-oyunu\\src\\scene.js": {"path":"C:\\Users\\ege19\\OneDrive\\Masaüstü\\web-oyunu\\src\\scene.js","statementMap":{"0":{"start":{"line":16,"column":21},"end":{"line":16,"column":35}},"1":{"start":{"line":17,"column":26},"end":{"line":17,"column":29}},"2":{"start":{"line":20,"column":2},"end":{"line":25,"column":3}},"3":{"start":{"line":21,"column":4},"end":{"line":24,"column":6}},"4":{"start":{"line":26,"column":2},"end":{"line":26,"column":66}},"5":{"start":{"line":30,"column":19},"end":{"line":33,"column":4}},"6":{"start":{"line":34,"column":28},"end":{"line":34,"column":45}},"7":{"start":{"line":35,"column":2},"end":{"line":35,"column":34}},"8":{"start":{"line":36,"column":2},"end":{"line":36,"column":63}},"9":{"start":{"line":37,"column":2},"end":{"line":37,"column":36}},"10":{"start":{"line":38,"column":2},"end":{"line":38,"column":45}},"11":{"start":{"line":39,"column":2},"end":{"line":39,"column":47}},"12":{"start":{"line":40,"column":2},"end":{"line":40,"column":37}},"13":{"start":{"line":41,"column":2},"end":{"line":41,"column":49}},"14":{"start":{"line":42,"column":2},"end":{"line":42,"column":18}},"15":{"start":{"line":46,"column":16},"end":{"line":46,"column":27}},"16":{"start":{"line":47,"column":2},"end":{"line":47,"column":43}},"17":{"start":{"line":48,"column":2},"end":{"line":48,"column":15}},"18":{"start":{"line":52,"column":28},"end":{"line":52,"column":45}},"19":{"start":{"line":53,"column":17},"end":{"line":53,"column":68}},"20":{"start":{"line":54,"column":2},"end":{"line":54,"column":33}},"21":{"start":{"line":55,"column":2},"end":{"line":55,"column":28}},"22":{"start":{"line":56,"column":2},"end":{"line":56,"column":16}},"23":{"start":{"line":60,"column":2},"end":{"line":62,"column":3}},"24":{"start":{"line":61,"column":4},"end":{"line":61,"column":65}},"25":{"start":{"line":63,"column":2},"end":{"line":65,"column":3}},"26":{"start":{"line":64,"column":4},"end":{"line":64,"column":61}},"27":{"start":{"line":66,"column":2},"end":{"line":66,"column":58}},"28":{"start":{"line":70,"column":18},"end":{"line":70,"column":49}},"29":{"start":{"line":71,"column":2},"end":{"line":71,"column":21}},"30":{"start":{"line":73,"column":15},"end":{"line":73,"column":50}},"31":{"start":{"line":74,"column":2},"end":{"line":74,"column":31}},"32":{"start":{"line":75,"column":2},"end":{"line":75,"column":25}},"33":{"start":{"line":76,"column":2},"end":{"line":76,"column":38}},"34":{"start":{"line":77,"column":2},"end":{"line":77,"column":30}},"35":{"start":{"line":78,"column":2},"end":{"line":78,"column":30}},"36":{"start":{"line":79,"column":2},"end":{"line":79,"column":32}},"37":{"start":{"line":80,"column":2},"end":{"line":80,"column":32}},"38":{"start":{"line":81,"column":2},"end":{"line":81,"column":30}},"39":{"start":{"line":82,"column":2},"end":{"line":82,"column":34}},"40":{"start":{"line":83,"column":2},"end":{"line":83,"column":18}},"41":{"start":{"line":84,"column":2},"end":{"line":84,"column":38}},"42":{"start":{"line":85,"column":2},"end":{"line":85,"column":25}},"43":{"start":{"line":87,"column":14},"end":{"line":98,"column":3}},"44":{"start":{"line":99,"column":2},"end":{"line":99,"column":25}},"45":{"start":{"line":100,"column":2},"end":{"line":100,"column":31}},"46":{"start":{"line":101,"column":2},"end":{"line":101,"column":17}},"47":{"start":{"line":103,"column":2},"end":{"line":103,"column":23}}},"fnMap":{"0":{"name":"getViewportSize","decl":{"start":{"line":19,"column":16},"end":{"line":19,"column":31}},"loc":{"start":{"line":19,"column":34},"end":{"line":27,"column":1}},"line":19},"1":{"name":"createRenderer","decl":{"start":{"line":29,"column":16},"end":{"line":29,"column":30}},"loc":{"start":{"line":29,"column":33},"end":{"line":43,"column":1}},"line":29},"2":{"name":"createScene","decl":{"start":{"line":45,"column":16},"end":{"line":45,"column":27}},"loc":{"start":{"line":45,"column":30},"end":{"line":49,"column":1}},"line":45},"3":{"name":"createCamera","decl":{"start":{"line":51,"column":16},"end":{"line":51,"column":28}},"loc":{"start":{"line":51,"column":31},"end":{"line":57,"column":1}},"line":51},"4":{"name":"getCameraProfile","decl":{"start":{"line":59,"column":16},"end":{"line":59,"column":32}},"loc":{"start":{"line":59,"column":41},"end":{"line":67,"column":1}},"line":59},"5":{"name":"setupLights","decl":{"start":{"line":69,"column":16},"end":{"line":69,"column":27}},"loc":{"start":{"line":69,"column":35},"end":{"line":104,"column":1}},"line":69}},"branchMap":{"0":{"loc":{"start":{"line":20,"column":2},"end":{"line":25,"column":3}},"type":"if","locations":[{"start":{"line":20,"column":2},"end":{"line":25,"column":3}},{"start":{},"end":{}}],"line":20},"1":{"loc":{"start":{"line":60,"column":2},"end":{"line":62,"column":3}},"type":"if","locations":[{"start":{"line":60,"column":2},"end":{"line":62,"column":3}},{"start":{},"end":{}}],"line":60},"2":{"loc":{"start":{"line":63,"column":2},"end":{"line":65,"column":3}},"type":"if","locations":[{"start":{"line":63,"column":2},"end":{"line":65,"column":3}},{"start":{},"end":{}}],"line":63}},"s":{"0":6,"1":6,"2":20,"3":0,"4":20,"5":0,"6":0,"7":0,"8":0,"9":0,"10":0,"11":0,"12":0,"13":0,"14":0,"15":20,"16":20,"17":20,"18":20,"19":20,"20":20,"21":20,"22":20,"23":49,"24":0,"25":49,"26":0,"27":49,"28":20,"29":20,"30":20,"31":20,"32":20,"33":20,"34":20,"35":20,"36":20,"37":20,"38":20,"39":20,"40":20,"41":20,"42":20,"43":20,"44":20,"45":20,"46":20,"47":20},"f":{"0":20,"1":0,"2":20,"3":20,"4":49,"5":20},"b":{"0":[0,20],"1":[0,49],"2":[0,49]},"meta":{"lastBranch":3,"lastFunction":6,"lastStatement":48,"seen":{"s:16:21:16:35":0,"s:17:26:17:29":1,"f:19:16:19:31":0,"b:20:2:25:3:undefined:undefined:undefined:undefined":0,"s:20:2:25:3":2,"s:21:4:24:6":3,"s:26:2:26:66":4,"f:29:16:29:30":1,"s:30:19:33:4":5,"s:34:28:34:45":6,"s:35:2:35:34":7,"s:36:2:36:63":8,"s:37:2:37:36":9,"s:38:2:38:45":10,"s:39:2:39:47":11,"s:40:2:40:37":12,"s:41:2:41:49":13,"s:42:2:42:18":14,"f:45:16:45:27":2,"s:46:16:46:27":15,"s:47:2:47:43":16,"s:48:2:48:15":17,"f:51:16:51:28":3,"s:52:28:52:45":18,"s:53:17:53:68":19,"s:54:2:54:33":20,"s:55:2:55:28":21,"s:56:2:56:16":22,"f:59:16:59:32":4,"b:60:2:62:3:undefined:undefined:undefined:undefined":1,"s:60:2:62:3":23,"s:61:4:61:65":24,"b:63:2:65:3:undefined:undefined:undefined:undefined":2,"s:63:2:65:3":25,"s:64:4:64:61":26,"s:66:2:66:58":27,"f:69:16:69:27":5,"s:70:18:70:49":28,"s:71:2:71:21":29,"s:73:15:73:50":30,"s:74:2:74:31":31,"s:75:2:75:25":32,"s:76:2:76:38":33,"s:77:2:77:30":34,"s:78:2:78:30":35,"s:79:2:79:32":36,"s:80:2:80:32":37,"s:81:2:81:30":38,"s:82:2:82:34":39,"s:83:2:83:18":40,"s:84:2:84:38":41,"s:85:2:85:25":42,"s:87:14:98:3":43,"s:99:2:99:25":44,"s:100:2:100:31":45,"s:101:2:101:17":46,"s:103:2:103:23":47},"fnNames":{}}}
}
