{"C:\\Users\\ege19\\OneDrive\\Masaüstü\\web-oyunu\\src\\BoosterEffects.js": {"path":"C:\\Users\\ege19\\OneDrive\\Masaüstü\\web-oyunu\\src\\BoosterEffects.js","statementMap":{"0":{"start":{"line":1,"column":30},"end":{"line":1,"column":31}},"1":{"start":{"line":2,"column":30},"end":{"line":2,"column":31}},"2":{"start":{"line":3,"column":32},"end":{"line":3,"column":35}},"3":{"start":{"line":4,"column":29},"end":{"line":4,"column":33}},"4":{"start":{"line":8,"column":4},"end":{"line":8,"column":24}},"5":{"start":{"line":9,"column":4},"end":{"line":9,"column":24}},"6":{"start":{"line":10,"column":4},"end":{"line":10,"column":32}},"7":{"start":{"line":14,"column":4},"end":{"line":14,"column":24}},"8":{"start":{"line":15,"column":4},"end":{"line":15,"column":24}},"9":{"start":{"line":16,"column":4},"end":{"line":16,"column":32}},"10":{"start":{"line":20,"column":4},"end":{"line":20,"column":31}},"11":{"start":{"line":24,"column":4},"end":{"line":24,"column":31}},"12":{"start":{"line":28,"column":4},"end":{"line":28,"column":54}},"13":{"start":{"line":32,"column":4},"end":{"line":44,"column":5}},"14":{"start":{"line":34,"column":8},"end":{"line":34,"column":41}},"15":{"start":{"line":35,"column":8},"end":{"line":35,"column":14}},"16":{"start":{"line":37,"column":8},"end":{"line":37,"column":35}},"17":{"start":{"line":38,"column":8},"end":{"line":38,"column":14}},"18":{"start":{"line":40,"column":8},"end":{"line":40,"column":41}},"19":{"start":{"line":41,"column":8},"end":{"line":41,"column":14}},"20":{"start":{"line":43,"column":8},"end":{"line":43,"column":14}},"21":{"start":{"line":48,"column":4},"end":{"line":48,"column":43}},"22":{"start":{"line":48,"column":30},"end":{"line":48,"column":43}},"23":{"start":{"line":49,"column":4},"end":{"line":49,"column":32}},"24":{"start":{"line":50,"column":4},"end":{"line":50,"column":16}},"25":{"start":{"line":54,"column":4},"end":{"line":54,"column":81}},"26":{"start":{"line":54,"column":29},"end":{"line":54,"column":81}},"27":{"start":{"line":55,"column":4},"end":{"line":55,"column":81}},"28":{"start":{"line":55,"column":29},"end":{"line":55,"column":81}},"29":{"start":{"line":59,"column":4},"end":{"line":63,"column":6}}},"fnMap":{"0":{"name":"constructor","decl":{"start":{"line":7,"column":2},"end":{"line":7,"column":13}},"loc":{"start":{"line":7,"column":16},"end":{"line":11,"column":3}},"line":7},"1":{"name":"reset","decl":{"start":{"line":13,"column":2},"end":{"line":13,"column":7}},"loc":{"start":{"line":13,"column":10},"end":{"line":17,"column":3}},"line":13},"2":{"name":"isGhostActive","decl":{"start":{"line":19,"column":2},"end":{"line":19,"column":15}},"loc":{"start":{"line":19,"column":18},"end":{"line":21,"column":3}},"line":19},"3":{"name":"isSpeedActive","decl":{"start":{"line":23,"column":2},"end":{"line":23,"column":15}},"loc":{"start":{"line":23,"column":18},"end":{"line":25,"column":3}},"line":23},"4":{"name":"getSpeedMultiplier","decl":{"start":{"line":27,"column":2},"end":{"line":27,"column":20}},"loc":{"start":{"line":27,"column":23},"end":{"line":29,"column":3}},"line":27},"5":{"name":"activate","decl":{"start":{"line":31,"column":2},"end":{"line":31,"column":10}},"loc":{"start":{"line":31,"column":17},"end":{"line":45,"column":3}},"line":31},"6":{"name":"consumeSuperJump","decl":{"start":{"line":47,"column":2},"end":{"line":47,"column":18}},"loc":{"start":{"line":47,"column":21},"end":{"line":51,"column":3}},"line":47},"7":{"name":"update","decl":{"start":{"line":53,"column":2},"end":{"line":53,"column":8}},"loc":{"start":{"line":53,"column":13},"end":{"line":56,"column":3}},"line":53},"8":{"name":"getHudState","decl":{"start":{"line":58,"column":2},"end":{"line":58,"column":13}},"loc":{"start":{"line":58,"column":16},"end":{"line":64,"column":3}},"line":58}},"branchMap":{"0":{"loc":{"start":{"line":28,"column":11},"end":{"line":28,"column":53}},"type":"cond-expr","locations":[{"start":{"line":28,"column":33},"end":{"line":28,"column":49}},{"start":{"line":28,"column":52},"end":{"line":28,"column":53}}],"line":28},"1":{"loc":{"start":{"line":32,"column":4},"end":{"line":44,"column":5}},"type":"switch","locations":[{"start":{"line":33,"column":6},"end":{"line":35,"column":14}},{"start":{"line":36,"column":6},"end":{"line":38,"column":14}},{"start":{"line":39,"column":6},"end":{"line":41,"column":14}},{"start":{"line":42,"column":6},"end":{"line":43,"column":14}}],"line":32},"2":{"loc":{"start":{"line":48,"column":4},"end":{"line":48,"column":43}},"type":"if","locations":[{"start":{"line":48,"column":4},"end":{"line":48,"column":43}},{"start":{},"end":{}}],"line":48},"3":{"loc":{"start":{"line":54,"column":4},"end":{"line":54,"column":81}},"type":"if","locations":[{"start":{"line":54,"column":4},"end":{"line":54,"column":81}},{"start":{},"end":{}}],"line":54},"4":{"loc":{"start":{"line":55,"column":4},"end":{"line":55,"column":81}},"type":"if","locations":[{"start":{"line":55,"column":4},"end":{"line":55,"column":81}},{"start":{},"end":{}}],"line":55}},"s":{"0":2,"1":2,"2":2,"3":2,"4":29,"5":29,"6":29,"7":2,"8":2,"9":2,"10":33,"11":32,"12":3,"13":27,"14":9,"15":9,"16":9,"17":9,"18":8,"19":8,"20":1,"21":4,"22":2,"23":2,"24":2,"25":9,"26":5,"27":9,"28":4,"29":2},"f":{"0":29,"1":2,"2":33,"3":32,"4":3,"5":27,"6":4,"7":9,"8":2},"b":{"0":[1,2],"1":[9,9,8,1],"2":[2,2],"3":[5,4],"4":[4,5]},"meta":{"lastBranch":5,"lastFunction":9,"lastStatement":30,"seen":{"s:1:30:1:31":0,"s:2:30:2:31":1,"s:3:32:3:35":2,"s:4:29:4:33":3,"f:7:2:7:13":0,"s:8:4:8:24":4,"s:9:4:9:24":5,"s:10:4:10:32":6,"f:13:2:13:7":1,"s:14:4:14:24":7,"s:15:4:15:24":8,"s:16:4:16:32":9,"f:19:2:19:15":2,"s:20:4:20:31":10,"f:23:2:23:15":3,"s:24:4:24:31":11,"f:27:2:27:20":4,"s:28:4:28:54":12,"b:28:33:28:49:28:52:28:53":0,"f:31:2:31:10":5,"b:33:6:35:14:36:6:38:14:39:6:41:14:42:6:43:14":1,"s:32:4:44:5":13,"s:34:8:34:41":14,"s:35:8:35:14":15,"s:37:8:37:35":16,"s:38:8:38:14":17,"s:40:8:40:41":18,"s:41:8:41:14":19,"s:43:8:43:14":20,"f:47:2:47:18":6,"b:48:4:48:43:undefined:undefined:undefined:undefined":2,"s:48:4:48:43":21,"s:48:30:48:43":22,"s:49:4:49:32":23,"s:50:4:50:16":24,"f:53:2:53:8":7,"b:54:4:54:81:undefined:undefined:undefined:undefined":3,"s:54:4:54:81":25,"s:54:29:54:81":26,"b:55:4:55:81:undefined:undefined:undefined:undefined":4,"s:55:4:55:81":27,"s:55:29:55:81":28,"f:58:2:58:13":8,"s:59:4:63:6":29},"fnNames":{}}}
,"C:\\Users\\ege19\\OneDrive\\Masaüstü\\web-oyunu\\src\\BoosterManager.js": {"path":"C:\\Users\\ege19\\OneDrive\\Masaüstü\\web-oyunu\\src\\BoosterManager.js","statementMap":{"0":{"start":{"line":5,"column":29},"end":{"line":5,"column":55}},"1":{"start":{"line":7,"column":21},"end":{"line":7,"column":23}},"2":{"start":{"line":8,"column":19},"end":{"line":8,"column":22}},"3":{"start":{"line":9,"column":17},"end":{"line":9,"column":31}},"4":{"start":{"line":10,"column":27},"end":{"line":10,"column":31}},"5":{"start":{"line":11,"column":28},"end":{"line":11,"column":32}},"6":{"start":{"line":12,"column":29},"end":{"line":12,"column":32}},"7":{"start":{"line":13,"column":18},"end":{"line":13,"column":27}},"8":{"start":{"line":14,"column":23},"end":{"line":14,"column":40}},"9":{"start":{"line":15,"column":19},"end":{"line":15,"column":23}},"10":{"start":{"line":16,"column":24},"end":{"line":16,"column":27}},"11":{"start":{"line":17,"column":20},"end":{"line":17,"column":24}},"12":{"start":{"line":18,"column":22},"end":{"line":18,"column":24}},"13":{"start":{"line":19,"column":27},"end":{"line":19,"column":29}},"14":{"start":{"line":20,"column":23},"end":{"line":20,"column":25}},"15":{"start":{"line":21,"column":23},"end":{"line":21,"column":24}},"16":{"start":{"line":22,"column":29},"end":{"line":22,"column":31}},"17":{"start":{"line":24,"column":22},"end":{"line":24,"column":60}},"18":{"start":{"line":25,"column":17},"end":{"line":25,"column":36}},"19":{"start":{"line":26,"column":18},"end":{"line":26,"column":40}},"20":{"start":{"line":27,"column":19},"end":{"line":27,"column":45}},"21":{"start":{"line":28,"column":20},"end":{"line":28,"column":39}},"22":{"start":{"line":30,"column":21},"end":{"line":30,"column":78}},"23":{"start":{"line":33,"column":18},"end":{"line":33,"column":49}},"24":{"start":{"line":34,"column":2},"end":{"line":34,"column":44}},"25":{"start":{"line":35,"column":2},"end":{"line":35,"column":39}},"26":{"start":{"line":36,"column":2},"end":{"line":36,"column":39}},"27":{"start":{"line":37,"column":2},"end":{"line":37,"column":29}},"28":{"start":{"line":38,"column":2},"end":{"line":38,"column":17}},"29":{"start":{"line":42,"column":2},"end":{"line":42,"column":32}},"30":{"start":{"line":43,"column":2},"end":{"line":43,"column":20}},"31":{"start":{"line":44,"column":2},"end":{"line":44,"column":33}},"32":{"start":{"line":48,"column":17},"end":{"line":48,"column":49}},"33":{"start":{"line":49,"column":2},"end":{"line":49,"column":21}},"34":{"start":{"line":50,"column":2},"end":{"line":50,"column":22}},"35":{"start":{"line":51,"column":14},"end":{"line":51,"column":37}},"36":{"start":{"line":53,"column":2},"end":{"line":53,"column":28}},"37":{"start":{"line":54,"column":2},"end":{"line":54,"column":31}},"38":{"start":{"line":56,"column":2},"end":{"line":56,"column":45}},"39":{"start":{"line":57,"column":2},"end":{"line":57,"column":31}},"40":{"start":{"line":59,"column":2},"end":{"line":69,"column":3}},"41":{"start":{"line":59,"column":17},"end":{"line":59,"column":18}},"42":{"start":{"line":60,"column":14},"end":{"line":60,"column":26}},"43":{"start":{"line":61,"column":4},"end":{"line":61,"column":92}},"44":{"start":{"line":62,"column":4},"end":{"line":62,"column":20}},"45":{"start":{"line":63,"column":4},"end":{"line":63,"column":27}},"46":{"start":{"line":64,"column":4},"end":{"line":64,"column":22}},"47":{"start":{"line":65,"column":4},"end":{"line":65,"column":28}},"48":{"start":{"line":66,"column":4},"end":{"line":66,"column":27}},"49":{"start":{"line":67,"column":4},"end":{"line":67,"column":20}},"50":{"start":{"line":68,"column":4},"end":{"line":68,"column":15}},"51":{"start":{"line":71,"column":2},"end":{"line":71,"column":49}},"52":{"start":{"line":72,"column":2},"end":{"line":72,"column":36}},"53":{"start":{"line":76,"column":2},"end":{"line":76,"column":24}},"54":{"start":{"line":77,"column":2},"end":{"line":77,"column":18}},"55":{"start":{"line":78,"column":2},"end":{"line":78,"column":42}},"56":{"start":{"line":79,"column":2},"end":{"line":79,"column":35}},"57":{"start":{"line":80,"column":2},"end":{"line":80,"column":42}},"58":{"start":{"line":81,"column":2},"end":{"line":81,"column":35}},"59":{"start":{"line":82,"column":2},"end":{"line":82,"column":18}},"60":{"start":{"line":83,"column":2},"end":{"line":83,"column":13}},"61":{"start":{"line":87,"column":17},"end":{"line":87,"column":49}},"62":{"start":{"line":88,"column":2},"end":{"line":88,"column":21}},"63":{"start":{"line":89,"column":2},"end":{"line":89,"column":22}},"64":{"start":{"line":90,"column":14},"end":{"line":90,"column":37}},"65":{"start":{"line":92,"column":2},"end":{"line":92,"column":32}},"66":{"start":{"line":94,"column":15},"end":{"line":94,"column":68}},"67":{"start":{"line":95,"column":2},"end":{"line":95,"column":50}},"68":{"start":{"line":96,"column":2},"end":{"line":96,"column":48}},"69":{"start":{"line":97,"column":2},"end":{"line":97,"column":23}},"70":{"start":{"line":98,"column":2},"end":{"line":98,"column":31}},"71":{"start":{"line":100,"column":2},"end":{"line":100,"column":62}},"72":{"start":{"line":101,"column":2},"end":{"line":101,"column":63}},"73":{"start":{"line":102,"column":2},"end":{"line":102,"column":64}},"74":{"start":{"line":104,"column":2},"end":{"line":104,"column":46}},"75":{"start":{"line":105,"column":2},"end":{"line":105,"column":33}},"76":{"start":{"line":107,"column":2},"end":{"line":107,"column":48}},"77":{"start":{"line":108,"column":2},"end":{"line":108,"column":20}},"78":{"start":{"line":109,"column":2},"end":{"line":109,"column":35}},"79":{"start":{"line":111,"column":18},"end":{"line":111,"column":49}},"80":{"start":{"line":112,"column":2},"end":{"line":112,"column":44}},"81":{"start":{"line":113,"column":2},"end":{"line":113,"column":17}},"82":{"start":{"line":117,"column":2},"end":{"line":117,"column":13}},"83":{"start":{"line":118,"column":2},"end":{"line":118,"column":24}},"84":{"start":{"line":119,"column":2},"end":{"line":119,"column":26}},"85":{"start":{"line":121,"column":2},"end":{"line":121,"column":46}},"86":{"start":{"line":122,"column":2},"end":{"line":122,"column":18}},"87":{"start":{"line":123,"column":2},"end":{"line":123,"column":33}},"88":{"start":{"line":124,"column":2},"end":{"line":124,"column":21}},"89":{"start":{"line":125,"column":2},"end":{"line":129,"column":3}},"90":{"start":{"line":125,"column":15},"end":{"line":125,"column":16}},"91":{"start":{"line":126,"column":15},"end":{"line":126,"column":26}},"92":{"start":{"line":127,"column":15},"end":{"line":127,"column":26}},"93":{"start":{"line":128,"column":4},"end":{"line":128,"column":45}},"94":{"start":{"line":130,"column":2},"end":{"line":130,"column":22}},"95":{"start":{"line":131,"column":2},"end":{"line":131,"column":22}},"96":{"start":{"line":132,"column":2},"end":{"line":132,"column":18}},"97":{"start":{"line":133,"column":2},"end":{"line":133,"column":13}},"98":{"start":{"line":135,"column":2},"end":{"line":135,"column":43}},"99":{"start":{"line":136,"column":2},"end":{"line":136,"column":18}},"100":{"start":{"line":137,"column":2},"end":{"line":137,"column":39}},"101":{"start":{"line":138,"column":2},"end":{"line":138,"column":38}},"102":{"start":{"line":139,"column":2},"end":{"line":139,"column":13}},"103":{"start":{"line":141,"column":2},"end":{"line":141,"column":16}},"104":{"start":{"line":145,"column":17},"end":{"line":145,"column":49}},"105":{"start":{"line":146,"column":2},"end":{"line":146,"column":21}},"106":{"start":{"line":147,"column":2},"end":{"line":147,"column":22}},"107":{"start":{"line":148,"column":14},"end":{"line":148,"column":37}},"108":{"start":{"line":150,"column":2},"end":{"line":150,"column":32}},"109":{"start":{"line":152,"column":15},"end":{"line":152,"column":68}},"110":{"start":{"line":153,"column":2},"end":{"line":153,"column":52}},"111":{"start":{"line":154,"column":2},"end":{"line":154,"column":49}},"112":{"start":{"line":155,"column":2},"end":{"line":155,"column":23}},"113":{"start":{"line":156,"column":2},"end":{"line":156,"column":31}},"114":{"start":{"line":158,"column":2},"end":{"line":168,"column":3}},"115":{"start":{"line":158,"column":15},"end":{"line":158,"column":16}},"116":{"start":{"line":159,"column":4},"end":{"line":159,"column":64}},"117":{"start":{"line":160,"column":4},"end":{"line":160,"column":22}},"118":{"start":{"line":161,"column":4},"end":{"line":161,"column":20}},"119":{"start":{"line":162,"column":4},"end":{"line":166,"column":5}},"120":{"start":{"line":162,"column":17},"end":{"line":162,"column":19}},"121":{"start":{"line":163,"column":16},"end":{"line":163,"column":56}},"122":{"start":{"line":164,"column":6},"end":{"line":165,"column":28}},"123":{"start":{"line":164,"column":20},"end":{"line":164,"column":37}},"124":{"start":{"line":165,"column":11},"end":{"line":165,"column":28}},"125":{"start":{"line":167,"column":4},"end":{"line":167,"column":17}},"126":{"start":{"line":170,"column":2},"end":{"line":170,"column":42}},"127":{"start":{"line":172,"column":2},"end":{"line":172,"column":48}},"128":{"start":{"line":173,"column":2},"end":{"line":173,"column":20}},"129":{"start":{"line":174,"column":2},"end":{"line":174,"column":35}},"130":{"start":{"line":176,"column":18},"end":{"line":176,"column":49}},"131":{"start":{"line":177,"column":2},"end":{"line":177,"column":44}},"132":{"start":{"line":178,"column":2},"end":{"line":178,"column":17}},"133":{"start":{"line":181,"column":35},"end":{"line":184,"column":1}},"134":{"start":{"line":186,"column":30},"end":{"line":188,"column":1}},"135":{"start":{"line":191,"column":4},"end":{"line":191,"column":23}},"136":{"start":{"line":192,"column":4},"end":{"line":192,"column":22}},"137":{"start":{"line":193,"column":4},"end":{"line":193,"column":19}},"138":{"start":{"line":194,"column":4},"end":{"line":194,"column":26}},"139":{"start":{"line":195,"column":4},"end":{"line":195,"column":40}},"140":{"start":{"line":196,"column":4},"end":{"line":196,"column":21}},"141":{"start":{"line":197,"column":4},"end":{"line":197,"column":26}},"142":{"start":{"line":198,"column":4},"end":{"line":198,"column":27}},"143":{"start":{"line":199,"column":4},"end":{"line":199,"column":32}},"144":{"start":{"line":200,"column":4},"end":{"line":200,"column":31}},"145":{"start":{"line":201,"column":4},"end":{"line":201,"column":26}},"146":{"start":{"line":202,"column":4},"end":{"line":202,"column":18}},"147":{"start":{"line":204,"column":4},"end":{"line":204,"column":30}},"148":{"start":{"line":205,"column":4},"end":{"line":205,"column":24}},"149":{"start":{"line":206,"column":4},"end":{"line":206,"column":24}},"150":{"start":{"line":208,"column":4},"end":{"line":208,"column":26}},"151":{"start":{"line":210,"column":4},"end":{"line":232,"column":5}},"152":{"start":{"line":211,"column":22},"end":{"line":211,"column":51}},"153":{"start":{"line":212,"column":6},"end":{"line":212,"column":39}},"154":{"start":{"line":213,"column":6},"end":{"line":218,"column":9}},"155":{"start":{"line":220,"column":19},"end":{"line":220,"column":92}},"156":{"start":{"line":221,"column":6},"end":{"line":221,"column":33}},"157":{"start":{"line":222,"column":6},"end":{"line":222,"column":22}},"158":{"start":{"line":224,"column":6},"end":{"line":224,"column":40}},"159":{"start":{"line":225,"column":6},"end":{"line":225,"column":32}},"160":{"start":{"line":227,"column":6},"end":{"line":230,"column":7}},"161":{"start":{"line":227,"column":19},"end":{"line":227,"column":20}},"162":{"start":{"line":228,"column":8},"end":{"line":228,"column":43}},"163":{"start":{"line":229,"column":8},"end":{"line":229,"column":37}},"164":{"start":{"line":231,"column":6},"end":{"line":231,"column":45}},"165":{"start":{"line":234,"column":4},"end":{"line":260,"column":5}},"166":{"start":{"line":235,"column":6},"end":{"line":242,"column":9}},"167":{"start":{"line":244,"column":19},"end":{"line":248,"column":7}},"168":{"start":{"line":249,"column":6},"end":{"line":249,"column":33}},"169":{"start":{"line":250,"column":6},"end":{"line":250,"column":22}},"170":{"start":{"line":252,"column":6},"end":{"line":252,"column":40}},"171":{"start":{"line":253,"column":6},"end":{"line":253,"column":32}},"172":{"start":{"line":255,"column":6},"end":{"line":258,"column":7}},"173":{"start":{"line":255,"column":19},"end":{"line":255,"column":20}},"174":{"start":{"line":256,"column":8},"end":{"line":256,"column":43}},"175":{"start":{"line":257,"column":8},"end":{"line":257,"column":37}},"176":{"start":{"line":259,"column":6},"end":{"line":259,"column":45}},"177":{"start":{"line":263,"column":4},"end":{"line":263,"column":33}},"178":{"start":{"line":267,"column":4},"end":{"line":267,"column":43}},"179":{"start":{"line":271,"column":4},"end":{"line":271,"column":41}},"180":{"start":{"line":276,"column":4},"end":{"line":276,"column":43}},"181":{"start":{"line":276,"column":30},"end":{"line":276,"column":43}},"182":{"start":{"line":278,"column":4},"end":{"line":287,"column":5}},"183":{"start":{"line":280,"column":8},"end":{"line":280,"column":50}},"184":{"start":{"line":282,"column":8},"end":{"line":282,"column":51}},"185":{"start":{"line":284,"column":8},"end":{"line":284,"column":51}},"186":{"start":{"line":286,"column":8},"end":{"line":286,"column":21}},"187":{"start":{"line":291,"column":4},"end":{"line":291,"column":74}},"188":{"start":{"line":291,"column":42},"end":{"line":291,"column":72}},"189":{"start":{"line":295,"column":4},"end":{"line":295,"column":67}},"190":{"start":{"line":295,"column":55},"end":{"line":295,"column":67}},"191":{"start":{"line":296,"column":4},"end":{"line":296,"column":65}},"192":{"start":{"line":296,"column":53},"end":{"line":296,"column":65}},"193":{"start":{"line":297,"column":4},"end":{"line":297,"column":46}},"194":{"start":{"line":297,"column":34},"end":{"line":297,"column":46}},"195":{"start":{"line":298,"column":4},"end":{"line":298,"column":17}},"196":{"start":{"line":302,"column":4},"end":{"line":306,"column":5}},"197":{"start":{"line":302,"column":17},"end":{"line":302,"column":18}},"198":{"start":{"line":303,"column":16},"end":{"line":303,"column":31}},"199":{"start":{"line":304,"column":6},"end":{"line":304,"column":30}},"200":{"start":{"line":304,"column":21},"end":{"line":304,"column":30}},"201":{"start":{"line":305,"column":6},"end":{"line":305,"column":50}},"202":{"start":{"line":305,"column":38},"end":{"line":305,"column":50}},"203":{"start":{"line":307,"column":4},"end":{"line":307,"column":17}},"204":{"start":{"line":311,"column":19},"end":{"line":311,"column":20}},"205":{"start":{"line":312,"column":4},"end":{"line":316,"column":5}},"206":{"start":{"line":312,"column":17},"end":{"line":312,"column":18}},"207":{"start":{"line":313,"column":16},"end":{"line":313,"column":31}},"208":{"start":{"line":314,"column":6},"end":{"line":314,"column":30}},"209":{"start":{"line":314,"column":21},"end":{"line":314,"column":30}},"210":{"start":{"line":315,"column":6},"end":{"line":315,"column":41}},"211":{"start":{"line":315,"column":26},"end":{"line":315,"column":41}},"212":{"start":{"line":317,"column":4},"end":{"line":317,"column":20}},"213":{"start":{"line":321,"column":18},"end":{"line":321,"column":38}},"214":{"start":{"line":322,"column":4},"end":{"line":322,"column":40}},"215":{"start":{"line":322,"column":28},"end":{"line":322,"column":40}},"216":{"start":{"line":323,"column":4},"end":{"line":323,"column":23}},"217":{"start":{"line":327,"column":4},"end":{"line":327,"column":64}},"218":{"start":{"line":328,"column":4},"end":{"line":328,"column":65}},"219":{"start":{"line":329,"column":4},"end":{"line":329,"column":36}},"220":{"start":{"line":333,"column":18},"end":{"line":333,"column":69}},"221":{"start":{"line":335,"column":4},"end":{"line":349,"column":5}},"222":{"start":{"line":336,"column":6},"end":{"line":336,"column":53}},"223":{"start":{"line":337,"column":6},"end":{"line":337,"column":27}},"224":{"start":{"line":338,"column":6},"end":{"line":338,"column":30}},"225":{"start":{"line":339,"column":6},"end":{"line":339,"column":59}},"226":{"start":{"line":340,"column":6},"end":{"line":340,"column":43}},"227":{"start":{"line":342,"column":21},"end":{"line":342,"column":72}},"228":{"start":{"line":343,"column":20},"end":{"line":343,"column":68}},"229":{"start":{"line":344,"column":6},"end":{"line":344,"column":55}},"230":{"start":{"line":345,"column":6},"end":{"line":345,"column":27}},"231":{"start":{"line":346,"column":6},"end":{"line":346,"column":38}},"232":{"start":{"line":347,"column":6},"end":{"line":347,"column":59}},"233":{"start":{"line":348,"column":6},"end":{"line":348,"column":49}},"234":{"start":{"line":351,"column":4},"end":{"line":351,"column":74}},"235":{"start":{"line":352,"column":4},"end":{"line":352,"column":71}},"236":{"start":{"line":355,"column":17},"end":{"line":355,"column":37}},"237":{"start":{"line":356,"column":4},"end":{"line":356,"column":30}},"238":{"start":{"line":356,"column":23},"end":{"line":356,"column":30}},"239":{"start":{"line":358,"column":16},"end":{"line":358,"column":31}},"240":{"start":{"line":359,"column":4},"end":{"line":375,"column":5}},"241":{"start":{"line":360,"column":6},"end":{"line":360,"column":24}},"242":{"start":{"line":361,"column":6},"end":{"line":361,"column":24}},"243":{"start":{"line":362,"column":6},"end":{"line":362,"column":18}},"244":{"start":{"line":363,"column":6},"end":{"line":363,"column":24}},"245":{"start":{"line":364,"column":6},"end":{"line":364,"column":26}},"246":{"start":{"line":365,"column":6},"end":{"line":365,"column":48}},"247":{"start":{"line":367,"column":6},"end":{"line":374,"column":8}},"248":{"start":{"line":376,"column":4},"end":{"line":376,"column":34}},"249":{"start":{"line":378,"column":4},"end":{"line":382,"column":5}},"250":{"start":{"line":379,"column":6},"end":{"line":379,"column":46}},"251":{"start":{"line":381,"column":6},"end":{"line":381,"column":31}},"252":{"start":{"line":383,"column":4},"end":{"line":383,"column":24}},"253":{"start":{"line":387,"column":22},"end":{"line":387,"column":46}},"254":{"start":{"line":388,"column":4},"end":{"line":388,"column":44}},"255":{"start":{"line":388,"column":32},"end":{"line":388,"column":44}},"256":{"start":{"line":389,"column":4},"end":{"line":389,"column":67}},"257":{"start":{"line":393,"column":4},"end":{"line":400,"column":5}},"258":{"start":{"line":394,"column":6},"end":{"line":397,"column":7}},"259":{"start":{"line":394,"column":22},"end":{"line":394,"column":23}},"260":{"start":{"line":395,"column":8},"end":{"line":395,"column":24}},"261":{"start":{"line":396,"column":8},"end":{"line":396,"column":55}},"262":{"start":{"line":396,"column":49},"end":{"line":396,"column":55}},"263":{"start":{"line":398,"column":6},"end":{"line":398,"column":28}},"264":{"start":{"line":399,"column":6},"end":{"line":399,"column":13}},"265":{"start":{"line":402,"column":17},"end":{"line":402,"column":32}},"266":{"start":{"line":403,"column":4},"end":{"line":406,"column":5}},"267":{"start":{"line":404,"column":6},"end":{"line":404,"column":28}},"268":{"start":{"line":405,"column":6},"end":{"line":405,"column":13}},"269":{"start":{"line":408,"column":17},"end":{"line":408,"column":46}},"270":{"start":{"line":409,"column":19},"end":{"line":409,"column":36}},"271":{"start":{"line":410,"column":4},"end":{"line":410,"column":47}},"272":{"start":{"line":411,"column":4},"end":{"line":414,"column":5}},"273":{"start":{"line":412,"column":6},"end":{"line":412,"column":28}},"274":{"start":{"line":413,"column":6},"end":{"line":413,"column":13}},"275":{"start":{"line":416,"column":4},"end":{"line":416,"column":69}},"276":{"start":{"line":417,"column":4},"end":{"line":417,"column":41}},"277":{"start":{"line":421,"column":17},"end":{"line":421,"column":18}},"278":{"start":{"line":422,"column":19},"end":{"line":422,"column":20}},"279":{"start":{"line":423,"column":4},"end":{"line":428,"column":5}},"280":{"start":{"line":424,"column":21},"end":{"line":424,"column":38}},"281":{"start":{"line":425,"column":6},"end":{"line":425,"column":19}},"282":{"start":{"line":426,"column":6},"end":{"line":426,"column":47}},"283":{"start":{"line":426,"column":38},"end":{"line":426,"column":47}},"284":{"start":{"line":427,"column":6},"end":{"line":427,"column":17}},"285":{"start":{"line":432,"column":4},"end":{"line":432,"column":25}},"286":{"start":{"line":433,"column":4},"end":{"line":433,"column":42}},"287":{"start":{"line":434,"column":4},"end":{"line":434,"column":26}},"288":{"start":{"line":438,"column":16},"end":{"line":438,"column":43}},"289":{"start":{"line":439,"column":4},"end":{"line":439,"column":55}},"290":{"start":{"line":439,"column":48},"end":{"line":439,"column":55}},"291":{"start":{"line":441,"column":4},"end":{"line":441,"column":30}},"292":{"start":{"line":442,"column":4},"end":{"line":442,"column":60}},"293":{"start":{"line":443,"column":4},"end":{"line":443,"column":24}},"294":{"start":{"line":447,"column":4},"end":{"line":456,"column":5}},"295":{"start":{"line":447,"column":17},"end":{"line":447,"column":18}},"296":{"start":{"line":448,"column":16},"end":{"line":448,"column":31}},"297":{"start":{"line":449,"column":6},"end":{"line":449,"column":30}},"298":{"start":{"line":449,"column":21},"end":{"line":449,"column":30}},"299":{"start":{"line":451,"column":23},"end":{"line":451,"column":80}},"300":{"start":{"line":452,"column":6},"end":{"line":452,"column":45}},"301":{"start":{"line":452,"column":36},"end":{"line":452,"column":45}},"302":{"start":{"line":453,"column":6},"end":{"line":453,"column":42}},"303":{"start":{"line":453,"column":33},"end":{"line":453,"column":42}},"304":{"start":{"line":454,"column":6},"end":{"line":454,"column":67}},"305":{"start":{"line":454,"column":58},"end":{"line":454,"column":67}},"306":{"start":{"line":455,"column":6},"end":{"line":455,"column":15}},"307":{"start":{"line":457,"column":4},"end":{"line":457,"column":16}},"308":{"start":{"line":461,"column":4},"end":{"line":461,"column":20}},"309":{"start":{"line":462,"column":4},"end":{"line":464,"column":5}},"310":{"start":{"line":463,"column":6},"end":{"line":463,"column":50}},"311":{"start":{"line":466,"column":4},"end":{"line":466,"column":26}},"312":{"start":{"line":467,"column":4},"end":{"line":469,"column":5}},"313":{"start":{"line":468,"column":6},"end":{"line":468,"column":19}},"314":{"start":{"line":471,"column":17},"end":{"line":471,"column":27}},"315":{"start":{"line":472,"column":16},"end":{"line":472,"column":17}},"316":{"start":{"line":474,"column":4},"end":{"line":488,"column":5}},"317":{"start":{"line":474,"column":17},"end":{"line":474,"column":18}},"318":{"start":{"line":475,"column":16},"end":{"line":475,"column":31}},"319":{"start":{"line":476,"column":6},"end":{"line":476,"column":30}},"320":{"start":{"line":476,"column":21},"end":{"line":476,"column":30}},"321":{"start":{"line":478,"column":6},"end":{"line":478,"column":18}},"322":{"start":{"line":479,"column":6},"end":{"line":479,"column":32}},"323":{"start":{"line":481,"column":6},"end":{"line":484,"column":7}},"324":{"start":{"line":482,"column":8},"end":{"line":482,"column":30}},"325":{"start":{"line":483,"column":8},"end":{"line":483,"column":17}},"326":{"start":{"line":486,"column":6},"end":{"line":486,"column":47}},"327":{"start":{"line":486,"column":23},"end":{"line":486,"column":47}},"328":{"start":{"line":487,"column":6},"end":{"line":487,"column":14}},"329":{"start":{"line":490,"column":4},"end":{"line":490,"column":30}},"330":{"start":{"line":494,"column":4},"end":{"line":496,"column":5}},"331":{"start":{"line":494,"column":17},"end":{"line":494,"column":18}},"332":{"start":{"line":495,"column":6},"end":{"line":495,"column":42}},"333":{"start":{"line":497,"column":4},"end":{"line":497,"column":26}},"334":{"start":{"line":498,"column":4},"end":{"line":498,"column":26}},"335":{"start":{"line":499,"column":4},"end":{"line":499,"column":21}},"336":{"start":{"line":500,"column":4},"end":{"line":500,"column":18}},"337":{"start":{"line":501,"column":4},"end":{"line":503,"column":5}},"338":{"start":{"line":502,"column":6},"end":{"line":502,"column":42}},"339":{"start":{"line":504,"column":4},"end":{"line":504,"column":19}}},"fnMap":{"0":{"name":"finalizePadTexture","decl":{"start":{"line":32,"column":9},"end":{"line":32,"column":27}},"loc":{"start":{"line":32,"column":36},"end":{"line":39,"column":1}},"line":32},"1":{"name":"drawPadFrame","decl":{"start":{"line":41,"column":9},"end":{"line":41,"column":21}},"loc":{"start":{"line":41,"column":40},"end":{"line":45,"column":1}},"line":41},"2":{"name":"createSpeedPadTexture","decl":{"start":{"line":47,"column":9},"end":{"line":47,"column":30}},"loc":{"start":{"line":47,"column":33},"end":{"line":73,"column":1}},"line":47},"3":{"name":"drawUpChevron","decl":{"start":{"line":75,"column":9},"end":{"line":75,"column":22}},"loc":{"start":{"line":75,"column":49},"end":{"line":84,"column":1}},"line":75},"4":{"name":"createJumpArrowTexture","decl":{"start":{"line":86,"column":9},"end":{"line":86,"column":31}},"loc":{"start":{"line":86,"column":34},"end":{"line":114,"column":1}},"line":86},"5":{"name":"drawGhostSilhouette","decl":{"start":{"line":116,"column":9},"end":{"line":116,"column":28}},"loc":{"start":{"line":116,"column":49},"end":{"line":142,"column":1}},"line":116},"6":{"name":"createGhostSignTexture","decl":{"start":{"line":144,"column":9},"end":{"line":144,"column":31}},"loc":{"start":{"line":144,"column":34},"end":{"line":179,"column":1}},"line":144},"7":{"name":"constructor","decl":{"start":{"line":190,"column":2},"end":{"line":190,"column":13}},"loc":{"start":{"line":190,"column":21},"end":{"line":261,"column":3}},"line":190},"8":{"name":"setGapManager","decl":{"start":{"line":262,"column":2},"end":{"line":262,"column":15}},"loc":{"start":{"line":262,"column":28},"end":{"line":264,"column":3}},"line":262},"9":{"name":"setObstacleManager","decl":{"start":{"line":266,"column":2},"end":{"line":266,"column":20}},"loc":{"start":{"line":266,"column":38},"end":{"line":268,"column":3}},"line":266},"10":{"name":"setBoosterEffects","decl":{"start":{"line":270,"column":2},"end":{"line":270,"column":19}},"loc":{"start":{"line":270,"column":36},"end":{"line":272,"column":3}},"line":270},"11":{"name":"isTypeSpawnBlocked","decl":{"start":{"line":275,"column":2},"end":{"line":275,"column":20}},"loc":{"start":{"line":275,"column":27},"end":{"line":288,"column":3}},"line":275},"12":{"name":"getSpawnableTypes","decl":{"start":{"line":290,"column":2},"end":{"line":290,"column":19}},"loc":{"start":{"line":290,"column":22},"end":{"line":292,"column":3}},"line":290},"13":{"name":"(anonymous_13)","decl":{"start":{"line":291,"column":32},"end":{"line":291,"column":33}},"loc":{"start":{"line":291,"column":42},"end":{"line":291,"column":72}},"line":291},"14":{"name":"isBlockedPosition","decl":{"start":{"line":294,"column":2},"end":{"line":294,"column":19}},"loc":{"start":{"line":294,"column":23},"end":{"line":299,"column":3}},"line":294},"15":{"name":"hasPickupNear","decl":{"start":{"line":301,"column":2},"end":{"line":301,"column":15}},"loc":{"start":{"line":301,"column":31},"end":{"line":308,"column":3}},"line":301},"16":{"name":"getFurthestZ","decl":{"start":{"line":310,"column":2},"end":{"line":310,"column":14}},"loc":{"start":{"line":310,"column":17},"end":{"line":318,"column":3}},"line":310},"17":{"name":"allocSlot","decl":{"start":{"line":320,"column":2},"end":{"line":320,"column":11}},"loc":{"start":{"line":320,"column":18},"end":{"line":324,"column":3}},"line":320},"18":{"name":"freeSlot","decl":{"start":{"line":326,"column":2},"end":{"line":326,"column":10}},"loc":{"start":{"line":326,"column":23},"end":{"line":330,"column":3}},"line":326},"19":{"name":"setInstanceMatrix","decl":{"start":{"line":332,"column":2},"end":{"line":332,"column":19}},"loc":{"start":{"line":332,"column":27},"end":{"line":353,"column":3}},"line":332},"20":{"name":"acquirePickup","decl":{"start":{"line":354,"column":2},"end":{"line":354,"column":15}},"loc":{"start":{"line":354,"column":31},"end":{"line":384,"column":3}},"line":354},"21":{"name":"pickType","decl":{"start":{"line":386,"column":2},"end":{"line":386,"column":10}},"loc":{"start":{"line":386,"column":13},"end":{"line":390,"column":3}},"line":386},"22":{"name":"spawn","decl":{"start":{"line":392,"column":2},"end":{"line":392,"column":7}},"loc":{"start":{"line":392,"column":10},"end":{"line":418,"column":3}},"line":392},"23":{"name":"prefill","decl":{"start":{"line":420,"column":2},"end":{"line":420,"column":9}},"loc":{"start":{"line":420,"column":12},"end":{"line":429,"column":3}},"line":420},"24":{"name":"releasePickup","decl":{"start":{"line":431,"column":2},"end":{"line":431,"column":15}},"loc":{"start":{"line":431,"column":23},"end":{"line":435,"column":3}},"line":431},"25":{"name":"removePickup","decl":{"start":{"line":437,"column":2},"end":{"line":437,"column":14}},"loc":{"start":{"line":437,"column":22},"end":{"line":444,"column":3}},"line":437},"26":{"name":"checkCollection","decl":{"start":{"line":446,"column":2},"end":{"line":446,"column":17}},"loc":{"start":{"line":446,"column":39},"end":{"line":458,"column":3}},"line":446},"27":{"name":"update","decl":{"start":{"line":460,"column":2},"end":{"line":460,"column":8}},"loc":{"start":{"line":460,"column":20},"end":{"line":491,"column":3}},"line":460},"28":{"name":"reset","decl":{"start":{"line":493,"column":2},"end":{"line":493,"column":7}},"loc":{"start":{"line":493,"column":10},"end":{"line":505,"column":3}},"line":493}},"branchMap":{"0":{"loc":{"start":{"line":61,"column":20},"end":{"line":61,"column":91}},"type":"cond-expr","locations":[{"start":{"line":61,"column":36},"end":{"line":61,"column":62}},{"start":{"line":61,"column":65},"end":{"line":61,"column":91}}],"line":61},"1":{"loc":{"start":{"line":164,"column":6},"end":{"line":165,"column":28}},"type":"if","locations":[{"start":{"line":164,"column":6},"end":{"line":165,"column":28}},{"start":{"line":165,"column":11},"end":{"line":165,"column":28}}],"line":164},"2":{"loc":{"start":{"line":276,"column":4},"end":{"line":276,"column":43}},"type":"if","locations":[{"start":{"line":276,"column":4},"end":{"line":276,"column":43}},{"start":{},"end":{}}],"line":276},"3":{"loc":{"start":{"line":278,"column":4},"end":{"line":287,"column":5}},"type":"switch","locations":[{"start":{"line":279,"column":6},"end":{"line":280,"column":50}},{"start":{"line":281,"column":6},"end":{"line":282,"column":51}},{"start":{"line":283,"column":6},"end":{"line":284,"column":51}},{"start":{"line":285,"column":6},"end":{"line":286,"column":21}}],"line":278},"4":{"loc":{"start":{"line":295,"column":4},"end":{"line":295,"column":67}},"type":"if","locations":[{"start":{"line":295,"column":4},"end":{"line":295,"column":67}},{"start":{},"end":{}}],"line":295},"5":{"loc":{"start":{"line":296,"column":4},"end":{"line":296,"column":65}},"type":"if","locations":[{"start":{"line":296,"column":4},"end":{"line":296,"column":65}},{"start":{},"end":{}}],"line":296},"6":{"loc":{"start":{"line":297,"column":4},"end":{"line":297,"column":46}},"type":"if","locations":[{"start":{"line":297,"column":4},"end":{"line":297,"column":46}},{"start":{},"end":{}}],"line":297},"7":{"loc":{"start":{"line":301,"column":19},"end":{"line":301,"column":29}},"type":"default-arg","locations":[{"start":{"line":301,"column":28},"end":{"line":301,"column":29}}],"line":301},"8":{"loc":{"start":{"line":304,"column":6},"end":{"line":304,"column":30}},"type":"if","locations":[{"start":{"line":304,"column":6},"end":{"line":304,"column":30}},{"start":{},"end":{}}],"line":304},"9":{"loc":{"start":{"line":305,"column":6},"end":{"line":305,"column":50}},"type":"if","locations":[{"start":{"line":305,"column":6},"end":{"line":305,"column":50}},{"start":{},"end":{}}],"line":305},"10":{"loc":{"start":{"line":314,"column":6},"end":{"line":314,"column":30}},"type":"if","locations":[{"start":{"line":314,"column":6},"end":{"line":314,"column":30}},{"start":{},"end":{}}],"line":314},"11":{"loc":{"start":{"line":315,"column":6},"end":{"line":315,"column":41}},"type":"if","locations":[{"start":{"line":315,"column":6},"end":{"line":315,"column":41}},{"start":{},"end":{}}],"line":315},"12":{"loc":{"start":{"line":322,"column":4},"end":{"line":322,"column":40}},"type":"if","locations":[{"start":{"line":322,"column":4},"end":{"line":322,"column":40}},{"start":{},"end":{}}],"line":322},"13":{"loc":{"start":{"line":335,"column":4},"end":{"line":349,"column":5}},"type":"if","locations":[{"start":{"line":335,"column":4},"end":{"line":349,"column":5}},{"start":{"line":341,"column":11},"end":{"line":349,"column":5}}],"line":335},"14":{"loc":{"start":{"line":356,"column":4},"end":{"line":356,"column":30}},"type":"if","locations":[{"start":{"line":356,"column":4},"end":{"line":356,"column":30}},{"start":{},"end":{}}],"line":356},"15":{"loc":{"start":{"line":359,"column":4},"end":{"line":375,"column":5}},"type":"if","locations":[{"start":{"line":359,"column":4},"end":{"line":375,"column":5}},{"start":{"line":366,"column":11},"end":{"line":375,"column":5}}],"line":359},"16":{"loc":{"start":{"line":378,"column":4},"end":{"line":382,"column":5}},"type":"if","locations":[{"start":{"line":378,"column":4},"end":{"line":382,"column":5}},{"start":{"line":380,"column":11},"end":{"line":382,"column":5}}],"line":378},"17":{"loc":{"start":{"line":388,"column":4},"end":{"line":388,"column":44}},"type":"if","locations":[{"start":{"line":388,"column":4},"end":{"line":388,"column":44}},{"start":{},"end":{}}],"line":388},"18":{"loc":{"start":{"line":393,"column":4},"end":{"line":400,"column":5}},"type":"if","locations":[{"start":{"line":393,"column":4},"end":{"line":400,"column":5}},{"start":{},"end":{}}],"line":393},"19":{"loc":{"start":{"line":396,"column":8},"end":{"line":396,"column":55}},"type":"if","locations":[{"start":{"line":396,"column":8},"end":{"line":396,"column":55}},{"start":{},"end":{}}],"line":396},"20":{"loc":{"start":{"line":403,"column":4},"end":{"line":406,"column":5}},"type":"if","locations":[{"start":{"line":403,"column":4},"end":{"line":406,"column":5}},{"start":{},"end":{}}],"line":403},"21":{"loc":{"start":{"line":411,"column":4},"end":{"line":414,"column":5}},"type":"if","locations":[{"start":{"line":411,"column":4},"end":{"line":414,"column":5}},{"start":{},"end":{}}],"line":411},"22":{"loc":{"start":{"line":423,"column":11},"end":{"line":423,"column":97}},"type":"binary-expr","locations":[{"start":{"line":423,"column":11},"end":{"line":423,"column":34}},{"start":{"line":423,"column":38},"end":{"line":423,"column":62}},{"start":{"line":423,"column":66},"end":{"line":423,"column":97}}],"line":423},"23":{"loc":{"start":{"line":426,"column":6},"end":{"line":426,"column":47}},"type":"if","locations":[{"start":{"line":426,"column":6},"end":{"line":426,"column":47}},{"start":{},"end":{}}],"line":426},"24":{"loc":{"start":{"line":439,"column":4},"end":{"line":439,"column":55}},"type":"if","locations":[{"start":{"line":439,"column":4},"end":{"line":439,"column":55}},{"start":{},"end":{}}],"line":439},"25":{"loc":{"start":{"line":439,"column":8},"end":{"line":439,"column":46}},"type":"binary-expr","locations":[{"start":{"line":439,"column":8},"end":{"line":439,"column":18}},{"start":{"line":439,"column":22},"end":{"line":439,"column":46}}],"line":439},"26":{"loc":{"start":{"line":449,"column":6},"end":{"line":449,"column":30}},"type":"if","locations":[{"start":{"line":449,"column":6},"end":{"line":449,"column":30}},{"start":{},"end":{}}],"line":449},"27":{"loc":{"start":{"line":451,"column":23},"end":{"line":451,"column":80}},"type":"cond-expr","locations":[{"start":{"line":451,"column":44},"end":{"line":451,"column":59}},{"start":{"line":451,"column":62},"end":{"line":451,"column":80}}],"line":451},"28":{"loc":{"start":{"line":452,"column":6},"end":{"line":452,"column":45}},"type":"if","locations":[{"start":{"line":452,"column":6},"end":{"line":452,"column":45}},{"start":{},"end":{}}],"line":452},"29":{"loc":{"start":{"line":453,"column":6},"end":{"line":453,"column":42}},"type":"if","locations":[{"start":{"line":453,"column":6},"end":{"line":453,"column":42}},{"start":{},"end":{}}],"line":453},"30":{"loc":{"start":{"line":454,"column":6},"end":{"line":454,"column":67}},"type":"if","locations":[{"start":{"line":454,"column":6},"end":{"line":454,"column":67}},{"start":{},"end":{}}],"line":454},"31":{"loc":{"start":{"line":467,"column":4},"end":{"line":469,"column":5}},"type":"if","locations":[{"start":{"line":467,"column":4},"end":{"line":469,"column":5}},{"start":{},"end":{}}],"line":467},"32":{"loc":{"start":{"line":467,"column":8},"end":{"line":467,"column":69}},"type":"binary-expr","locations":[{"start":{"line":467,"column":8},"end":{"line":467,"column":28}},{"start":{"line":467,"column":32},"end":{"line":467,"column":69}}],"line":467},"33":{"loc":{"start":{"line":476,"column":6},"end":{"line":476,"column":30}},"type":"if","locations":[{"start":{"line":476,"column":6},"end":{"line":476,"column":30}},{"start":{},"end":{}}],"line":476},"34":{"loc":{"start":{"line":481,"column":6},"end":{"line":484,"column":7}},"type":"if","locations":[{"start":{"line":481,"column":6},"end":{"line":484,"column":7}},{"start":{},"end":{}}],"line":481},"35":{"loc":{"start":{"line":486,"column":6},"end":{"line":486,"column":47}},"type":"if","locations":[{"start":{"line":486,"column":6},"end":{"line":486,"column":47}},{"start":{},"end":{}}],"line":486}},"s":{"0":1,"1":1,"2":1,"3":1,"4":1,"5":1,"6":1,"7":1,"8":1,"9":1,"10":1,"11":1,"12":1,"13":1,"14":1,"15":1,"16":1,"17":1,"18":1,"19":1,"20":1,"21":1,"22":1,"23":19,"24":19,"25":19,"26":19,"27":19,"28":19,"29":19,"30":19,"31":19,"32":19,"33":19,"34":19,"35":19,"36":19,"37":19,"38":19,"39":19,"40":19,"41":19,"42":190,"43":190,"44":190,"45":190,"46":190,"47":190,"48":190,"49":190,"50":190,"51":19,"52":19,"53":57,"54":57,"55":57,"56":57,"57":57,"58":57,"59":57,"60":57,"61":19,"62":19,"63":19,"64":19,"65":19,"66":19,"67":19,"68":19,"69":19,"70":19,"71":19,"72":19,"73":19,"74":19,"75":19,"76":19,"77":19,"78":19,"79":19,"80":19,"81":19,"82":19,"83":19,"84":19,"85":19,"86":19,"87":19,"88":19,"89":19,"90":19,"91":76,"92":76,"93":76,"94":19,"95":19,"96":19,"97":19,"98":19,"99":19,"100":19,"101":19,"102":19,"103":19,"104":19,"105":19,"106":19,"107":19,"108":19,"109":19,"110":19,"111":19,"112":19,"113":19,"114":19,"115":19,"116":76,"117":76,"118":76,"119":76,"120":76,"121":2128,"122":2128,"123":76,"124":2052,"125":76,"126":19,"127":19,"128":19,"129":19,"130":19,"131":19,"132":19,"133":1,"134":1,"135":19,"136":19,"137":19,"138":19,"139":19,"140":19,"141":19,"142":19,"143":19,"144":19,"145":19,"146":19,"147":19,"148":19,"149":19,"150":19,"151":19,"152":19,"153":19,"154":19,"155":19,"156":19,"157":19,"158":19,"159":19,"160":19,"161":19,"162":304,"163":304,"164":19,"165":19,"166":38,"167":38,"168":38,"169":38,"170":38,"171":38,"172":38,"173":38,"174":608,"175":608,"176":38,"177":1,"178":1,"179":18,"180":96,"181":3,"182":93,"183":33,"184":30,"185":30,"186":0,"187":31,"188":93,"189":32,"190":1,"191":31,"192":1,"193":30,"194":1,"195":29,"196":30,"197":30,"198":7,"199":7,"200":0,"201":7,"202":1,"203":29,"204":3,"205":3,"206":3,"207":3,"208":3,"209":0,"210":3,"211":2,"212":3,"213":15,"214":15,"215":0,"216":15,"217":2,"218":2,"219":2,"220":16,"221":16,"222":4,"223":4,"224":4,"225":4,"226":4,"227":12,"228":12,"229":12,"230":12,"231":12,"232":12,"233":12,"234":16,"235":16,"236":15,"237":15,"238":0,"239":15,"240":15,"241":1,"242":1,"243":1,"244":1,"245":1,"246":1,"247":14,"248":15,"249":15,"250":1,"251":14,"252":15,"253":28,"254":28,"255":22,"256":6,"257":27,"258":0,"259":0,"260":0,"261":0,"262":0,"263":0,"264":0,"265":27,"266":27,"267":21,"268":21,"269":6,"270":6,"271":6,"272":6,"273":0,"274":0,"275":6,"276":6,"277":3,"278":3,"279":3,"280":26,"281":26,"282":26,"283":6,"284":26,"285":2,"286":2,"287":2,"288":1,"289":1,"290":1,"291":0,"292":0,"293":0,"294":8,"295":8,"296":11,"297":11,"298":0,"299":11,"300":11,"301":5,"302":6,"303":1,"304":5,"305":2,"306":3,"307":5,"308":1,"309":1,"310":1,"311":1,"312":1,"313":1,"314":1,"315":1,"316":1,"317":1,"318":1,"319":1,"320":0,"321":1,"322":1,"323":1,"324":1,"325":1,"326":0,"327":0,"328":0,"329":1,"330":1,"331":1,"332":1,"333":1,"334":1,"335":1,"336":1,"337":1,"338":1,"339":1},"f":{"0":19,"1":19,"2":19,"3":57,"4":19,"5":19,"6":19,"7":19,"8":1,"9":1,"10":18,"11":96,"12":31,"13":93,"14":32,"15":30,"16":3,"17":15,"18":2,"19":16,"20":15,"21":28,"22":27,"23":3,"24":2,"25":1,"26":8,"27":1,"28":1},"b":{"0":[95,95],"1":[76,2052],"2":[3,93],"3":[93,30,30,0],"4":[1,31],"5":[1,30],"6":[1,29],"7":[30],"8":[0,7],"9":[1,6],"10":[0,3],"11":[2,1],"12":[0,15],"13":[4,12],"14":[0,15],"15":[1,14],"16":[1,14],"17":[22,6],"18":[0,27],"19":[0,0],"20":[21,6],"21":[0,6],"22":[3,29,27],"23":[6,20],"24":[1,0],"25":[1,0],"26":[0,11],"27":[1,10],"28":[5,6],"29":[1,5],"30":[2,3],"31":[1,0],"32":[1,1],"33":[0,1],"34":[1,0],"35":[0,0]},"meta":{"lastBranch":36,"lastFunction":29,"lastStatement":340,"seen":{"s:5:29:5:55":0,"s:7:21:7:23":1,"s:8:19:8:22":2,"s:9:17:9:31":3,"s:10:27:10:31":4,"s:11:28:11:32":5,"s:12:29:12:32":6,"s:13:18:13:27":7,"s:14:23:14:40":8,"s:15:19:15:23":9,"s:16:24:16:27":10,"s:17:20:17:24":11,"s:18:22:18:24":12,"s:19:27:19:29":13,"s:20:23:20:25":14,"s:21:23:21:24":15,"s:22:29:22:31":16,"s:24:22:24:60":17,"s:25:17:25:36":18,"s:26:18:26:40":19,"s:27:19:27:45":20,"s:28:20:28:39":21,"s:30:21:30:78":22,"f:32:9:32:27":0,"s:33:18:33:49":23,"s:34:2:34:44":24,"s:35:2:35:39":25,"s:36:2:36:39":26,"s:37:2:37:29":27,"s:38:2:38:17":28,"f:41:9:41:21":1,"s:42:2:42:32":29,"s:43:2:43:20":30,"s:44:2:44:33":31,"f:47:9:47:30":2,"s:48:17:48:49":32,"s:49:2:49:21":33,"s:50:2:50:22":34,"s:51:14:51:37":35,"s:53:2:53:28":36,"s:54:2:54:31":37,"s:56:2:56:45":38,"s:57:2:57:31":39,"s:59:2:69:3":40,"s:59:17:59:18":41,"s:60:14:60:26":42,"s:61:4:61:92":43,"b:61:36:61:62:61:65:61:91":0,"s:62:4:62:20":44,"s:63:4:63:27":45,"s:64:4:64:22":46,"s:65:4:65:28":47,"s:66:4:66:27":48,"s:67:4:67:20":49,"s:68:4:68:15":50,"s:71:2:71:49":51,"s:72:2:72:36":52,"f:75:9:75:22":3,"s:76:2:76:24":53,"s:77:2:77:18":54,"s:78:2:78:42":55,"s:79:2:79:35":56,"s:80:2:80:42":57,"s:81:2:81:35":58,"s:82:2:82:18":59,"s:83:2:83:13":60,"f:86:9:86:31":4,"s:87:17:87:49":61,"s:88:2:88:21":62,"s:89:2:89:22":63,"s:90:14:90:37":64,"s:92:2:92:32":65,"s:94:15:94:68":66,"s:95:2:95:50":67,"s:96:2:96:48":68,"s:97:2:97:23":69,"s:98:2:98:31":70,"s:100:2:100:62":71,"s:101:2:101:63":72,"s:102:2:102:64":73,"s:104:2:104:46":74,"s:105:2:105:33":75,"s:107:2:107:48":76,"s:108:2:108:20":77,"s:109:2:109:35":78,"s:111:18:111:49":79,"s:112:2:112:44":80,"s:113:2:113:17":81,"f:116:9:116:28":5,"s:117:2:117:13":82,"s:118:2:118:24":83,"s:119:2:119:26":84,"s:121:2:121:46":85,"s:122:2:122:18":86,"s:123:2:123:33":87,"s:124:2:124:21":88,"s:125:2:129:3":89,"s:125:15:125:16":90,"s:126:15:126:26":91,"s:127:15:127:26":92,"s:128:4:128:45":93,"s:130:2:130:22":94,"s:131:2:131:22":95,"s:132:2:132:18":96,"s:133:2:133:13":97,"s:135:2:135:43":98,"s:136:2:136:18":99,"s:137:2:137:39":100,"s:138:2:138:38":101,"s:139:2:139:13":102,"s:141:2:141:16":103,"f:144:9:144:31":6,"s:145:17:145:49":104,"s:146:2:146:21":105,"s:147:2:147:22":106,"s:148:14:148:37":107,"s:150:2:150:32":108,"s:152:15:152:68":109,"s:153:2:153:52":110,"s:154:2:154:49":111,"s:155:2:155:23":112,"s:156:2:156:31":113,"s:158:2:168:3":114,"s:158:15:158:16":115,"s:159:4:159:64":116,"s:160:4:160:22":117,"s:161:4:161:20":118,"s:162:4:166:5":119,"s:162:17:162:19":120,"s:163:16:163:56":121,"b:164:6:165:28:165:11:165:28":1,"s:164:6:165:28":122,"s:164:20:164:37":123,"s:165:11:165:28":124,"s:167:4:167:17":125,"s:170:2:170:42":126,"s:172:2:172:48":127,"s:173:2:173:20":128,"s:174:2:174:35":129,"s:176:18:176:49":130,"s:177:2:177:44":131,"s:178:2:178:17":132,"s:181:35:184:1":133,"s:186:30:188:1":134,"f:190:2:190:13":7,"s:191:4:191:23":135,"s:192:4:192:22":136,"s:193:4:193:19":137,"s:194:4:194:26":138,"s:195:4:195:40":139,"s:196:4:196:21":140,"s:197:4:197:26":141,"s:198:4:198:27":142,"s:199:4:199:32":143,"s:200:4:200:31":144,"s:201:4:201:26":145,"s:202:4:202:18":146,"s:204:4:204:30":147,"s:205:4:205:24":148,"s:206:4:206:24":149,"s:208:4:208:26":150,"s:210:4:232:5":151,"s:211:22:211:51":152,"s:212:6:212:39":153,"s:213:6:218:9":154,"s:220:19:220:92":155,"s:221:6:221:33":156,"s:222:6:222:22":157,"s:224:6:224:40":158,"s:225:6:225:32":159,"s:227:6:230:7":160,"s:227:19:227:20":161,"s:228:8:228:43":162,"s:229:8:229:37":163,"s:231:6:231:45":164,"s:234:4:260:5":165,"s:235:6:242:9":166,"s:244:19:248:7":167,"s:249:6:249:33":168,"s:250:6:250:22":169,"s:252:6:252:40":170,"s:253:6:253:32":171,"s:255:6:258:7":172,"s:255:19:255:20":173,"s:256:8:256:43":174,"s:257:8:257:37":175,"s:259:6:259:45":176,"f:262:2:262:15":8,"s:263:4:263:33":177,"f:266:2:266:20":9,"s:267:4:267:43":178,"f:270:2:270:19":10,"s:271:4:271:41":179,"f:275:2:275:20":11,"b:276:4:276:43:undefined:undefined:undefined:undefined":2,"s:276:4:276:43":180,"s:276:30:276:43":181,"b:279:6:280:50:281:6:282:51:283:6:284:51:285:6:286:21":3,"s:278:4:287:5":182,"s:280:8:280:50":183,"s:282:8:282:51":184,"s:284:8:284:51":185,"s:286:8:286:21":186,"f:290:2:290:19":12,"s:291:4:291:74":187,"f:291:32:291:33":13,"s:291:42:291:72":188,"f:294:2:294:19":14,"b:295:4:295:67:undefined:undefined:undefined:undefined":4,"s:295:4:295:67":189,"s:295:55:295:67":190,"b:296:4:296:65:undefined:undefined:undefined:undefined":5,"s:296:4:296:65":191,"s:296:53:296:65":192,"b:297:4:297:46:undefined:undefined:undefined:undefined":6,"s:297:4:297:46":193,"s:297:34:297:46":194,"s:298:4:298:17":195,"f:301:2:301:15":15,"b:301:28:301:29":7,"s:302:4:306:5":196,"s:302:17:302:18":197,"s:303:16:303:31":198,"b:304:6:304:30:undefined:undefined:undefined:undefined":8,"s:304:6:304:30":199,"s:304:21:304:30":200,"b:305:6:305:50:undefined:undefined:undefined:undefined":9,"s:305:6:305:50":201,"s:305:38:305:50":202,"s:307:4:307:17":203,"f:310:2:310:14":16,"s:311:19:311:20":204,"s:312:4:316:5":205,"s:312:17:312:18":206,"s:313:16:313:31":207,"b:314:6:314:30:undefined:undefined:undefined:undefined":10,"s:314:6:314:30":208,"s:314:21:314:30":209,"b:315:6:315:41:undefined:undefined:undefined:undefined":11,"s:315:6:315:41":210,"s:315:26:315:41":211,"s:317:4:317:20":212,"f:320:2:320:11":17,"s:321:18:321:38":213,"b:322:4:322:40:undefined:undefined:undefined:undefined":12,"s:322:4:322:40":214,"s:322:28:322:40":215,"s:323:4:323:23":216,"f:326:2:326:10":18,"s:327:4:327:64":217,"s:328:4:328:65":218,"s:329:4:329:36":219,"f:332:2:332:19":19,"s:333:18:333:69":220,"b:335:4:349:5:341:11:349:5":13,"s:335:4:349:5":221,"s:336:6:336:53":222,"s:337:6:337:27":223,"s:338:6:338:30":224,"s:339:6:339:59":225,"s:340:6:340:43":226,"s:342:21:342:72":227,"s:343:20:343:68":228,"s:344:6:344:55":229,"s:345:6:345:27":230,"s:346:6:346:38":231,"s:347:6:347:59":232,"s:348:6:348:49":233,"s:351:4:351:74":234,"s:352:4:352:71":235,"f:354:2:354:15":20,"s:355:17:355:37":236,"b:356:4:356:30:undefined:undefined:undefined:undefined":14,"s:356:4:356:30":237,"s:356:23:356:30":238,"s:358:16:358:31":239,"b:359:4:375:5:366:11:375:5":15,"s:359:4:375:5":240,"s:360:6:360:24":241,"s:361:6:361:24":242,"s:362:6:362:18":243,"s:363:6:363:24":244,"s:364:6:364:26":245,"s:365:6:365:48":246,"s:367:6:374:8":247,"s:376:4:376:34":248,"b:378:4:382:5:380:11:382:5":16,"s:378:4:382:5":249,"s:379:6:379:46":250,"s:381:6:381:31":251,"s:383:4:383:24":252,"f:386:2:386:10":21,"s:387:22:387:46":253,"b:388:4:388:44:undefined:undefined:undefined:undefined":17,"s:388:4:388:44":254,"s:388:32:388:44":255,"s:389:4:389:67":256,"f:392:2:392:7":22,"b:393:4:400:5:undefined:undefined:undefined:undefined":18,"s:393:4:400:5":257,"s:394:6:397:7":258,"s:394:22:394:23":259,"s:395:8:395:24":260,"b:396:8:396:55:undefined:undefined:undefined:undefined":19,"s:396:8:396:55":261,"s:396:49:396:55":262,"s:398:6:398:28":263,"s:399:6:399:13":264,"s:402:17:402:32":265,"b:403:4:406:5:undefined:undefined:undefined:undefined":20,"s:403:4:406:5":266,"s:404:6:404:28":267,"s:405:6:405:13":268,"s:408:17:408:46":269,"s:409:19:409:36":270,"s:410:4:410:47":271,"b:411:4:414:5:undefined:undefined:undefined:undefined":21,"s:411:4:414:5":272,"s:412:6:412:28":273,"s:413:6:413:13":274,"s:416:4:416:69":275,"s:417:4:417:41":276,"f:420:2:420:9":23,"s:421:17:421:18":277,"s:422:19:422:20":278,"s:423:4:428:5":279,"b:423:11:423:34:423:38:423:62:423:66:423:97":22,"s:424:21:424:38":280,"s:425:6:425:19":281,"b:426:6:426:47:undefined:undefined:undefined:undefined":23,"s:426:6:426:47":282,"s:426:38:426:47":283,"s:427:6:427:17":284,"f:431:2:431:15":24,"s:432:4:432:25":285,"s:433:4:433:42":286,"s:434:4:434:26":287,"f:437:2:437:14":25,"s:438:16:438:43":288,"b:439:4:439:55:undefined:undefined:undefined:undefined":24,"s:439:4:439:55":289,"b:439:8:439:18:439:22:439:46":25,"s:439:48:439:55":290,"s:441:4:441:30":291,"s:442:4:442:60":292,"s:443:4:443:24":293,"f:446:2:446:17":26,"s:447:4:456:5":294,"s:447:17:447:18":295,"s:448:16:448:31":296,"b:449:6:449:30:undefined:undefined:undefined:undefined":26,"s:449:6:449:30":297,"s:449:21:449:30":298,"s:451:23:451:80":299,"b:451:44:451:59:451:62:451:80":27,"b:452:6:452:45:undefined:undefined:undefined:undefined":28,"s:452:6:452:45":300,"s:452:36:452:45":301,"b:453:6:453:42:undefined:undefined:undefined:undefined":29,"s:453:6:453:42":302,"s:453:33:453:42":303,"b:454:6:454:67:undefined:undefined:undefined:undefined":30,"s:454:6:454:67":304,"s:454:58:454:67":305,"s:455:6:455:15":306,"s:457:4:457:16":307,"f:460:2:460:8":27,"s:461:4:461:20":308,"s:462:4:464:5":309,"s:463:6:463:50":310,"s:466:4:466:26":311,"b:467:4:469:5:undefined:undefined:undefined:undefined":31,"s:467:4:469:5":312,"b:467:8:467:28:467:32:467:69":32,"s:468:6:468:19":313,"s:471:17:471:27":314,"s:472:16:472:17":315,"s:474:4:488:5":316,"s:474:17:474:18":317,"s:475:16:475:31":318,"b:476:6:476:30:undefined:undefined:undefined:undefined":33,"s:476:6:476:30":319,"s:476:21:476:30":320,"s:478:6:478:18":321,"s:479:6:479:32":322,"b:481:6:484:7:undefined:undefined:undefined:undefined":34,"s:481:6:484:7":323,"s:482:8:482:30":324,"s:483:8:483:17":325,"b:486:6:486:47:undefined:undefined:undefined:undefined":35,"s:486:6:486:47":326,"s:486:23:486:47":327,"s:487:6:487:14":328,"s:490:4:490:30":329,"f:493:2:493:7":28,"s:494:4:496:5":330,"s:494:17:494:18":331,"s:495:6:495:42":332,"s:497:4:497:26":333,"s:498:4:498:26":334,"s:499:4:499:21":335,"s:500:4:500:18":336,"s:501:4:503:5":337,"s:502:6:502:42":338,"s:504:4:504:19":339},"fnNames":{}}}
,"C:\\Users\\ege19\\OneDrive\\Masaüstü\\web-oyunu\\src\\Creature.js": {"path":"C:\\Users\\ege19\\OneDrive\\Masaüstü\\web-oyunu\\src\\Creature.js","statementMap":{"0":{"start":{"line":5,"column":4},"end":{"line":5,"column":35}},"1":{"start":{"line":6,"column":4},"end":{"line":6,"column":28}},"2":{"start":{"line":7,"column":4},"end":{"line":7,"column":29}},"3":{"start":{"line":8,"column":4},"end":{"line":8,"column":27}},"4":{"start":{"line":9,"column":4},"end":{"line":9,"column":24}},"5":{"start":{"line":10,"column":4},"end":{"line":10,"column":22}},"6":{"start":{"line":12,"column":20},"end":{"line":18,"column":6}},"7":{"start":{"line":20,"column":18},"end":{"line":20,"column":84}},"8":{"start":{"line":21,"column":4},"end":{"line":21,"column":27}},"9":{"start":{"line":22,"column":4},"end":{"line":22,"column":26}},"10":{"start":{"line":24,"column":17},"end":{"line":24,"column":86}},"11":{"start":{"line":25,"column":4},"end":{"line":25,"column":26}},"12":{"start":{"line":26,"column":4},"end":{"line":26,"column":32}},"13":{"start":{"line":27,"column":4},"end":{"line":27,"column":25}},"14":{"start":{"line":29,"column":19},"end":{"line":29,"column":78}},"15":{"start":{"line":30,"column":4},"end":{"line":34,"column":5}},"16":{"start":{"line":31,"column":18},"end":{"line":31,"column":78}},"17":{"start":{"line":32,"column":6},"end":{"line":32,"column":48}},"18":{"start":{"line":33,"column":6},"end":{"line":33,"column":26}},"19":{"start":{"line":36,"column":4},"end":{"line":51,"column":5}},"20":{"start":{"line":36,"column":17},"end":{"line":36,"column":18}},"21":{"start":{"line":37,"column":23},"end":{"line":40,"column":7}},"22":{"start":{"line":41,"column":6},"end":{"line":45,"column":8}},"23":{"start":{"line":46,"column":6},"end":{"line":46,"column":42}},"24":{"start":{"line":47,"column":6},"end":{"line":47,"column":44}},"25":{"start":{"line":48,"column":6},"end":{"line":48,"column":31}},"26":{"start":{"line":49,"column":6},"end":{"line":49,"column":34}},"27":{"start":{"line":50,"column":6},"end":{"line":50,"column":42}},"28":{"start":{"line":53,"column":4},"end":{"line":53,"column":23}},"29":{"start":{"line":54,"column":4},"end":{"line":54,"column":21}},"30":{"start":{"line":55,"column":4},"end":{"line":55,"column":26}},"31":{"start":{"line":56,"column":4},"end":{"line":56,"column":54}},"32":{"start":{"line":60,"column":4},"end":{"line":60,"column":30}},"33":{"start":{"line":64,"column":18},"end":{"line":64,"column":39}},"34":{"start":{"line":65,"column":4},"end":{"line":65,"column":89}},"35":{"start":{"line":69,"column":4},"end":{"line":69,"column":88}},"36":{"start":{"line":70,"column":4},"end":{"line":70,"column":89}},"37":{"start":{"line":71,"column":4},"end":{"line":71,"column":27}},"38":{"start":{"line":75,"column":4},"end":{"line":75,"column":24}},"39":{"start":{"line":77,"column":24},"end":{"line":77,"column":49}},"40":{"start":{"line":78,"column":23},"end":{"line":81,"column":5}},"41":{"start":{"line":83,"column":4},"end":{"line":88,"column":5}},"42":{"start":{"line":84,"column":6},"end":{"line":84,"column":28}},"43":{"start":{"line":85,"column":6},"end":{"line":85,"column":70}},"44":{"start":{"line":87,"column":6},"end":{"line":87,"column":39}},"45":{"start":{"line":90,"column":4},"end":{"line":90,"column":88}},"46":{"start":{"line":92,"column":14},"end":{"line":92,"column":27}},"47":{"start":{"line":93,"column":17},"end":{"line":93,"column":38}},"48":{"start":{"line":94,"column":4},"end":{"line":98,"column":6}},"49":{"start":{"line":100,"column":4},"end":{"line":100,"column":51}},"50":{"start":{"line":101,"column":4},"end":{"line":101,"column":50}},"51":{"start":{"line":103,"column":4},"end":{"line":108,"column":7}},"52":{"start":{"line":104,"column":6},"end":{"line":107,"column":7}},"53":{"start":{"line":105,"column":8},"end":{"line":106,"column":91}},"54":{"start":{"line":112,"column":4},"end":{"line":112,"column":50}},"55":{"start":{"line":116,"column":4},"end":{"line":116,"column":28}},"56":{"start":{"line":117,"column":4},"end":{"line":117,"column":29}},"57":{"start":{"line":118,"column":4},"end":{"line":118,"column":24}},"58":{"start":{"line":119,"column":4},"end":{"line":119,"column":22}},"59":{"start":{"line":120,"column":4},"end":{"line":120,"column":38}}},"fnMap":{"0":{"name":"constructor","decl":{"start":{"line":4,"column":2},"end":{"line":4,"column":13}},"loc":{"start":{"line":4,"column":21},"end":{"line":57,"column":3}},"line":4},"1":{"name":"distance","decl":{"start":{"line":59,"column":6},"end":{"line":59,"column":14}},"loc":{"start":{"line":59,"column":17},"end":{"line":61,"column":3}},"line":59},"2":{"name":"dangerLevel","decl":{"start":{"line":63,"column":6},"end":{"line":63,"column":17}},"loc":{"start":{"line":63,"column":20},"end":{"line":66,"column":3}},"line":63},"3":{"name":"lunge","decl":{"start":{"line":68,"column":2},"end":{"line":68,"column":7}},"loc":{"start":{"line":68,"column":22},"end":{"line":72,"column":3}},"line":68},"4":{"name":"update","decl":{"start":{"line":74,"column":2},"end":{"line":74,"column":8}},"loc":{"start":{"line":74,"column":50},"end":{"line":109,"column":3}},"line":74},"5":{"name":"(anonymous_5)","decl":{"start":{"line":103,"column":32},"end":{"line":103,"column":33}},"loc":{"start":{"line":103,"column":43},"end":{"line":108,"column":5}},"line":103},"6":{"name":"hasCaught","decl":{"start":{"line":111,"column":2},"end":{"line":111,"column":11}},"loc":{"start":{"line":111,"column":14},"end":{"line":113,"column":3}},"line":111},"7":{"name":"reset","decl":{"start":{"line":115,"column":2},"end":{"line":115,"column":7}},"loc":{"start":{"line":115,"column":10},"end":{"line":121,"column":3}},"line":115}},"branchMap":{"0":{"loc":{"start":{"line":68,"column":8},"end":{"line":68,"column":20}},"type":"default-arg","locations":[{"start":{"line":68,"column":17},"end":{"line":68,"column":20}}],"line":68},"1":{"loc":{"start":{"line":77,"column":24},"end":{"line":77,"column":49}},"type":"cond-expr","locations":[{"start":{"line":77,"column":42},"end":{"line":77,"column":43}},{"start":{"line":77,"column":46},"end":{"line":77,"column":49}}],"line":77},"2":{"loc":{"start":{"line":80,"column":44},"end":{"line":80,"column":68}},"type":"cond-expr","locations":[{"start":{"line":80,"column":62},"end":{"line":80,"column":64}},{"start":{"line":80,"column":67},"end":{"line":80,"column":68}}],"line":80},"3":{"loc":{"start":{"line":83,"column":4},"end":{"line":88,"column":5}},"type":"if","locations":[{"start":{"line":83,"column":4},"end":{"line":88,"column":5}},{"start":{"line":86,"column":11},"end":{"line":88,"column":5}}],"line":83},"4":{"loc":{"start":{"line":104,"column":6},"end":{"line":107,"column":7}},"type":"if","locations":[{"start":{"line":104,"column":6},"end":{"line":107,"column":7}},{"start":{},"end":{}}],"line":104}},"s":{"0":0,"1":0,"2":0,"3":0,"4":0,"5":0,"6":0,"7":0,"8":0,"9":0,"10":0,"11":0,"12":0,"13":0,"14":0,"15":0,"16":0,"17":0,"18":0,"19":0,"20":0,"21":0,"22":0,"23":0,"24":0,"25":0,"26":0,"27":0,"28":0,"29":0,"30":0,"31":0,"32":0,"33":0,"34":0,"35":0,"36":0,"37":0,"38":0,"39":0,"40":0,"41":0,"42":0,"43":0,"44":0,"45":0,"46":0,"47":0,"48":0,"49":0,"50":0,"51":0,"52":0,"53":0,"54":0,"55":0,"56":0,"57":0,"58":0,"59":0},"f":{"0":0,"1":0,"2":0,"3":0,"4":0,"5":0,"6":0,"7":0},"b":{"0":[0],"1":[0,0],"2":[0,0],"3":[0,0],"4":[0,0]},"meta":{"lastBranch":5,"lastFunction":8,"lastStatement":60,"seen":{"f:4:2:4:13":0,"s:5:4:5:35":0,"s:6:4:6:28":1,"s:7:4:7:29":2,"s:8:4:8:27":3,"s:9:4:9:24":4,"s:10:4:10:22":5,"s:12:20:18:6":6,"s:20:18:20:84":7,"s:21:4:21:27":8,"s:22:4:22:26":9,"s:24:17:24:86":10,"s:25:4:25:26":11,"s:26:4:26:32":12,"s:27:4:27:25":13,"s:29:19:29:78":14,"s:30:4:34:5":15,"s:31:18:31:78":16,"s:32:6:32:48":17,"s:33:6:33:26":18,"s:36:4:51:5":19,"s:36:17:36:18":20,"s:37:23:40:7":21,"s:41:6:45:8":22,"s:46:6:46:42":23,"s:47:6:47:44":24,"s:48:6:48:31":25,"s:49:6:49:34":26,"s:50:6:50:42":27,"s:53:4:53:23":28,"s:54:4:54:21":29,"s:55:4:55:26":30,"s:56:4:56:54":31,"f:59:6:59:14":1,"s:60:4:60:30":32,"f:63:6:63:17":2,"s:64:18:64:39":33,"s:65:4:65:89":34,"f:68:2:68:7":3,"b:68:17:68:20":0,"s:69:4:69:88":35,"s:70:4:70:89":36,"s:71:4:71:27":37,"f:74:2:74:8":4,"s:75:4:75:24":38,"s:77:24:77:49":39,"b:77:42:77:43:77:46:77:49":1,"s:78:23:81:5":40,"b:80:62:80:64:80:67:80:68":2,"b:83:4:88:5:86:11:88:5":3,"s:83:4:88:5":41,"s:84:6:84:28":42,"s:85:6:85:70":43,"s:87:6:87:39":44,"s:90:4:90:88":45,"s:92:14:92:27":46,"s:93:17:93:38":47,"s:94:4:98:6":48,"s:100:4:100:51":49,"s:101:4:101:50":50,"s:103:4:108:7":51,"f:103:32:103:33":5,"b:104:6:107:7:undefined:undefined:undefined:undefined":4,"s:104:6:107:7":52,"s:105:8:106:91":53,"f:111:2:111:11":6,"s:112:4:112:50":54,"f:115:2:115:7":7,"s:116:4:116:28":55,"s:117:4:117:29":56,"s:118:4:118:24":57,"s:119:4:119:22":58,"s:120:4:120:38":59},"fnNames":{}}}
,"C:\\Users\\ege19\\OneDrive\\Masaüstü\\web-oyunu\\src\\Game.js": {"path":"C:\\Users\\ege19\\OneDrive\\Masaüstü\\web-oyunu\\src\\Game.js","statementMap":{"0":{"start":{"line":14,"column":23},"end":{"line":14,"column":40}},"1":{"start":{"line":15,"column":23},"end":{"line":15,"column":41}},"2":{"start":{"line":16,"column":21},"end":{"line":16,"column":37}},"3":{"start":{"line":20,"column":4},"end":{"line":20,"column":37}},"4":{"start":{"line":21,"column":4},"end":{"line":21,"column":31}},"5":{"start":{"line":22,"column":4},"end":{"line":22,"column":33}},"6":{"start":{"line":23,"column":4},"end":{"line":23,"column":42}},"7":{"start":{"line":24,"column":4},"end":{"line":24,"column":51}},"8":{"start":{"line":26,"column":4},"end":{"line":26,"column":41}},"9":{"start":{"line":27,"column":4},"end":{"line":27,"column":45}},"10":{"start":{"line":28,"column":4},"end":{"line":28,"column":39}},"11":{"start":{"line":29,"column":4},"end":{"line":29,"column":53}},"12":{"start":{"line":30,"column":4},"end":{"line":30,"column":43}},"13":{"start":{"line":31,"column":4},"end":{"line":31,"column":50}},"14":{"start":{"line":32,"column":4},"end":{"line":32,"column":41}},"15":{"start":{"line":34,"column":4},"end":{"line":34,"column":44}},"16":{"start":{"line":35,"column":4},"end":{"line":35,"column":49}},"17":{"start":{"line":36,"column":4},"end":{"line":36,"column":42}},"18":{"start":{"line":37,"column":4},"end":{"line":37,"column":52}},"19":{"start":{"line":38,"column":4},"end":{"line":38,"column":50}},"20":{"start":{"line":40,"column":4},"end":{"line":40,"column":24}},"21":{"start":{"line":41,"column":4},"end":{"line":41,"column":22}},"22":{"start":{"line":42,"column":4},"end":{"line":42,"column":24}},"23":{"start":{"line":43,"column":4},"end":{"line":43,"column":32}},"24":{"start":{"line":44,"column":4},"end":{"line":44,"column":28}},"25":{"start":{"line":45,"column":4},"end":{"line":45,"column":29}},"26":{"start":{"line":46,"column":4},"end":{"line":46,"column":26}},"27":{"start":{"line":47,"column":4},"end":{"line":47,"column":35}},"28":{"start":{"line":48,"column":4},"end":{"line":48,"column":34}},"29":{"start":{"line":49,"column":4},"end":{"line":49,"column":35}},"30":{"start":{"line":51,"column":4},"end":{"line":70,"column":6}},"31":{"start":{"line":72,"column":4},"end":{"line":72,"column":68}},"32":{"start":{"line":73,"column":4},"end":{"line":73,"column":64}},"33":{"start":{"line":74,"column":4},"end":{"line":74,"column":31}},"34":{"start":{"line":76,"column":4},"end":{"line":76,"column":21}},"35":{"start":{"line":77,"column":4},"end":{"line":77,"column":18}},"36":{"start":{"line":78,"column":4},"end":{"line":78,"column":29}},"37":{"start":{"line":79,"column":4},"end":{"line":79,"column":61}},"38":{"start":{"line":79,"column":44},"end":{"line":79,"column":59}},"39":{"start":{"line":80,"column":4},"end":{"line":80,"column":77}},"40":{"start":{"line":80,"column":60},"end":{"line":80,"column":75}},"41":{"start":{"line":81,"column":4},"end":{"line":83,"column":7}},"42":{"start":{"line":82,"column":6},"end":{"line":82,"column":68}},"43":{"start":{"line":82,"column":55},"end":{"line":82,"column":68}},"44":{"start":{"line":87,"column":4},"end":{"line":87,"column":69}},"45":{"start":{"line":91,"column":19},"end":{"line":91,"column":44}},"46":{"start":{"line":92,"column":4},"end":{"line":92,"column":45}},"47":{"start":{"line":92,"column":25},"end":{"line":92,"column":45}},"48":{"start":{"line":93,"column":4},"end":{"line":93,"column":26}},"49":{"start":{"line":97,"column":4},"end":{"line":97,"column":51}},"50":{"start":{"line":101,"column":20},"end":{"line":101,"column":42}},"51":{"start":{"line":102,"column":18},"end":{"line":102,"column":38}},"52":{"start":{"line":103,"column":4},"end":{"line":105,"column":7}},"53":{"start":{"line":104,"column":6},"end":{"line":104,"column":45}},"54":{"start":{"line":106,"column":4},"end":{"line":108,"column":7}},"55":{"start":{"line":107,"column":6},"end":{"line":107,"column":43}},"56":{"start":{"line":112,"column":4},"end":{"line":112,"column":24}},"57":{"start":{"line":112,"column":17},"end":{"line":112,"column":24}},"58":{"start":{"line":113,"column":4},"end":{"line":113,"column":48}},"59":{"start":{"line":114,"column":4},"end":{"line":114,"column":57}},"60":{"start":{"line":115,"column":18},"end":{"line":115,"column":61}},"61":{"start":{"line":116,"column":4},"end":{"line":116,"column":63}},"62":{"start":{"line":116,"column":15},"end":{"line":116,"column":63}},"63":{"start":{"line":120,"column":20},"end":{"line":120,"column":43}},"64":{"start":{"line":121,"column":4},"end":{"line":121,"column":35}},"65":{"start":{"line":122,"column":4},"end":{"line":122,"column":48}},"66":{"start":{"line":123,"column":4},"end":{"line":123,"column":31}},"67":{"start":{"line":127,"column":20},"end":{"line":127,"column":41}},"68":{"start":{"line":128,"column":4},"end":{"line":128,"column":33}},"69":{"start":{"line":129,"column":4},"end":{"line":129,"column":46}},"70":{"start":{"line":130,"column":4},"end":{"line":130,"column":31}},"71":{"start":{"line":134,"column":18},"end":{"line":134,"column":38}},"72":{"start":{"line":135,"column":4},"end":{"line":137,"column":5}},"73":{"start":{"line":136,"column":6},"end":{"line":136,"column":58}},"74":{"start":{"line":141,"column":17},"end":{"line":141,"column":36}},"75":{"start":{"line":142,"column":17},"end":{"line":142,"column":51}},"76":{"start":{"line":143,"column":4},"end":{"line":143,"column":64}},"77":{"start":{"line":143,"column":27},"end":{"line":143,"column":64}},"78":{"start":{"line":147,"column":4},"end":{"line":147,"column":68}},"79":{"start":{"line":147,"column":54},"end":{"line":147,"column":66}},"80":{"start":{"line":148,"column":4},"end":{"line":148,"column":70}},"81":{"start":{"line":148,"column":56},"end":{"line":148,"column":68}},"82":{"start":{"line":149,"column":4},"end":{"line":149,"column":70}},"83":{"start":{"line":149,"column":55},"end":{"line":149,"column":68}},"84":{"start":{"line":150,"column":4},"end":{"line":150,"column":70}},"85":{"start":{"line":150,"column":53},"end":{"line":150,"column":68}},"86":{"start":{"line":151,"column":4},"end":{"line":153,"column":7}},"87":{"start":{"line":152,"column":6},"end":{"line":152,"column":49}},"88":{"start":{"line":152,"column":36},"end":{"line":152,"column":49}},"89":{"start":{"line":154,"column":4},"end":{"line":154,"column":78}},"90":{"start":{"line":154,"column":61},"end":{"line":154,"column":76}},"91":{"start":{"line":155,"column":4},"end":{"line":157,"column":7}},"92":{"start":{"line":156,"column":6},"end":{"line":156,"column":62}},"93":{"start":{"line":156,"column":42},"end":{"line":156,"column":60}},"94":{"start":{"line":158,"column":4},"end":{"line":160,"column":7}},"95":{"start":{"line":159,"column":6},"end":{"line":159,"column":60}},"96":{"start":{"line":159,"column":42},"end":{"line":159,"column":58}},"97":{"start":{"line":164,"column":17},"end":{"line":164,"column":60}},"98":{"start":{"line":165,"column":18},"end":{"line":165,"column":62}},"99":{"start":{"line":166,"column":4},"end":{"line":166,"column":67}},"100":{"start":{"line":166,"column":55},"end":{"line":166,"column":67}},"101":{"start":{"line":167,"column":4},"end":{"line":167,"column":67}},"102":{"start":{"line":167,"column":55},"end":{"line":167,"column":67}},"103":{"start":{"line":168,"column":4},"end":{"line":168,"column":17}},"104":{"start":{"line":172,"column":22},"end":{"line":172,"column":50}},"105":{"start":{"line":173,"column":4},"end":{"line":176,"column":5}},"106":{"start":{"line":174,"column":6},"end":{"line":174,"column":54}},"107":{"start":{"line":174,"column":21},"end":{"line":174,"column":54}},"108":{"start":{"line":175,"column":6},"end":{"line":175,"column":26}},"109":{"start":{"line":180,"column":4},"end":{"line":180,"column":33}},"110":{"start":{"line":181,"column":4},"end":{"line":181,"column":33}},"111":{"start":{"line":182,"column":4},"end":{"line":182,"column":28}},"112":{"start":{"line":186,"column":18},"end":{"line":186,"column":45}},"113":{"start":{"line":188,"column":4},"end":{"line":192,"column":5}},"114":{"start":{"line":189,"column":6},"end":{"line":189,"column":71}},"115":{"start":{"line":190,"column":19},"end":{"line":190,"column":70}},"116":{"start":{"line":191,"column":6},"end":{"line":191,"column":87}},"117":{"start":{"line":191,"column":16},"end":{"line":191,"column":87}},"118":{"start":{"line":194,"column":4},"end":{"line":196,"column":5}},"119":{"start":{"line":195,"column":6},"end":{"line":195,"column":65}},"120":{"start":{"line":198,"column":4},"end":{"line":202,"column":5}},"121":{"start":{"line":199,"column":6},"end":{"line":199,"column":71}},"122":{"start":{"line":200,"column":19},"end":{"line":200,"column":70}},"123":{"start":{"line":201,"column":6},"end":{"line":201,"column":87}},"124":{"start":{"line":201,"column":16},"end":{"line":201,"column":87}},"125":{"start":{"line":206,"column":4},"end":{"line":206,"column":19}},"126":{"start":{"line":208,"column":4},"end":{"line":230,"column":7}},"127":{"start":{"line":209,"column":6},"end":{"line":214,"column":7}},"128":{"start":{"line":210,"column":8},"end":{"line":210,"column":27}},"129":{"start":{"line":211,"column":8},"end":{"line":212,"column":56}},"130":{"start":{"line":211,"column":38},"end":{"line":211,"column":51}},"131":{"start":{"line":212,"column":13},"end":{"line":212,"column":56}},"132":{"start":{"line":212,"column":42},"end":{"line":212,"column":56}},"133":{"start":{"line":213,"column":8},"end":{"line":213,"column":15}},"134":{"start":{"line":216,"column":6},"end":{"line":216,"column":31}},"135":{"start":{"line":218,"column":6},"end":{"line":218,"column":89}},"136":{"start":{"line":218,"column":82},"end":{"line":218,"column":89}},"137":{"start":{"line":220,"column":6},"end":{"line":222,"column":7}},"138":{"start":{"line":221,"column":8},"end":{"line":221,"column":52}},"139":{"start":{"line":223,"column":6},"end":{"line":225,"column":7}},"140":{"start":{"line":224,"column":8},"end":{"line":224,"column":52}},"141":{"start":{"line":226,"column":6},"end":{"line":229,"column":7}},"142":{"start":{"line":227,"column":8},"end":{"line":227,"column":27}},"143":{"start":{"line":228,"column":8},"end":{"line":228,"column":23}},"144":{"start":{"line":232,"column":4},"end":{"line":234,"column":7}},"145":{"start":{"line":233,"column":6},"end":{"line":233,"column":32}},"146":{"start":{"line":236,"column":22},"end":{"line":236,"column":23}},"147":{"start":{"line":237,"column":22},"end":{"line":237,"column":23}},"148":{"start":{"line":239,"column":4},"end":{"line":246,"column":6}},"149":{"start":{"line":242,"column":8},"end":{"line":242,"column":43}},"150":{"start":{"line":243,"column":8},"end":{"line":243,"column":43}},"151":{"start":{"line":248,"column":4},"end":{"line":263,"column":6}},"152":{"start":{"line":251,"column":8},"end":{"line":251,"column":45}},"153":{"start":{"line":251,"column":38},"end":{"line":251,"column":45}},"154":{"start":{"line":252,"column":19},"end":{"line":252,"column":60}},"155":{"start":{"line":253,"column":19},"end":{"line":253,"column":60}},"156":{"start":{"line":255,"column":8},"end":{"line":260,"column":9}},"157":{"start":{"line":256,"column":10},"end":{"line":257,"column":73}},"158":{"start":{"line":256,"column":23},"end":{"line":256,"column":67}},"159":{"start":{"line":257,"column":15},"end":{"line":257,"column":73}},"160":{"start":{"line":257,"column":29},"end":{"line":257,"column":73}},"161":{"start":{"line":258,"column":15},"end":{"line":260,"column":9}},"162":{"start":{"line":259,"column":10},"end":{"line":259,"column":25}},"163":{"start":{"line":267,"column":4},"end":{"line":267,"column":51}},"164":{"start":{"line":267,"column":27},"end":{"line":267,"column":51}},"165":{"start":{"line":271,"column":4},"end":{"line":271,"column":64}},"166":{"start":{"line":271,"column":57},"end":{"line":271,"column":64}},"167":{"start":{"line":273,"column":4},"end":{"line":277,"column":5}},"168":{"start":{"line":274,"column":6},"end":{"line":274,"column":37}},"169":{"start":{"line":276,"column":6},"end":{"line":276,"column":33}},"170":{"start":{"line":278,"column":4},"end":{"line":278,"column":39}},"171":{"start":{"line":279,"column":4},"end":{"line":279,"column":27}},"172":{"start":{"line":280,"column":4},"end":{"line":280,"column":30}},"173":{"start":{"line":284,"column":4},"end":{"line":284,"column":30}},"174":{"start":{"line":285,"column":4},"end":{"line":285,"column":28}},"175":{"start":{"line":286,"column":4},"end":{"line":286,"column":22}},"176":{"start":{"line":287,"column":4},"end":{"line":287,"column":22}},"177":{"start":{"line":288,"column":4},"end":{"line":288,"column":34}},"178":{"start":{"line":289,"column":4},"end":{"line":289,"column":36}},"179":{"start":{"line":290,"column":4},"end":{"line":290,"column":32}},"180":{"start":{"line":291,"column":4},"end":{"line":291,"column":36}},"181":{"start":{"line":292,"column":4},"end":{"line":292,"column":35}},"182":{"start":{"line":293,"column":4},"end":{"line":293,"column":32}},"183":{"start":{"line":294,"column":4},"end":{"line":294,"column":34}},"184":{"start":{"line":295,"column":4},"end":{"line":295,"column":23}},"185":{"start":{"line":296,"column":4},"end":{"line":296,"column":31}},"186":{"start":{"line":300,"column":4},"end":{"line":300,"column":22}},"187":{"start":{"line":301,"column":4},"end":{"line":301,"column":32}},"188":{"start":{"line":302,"column":4},"end":{"line":302,"column":28}},"189":{"start":{"line":303,"column":4},"end":{"line":303,"column":28}},"190":{"start":{"line":304,"column":4},"end":{"line":304,"column":26}},"191":{"start":{"line":305,"column":4},"end":{"line":305,"column":23}},"192":{"start":{"line":306,"column":4},"end":{"line":306,"column":27}},"193":{"start":{"line":307,"column":4},"end":{"line":307,"column":22}},"194":{"start":{"line":308,"column":4},"end":{"line":308,"column":26}},"195":{"start":{"line":309,"column":4},"end":{"line":309,"column":25}},"196":{"start":{"line":310,"column":4},"end":{"line":310,"column":29}},"197":{"start":{"line":311,"column":4},"end":{"line":311,"column":38}},"198":{"start":{"line":312,"column":4},"end":{"line":312,"column":28}},"199":{"start":{"line":313,"column":19},"end":{"line":313,"column":56}},"200":{"start":{"line":314,"column":4},"end":{"line":314,"column":38}},"201":{"start":{"line":315,"column":4},"end":{"line":315,"column":39}},"202":{"start":{"line":316,"column":4},"end":{"line":316,"column":41}},"203":{"start":{"line":320,"column":4},"end":{"line":320,"column":23}},"204":{"start":{"line":321,"column":4},"end":{"line":321,"column":27}},"205":{"start":{"line":3
[...]
06,"column":24},"end":{"line":306,"column":57}},"184":{"start":{"line":307,"column":8},"end":{"line":309,"column":9}},"185":{"start":{"line":308,"column":10},"end":{"line":308,"column":33}},"186":{"start":{"line":315,"column":15},"end":{"line":315,"column":23}},"187":{"start":{"line":316,"column":4},"end":{"line":319,"column":5}},"188":{"start":{"line":317,"column":6},"end":{"line":317,"column":36}},"189":{"start":{"line":317,"column":27},"end":{"line":317,"column":36}},"190":{"start":{"line":318,"column":6},"end":{"line":318,"column":37}},"191":{"start":{"line":318,"column":24},"end":{"line":318,"column":37}},"192":{"start":{"line":320,"column":4},"end":{"line":320,"column":16}},"193":{"start":{"line":324,"column":4},"end":{"line":324,"column":25}},"194":{"start":{"line":325,"column":18},"end":{"line":325,"column":62}},"195":{"start":{"line":326,"column":22},"end":{"line":326,"column":72}},"196":{"start":{"line":327,"column":23},"end":{"line":327,"column":66}},"197":{"start":{"line":328,"column":4},"end":{"line":328,"column":34}},"198":{"start":{"line":329,"column":4},"end":{"line":329,"column":37}},"199":{"start":{"line":330,"column":4},"end":{"line":330,"column":52}},"200":{"start":{"line":332,"column":17},"end":{"line":332,"column":27}},"201":{"start":{"line":334,"column":4},"end":{"line":337,"column":5}},"202":{"start":{"line":335,"column":6},"end":{"line":335,"column":35}},"203":{"start":{"line":336,"column":6},"end":{"line":336,"column":35}},"204":{"start":{"line":339,"column":4},"end":{"line":346,"column":5}},"205":{"start":{"line":340,"column":23},"end":{"line":340,"column":43}},"206":{"start":{"line":341,"column":6},"end":{"line":345,"column":7}},"207":{"start":{"line":342,"column":22},"end":{"line":342,"column":40}},"208":{"start":{"line":343,"column":8},"end":{"line":343,"column":54}},"209":{"start":{"line":344,"column":8},"end":{"line":344,"column":37}},"210":{"start":{"line":350,"column":4},"end":{"line":350,"column":23}},"211":{"start":{"line":351,"column":4},"end":{"line":351,"column":46}},"212":{"start":{"line":352,"column":4},"end":{"line":360,"column":7}},"213":{"start":{"line":353,"column":6},"end":{"line":353,"column":49}},"214":{"start":{"line":354,"column":6},"end":{"line":354,"column":35}},"215":{"start":{"line":355,"column":6},"end":{"line":359,"column":7}},"216":{"start":{"line":356,"column":8},"end":{"line":358,"column":9}},"217":{"start":{"line":357,"column":10},"end":{"line":357,"column":30}}},"fnMap":{"0":{"name":"createWallTexture","decl":{"start":{"line":15,"column":9},"end":{"line":15,"column":26}},"loc":{"start":{"line":15,"column":29},"end":{"line":56,"column":1}},"line":15},"1":{"name":"createFloorSegmentTexture","decl":{"start":{"line":58,"column":9},"end":{"line":58,"column":34}},"loc":{"start":{"line":58,"column":37},"end":{"line":121,"column":1}},"line":58},"2":{"name":"tileLocalZ","decl":{"start":{"line":123,"column":9},"end":{"line":123,"column":19}},"loc":{"start":{"line":123,"column":31},"end":{"line":125,"column":1}},"line":123},"3":{"name":"createFloorTileBoxGeometry","decl":{"start":{"line":127,"column":9},"end":{"line":127,"column":35}},"loc":{"start":{"line":127,"column":47},"end":{"line":141,"column":1}},"line":127},"4":{"name":"translateGeo","decl":{"start":{"line":143,"column":9},"end":{"line":143,"column":21}},"loc":{"start":{"line":143,"column":36},"end":{"line":147,"column":1}},"line":143},"5":{"name":"buildSideDecorTileGeo","decl":{"start":{"line":149,"column":9},"end":{"line":149,"column":30}},"loc":{"start":{"line":149,"column":70},"end":{"line":157,"column":1}},"line":149},"6":{"name":"buildRailsTileGeo","decl":{"start":{"line":159,"column":9},"end":{"line":159,"column":26}},"loc":{"start":{"line":159,"column":44},"end":{"line":167,"column":1}},"line":159},"7":{"name":"constructor","decl":{"start":{"line":170,"column":2},"end":{"line":170,"column":13}},"loc":{"start":{"line":170,"column":21},"end":{"line":247,"column":3}},"line":170},"8":{"name":"(anonymous_8)","decl":{"start":{"line":233,"column":66},"end":{"line":233,"column":67}},"loc":{"start":{"line":234,"column":6},"end":{"line":234,"column":35}},"line":234},"9":{"name":"createSegment","decl":{"start":{"line":249,"column":2},"end":{"line":249,"column":15}},"loc":{"start":{"line":249,"column":19},"end":{"line":298,"column":3}},"line":249},"10":{"name":"updateGapMask","decl":{"start":{"line":300,"column":2},"end":{"line":300,"column":15}},"loc":{"start":{"line":300,"column":28},"end":{"line":312,"column":3}},"line":300},"11":{"name":"getRearZ","decl":{"start":{"line":314,"column":2},"end":{"line":314,"column":10}},"loc":{"start":{"line":314,"column":27},"end":{"line":321,"column":3}},"line":314},"12":{"name":"update","decl":{"start":{"line":323,"column":2},"end":{"line":323,"column":8}},"loc":{"start":{"line":323,"column":20},"end":{"line":347,"column":3}},"line":323},"13":{"name":"reset","decl":{"start":{"line":349,"column":2},"end":{"line":349,"column":7}},"loc":{"start":{"line":349,"column":10},"end":{"line":361,"column":3}},"line":349},"14":{"name":"(anonymous_14)","decl":{"start":{"line":352,"column":26},"end":{"line":352,"column":27}},"loc":{"start":{"line":352,"column":38},"end":{"line":360,"column":5}},"line":352}},"branchMap":{"0":{"loc":{"start":{"line":135,"column":4},"end":{"line":137,"column":5}},"type":"if","locations":[{"start":{"line":135,"column":4},"end":{"line":137,"column":5}},{"start":{},"end":{}}],"line":135},"1":{"loc":{"start":{"line":301,"column":4},"end":{"line":301,"column":28}},"type":"if","locations":[{"start":{"line":301,"column":4},"end":{"line":301,"column":28}},{"start":{},"end":{}}],"line":301},"2":{"loc":{"start":{"line":314,"column":11},"end":{"line":314,"column":25}},"type":"default-arg","locations":[{"start":{"line":314,"column":21},"end":{"line":314,"column":25}}],"line":314},"3":{"loc":{"start":{"line":317,"column":6},"end":{"line":317,"column":36}},"type":"if","locations":[{"start":{"line":317,"column":6},"end":{"line":317,"column":36}},{"start":{},"end":{}}],"line":317},"4":{"loc":{"start":{"line":318,"column":6},"end":{"line":318,"column":37}},"type":"if","locations":[{"start":{"line":318,"column":6},"end":{"line":318,"column":37}},{"start":{},"end":{}}],"line":318},"5":{"loc":{"start":{"line":341,"column":6},"end":{"line":345,"column":7}},"type":"if","locations":[{"start":{"line":341,"column":6},"end":{"line":345,"column":7}},{"start":{},"end":{}}],"line":341}},"s":{"0":3,"1":3,"2":3,"3":3,"4":3,"5":3,"6":3,"7":3,"8":3,"9":3,"10":0,"11":0,"12":0,"13":0,"14":0,"15":0,"16":0,"17":0,"18":0,"19":0,"20":0,"21":0,"22":0,"23":0,"24":0,"25":0,"26":0,"27":0,"28":0,"29":0,"30":0,"31":0,"32":0,"33":0,"34":0,"35":0,"36":0,"37":0,"38":0,"39":0,"40":0,"41":0,"42":0,"43":0,"44":0,"45":0,"46":0,"47":0,"48":0,"49":0,"50":0,"51":0,"52":0,"53":0,"54":0,"55":0,"56":0,"57":0,"58":0,"59":0,"60":0,"61":0,"62":0,"63":0,"64":0,"65":0,"66":0,"67":0,"68":0,"69":0,"70":0,"71":0,"72":0,"73":0,"74":0,"75":0,"76":0,"77":0,"78":0,"79":0,"80":0,"81":0,"82":0,"83":0,"84":0,"85":0,"86":0,"87":0,"88":0,"89":0,"90":0,"91":0,"92":0,"93":0,"94":0,"95":0,"96":0,"97":0,"98":0,"99":0,"100":0,"101":0,"102":0,"103":0,"104":0,"105":0,"106":0,"107":0,"108":0,"109":0,"110":0,"111":0,"112":0,"113":0,"114":0,"115":0,"116":0,"117":0,"118":0,"119":0,"120":0,"121":0,"122":0,"123":0,"124":0,"125":0,"126":0,"127":0,"128":0,"129":0,"130":0,"131":0,"132":0,"133":0,"134":0,"135":0,"136":0,"137":0,"138":0,"139":0,"140":0,"141":0,"142":0,"143":0,"144":0,"145":0,"146":0,"147":0,"148":0,"149":0,"150":0,"151":0,"152":0,"153":0,"154":0,"155":0,"156":0,"157":0,"158":0,"159":0,"160":0,"161":0,"162":0,"163":0,"164":0,"165":0,"166":0,"167":0,"168":0,"169":0,"170":0,"171":0,"172":0,"173":0,"174":0,"175":0,"176":0,"177":0,"178":0,"179":0,"180":0,"181":0,"182":0,"183":0,"184":0,"185":0,"186":0,"187":0,"188":0,"189":0,"190":0,"191":0,"192":0,"193":0,"194":0,"195":0,"196":0,"197":0,"198":0,"199":0,"200":0,"201":0,"202":0,"203":0,"204":0,"205":0,"206":0,"207":0,"208":0,"209":0,"210":0,"211":0,"212":0,"213":0,"214":0,"215":0,"216":0,"217":0},"f":{"0":0,"1":0,"2":0,"3":0,"4":0,"5":0,"6":0,"7":0,"8":0,"9":0,"10":0,"11":0,"12":0,"13":0,"14":0},"b":{"0":[0,0],"1":[0,0],"2":[0],"3":[0,0],"4":[0,0],"5":[0,0]},"meta":{"lastBranch":6,"lastFunction":15,"lastStatement":218,"seen":{"s:4:23:4:25":0,"s:5:20:5:21":1,"s:6:21:6:39":2,"s:7:25:7:27":3,"s:8:26:8:59":4,"s:9:24:9:45":5,"s:10:24:10:28":6,"s:11:16:11:36":7,"s:12:17:12:18":8,"s:13:24:13:51":9,"f:15:9:15:26":0,"s:16:17:16:49":10,"s:17:2:17:21":11,"s:18:2:18:22":12,"s:19:14:19:37":13,"s:21:15:21:53":14,"s:22:2:22:34":15,"s:23:2:23:37":16,"s:24:2:24:37":17,"s:25:2:25:34":18,"s:26:2:26:23":19,"s:27:2:27:31":20,"s:29:21:29:59":21,"s:30:2:30:58":22,"s:31:2:31:52":23,"s:32:2:32:54":24,"s:33:2:33:29":25,"s:34:2:34:31":26,"s:36:2:36:48":27,"s:37:2:37:20":28,"s:38:2:43:3":29,"s:38:15:38:17":30,"s:39:4:39:20":31,"s:40:4:40:21":32,"s:41:4:41:23":33,"s:42:4:42:17":34,"s:45:20:45:59":35,"s:46:2:46:54":36,"s:47:2:47:57":37,"s:48:2:48:28":38,"s:49:2:49:31":39,"s:51:18:51:49":40,"s:52:2:52:44":41,"s:53:2:53:39":42,"s:54:2:54:39":43,"s:55:2:55:17":44,"f:58:9:58:34":1,"s:59:17:59:49":45,"s:60:2:60:21":46,"s:61:2:61:22":47,"s:62:14:62:37":48,"s:64:15:64:53":49,"s:65:2:65:34":50,"s:66:2:66:36":51,"s:67:2:67:34":52,"s:68:2:68:23":53,"s:69:2:69:31":54,"s:71:16:71:54":55,"s:72:2:72:52":56,"s:73:2:73:53":57,"s:74:2:74:52":58,"s:75:2:75:24":59,"s:76:2:76:31":60,"s:78:2:85:3":61,"s:78:15:78:17":62,"s:79:4:79:50":63,"s:80:4:80:22":64,"s:81:4:81:20":65,"s:82:4:82:21":66,"s:83:4:83:23":67,"s:84:4:84:17":68,"s:87:16:87:30":69,"s:88:2:95:3":70,"s:89:21:89:67":71,"s:90:4:90:49":72,"s:91:4:91:60":73,"s:92:4:92:49":74,"s:93:4:93:29":75,"s:94:4:94:38":76,"s:97:2:97:47":77,"s:98:2:98:20":78,"s:99:2:105:3":79,"s:100:4:100:30":80,"s:101:4:101:20":81,"s:102:4:102:22":82,"s:103:4:103:24":83,"s:104:4:104:17":84,"s:106:2:106:22":85,"s:108:19:108:57":86,"s:109:2:109:56":87,"s:110:2:110:50":88,"s:111:2:111:50":89,"s:112:2:112:56":90,"s:113:2:113:27":91,"s:114:2:114:31":92,"s:116:18:116:49":93,"s:117:2:117:44":94,"s:118:2:118:39":95,"s:119:2:119:44":96,"s:120:2:120:17":97,"f:123:9:123:19":2,"s:124:2:124:73":98,"f:127:9:127:35":3,"s:128:14:128:84":99,"s:129:13:129:30":100,"s:130:17:130:38":101,"s:131:14:131:42":102,"s:132:14:132:48":103,"s:134:2:138:3":104,"s:134:15:134:16":105,"b:135:4:137:5:undefined:undefined:undefined:undefined":0,"s:135:4:137:5":106,"s:136:6:136:49":107,"s:140:2:140:13":108,"f:143:9:143:21":4,"s:144:12:144:23":109,"s:145:2:145:23":110,"s:146:2:146:11":111,"f:149:9:149:30":5,"s:150:16:153:3":112,"s:154:16:154:46":113,"s:155:2:155:37":114,"s:155:25:155:37":115,"s:156:2:156:16":116,"f:159:9:159:26":6,"s:160:16:163:3":117,"s:164:16:164:46":118,"s:165:2:165:37":119,"s:165:25:165:37":120,"s:166:2:166:16":121,"f:170:2:170:13":7,"s:171:4:171:23":122,"s:172:4:172:23":123,"s:173:4:173:23":124,"s:174:4:174:23":125,"s:176:24:176:43":126,"s:177:4:177:54":127,"s:179:25:179:52":128,"s:181:4:186:7":129,"s:188:4:196:7":130,"s:198:4:205:6":131,"s:207:4:215:7":132,"s:217:4:223:7":133,"s:225:4:231:7":134,"s:233:4:235:6":135,"f:233:66:233:67":8,"s:234:6:234:35":136,"s:236:4:236:73":137,"s:237:4:237:75":138,"s:238:4:238:75":139,"s:239:4:239:74":140,"s:241:4:241:40":141,"s:242:4:242:40":142,"s:244:4:246:5":143,"s:244:17:244:18":144,"s:245:6:245:66":145,"f:249:2:249:15":9,"s:250:18:250:35":146,"s:251:4:251:25":147,"s:253:23:253:25":148,"s:255:4:294:5":149,"s:255:17:255:18":150,"s:256:21:256:34":151,"s:257:21:257:23":152,"s:259:20:259:73":153,"s:260:6:260:45":154,"s:261:6:261:33":155,"s:262:6:262:23":156,"s:263:6:263:25":157,"s:265:23:265:69":158,"s:266:6:266:54":159,"s:267:6:267:26":160,"s:268:6:268:28":161,"s:270:24:270:70":162,"s:271:6:271:54":163,"s:272:6:272:27":164,"s:273:6:273:29":165,"s:275:24:278:7":166,"s:279:6:279:27":167,"s:280:6:280:29":168,"s:282:25:285:7":169,"s:286:6:286:28":170,"s:287:6:287:30":171,"s:289:20:289:93":172,"s:290:6:290:23":173,"s:291:6:291:25":174,"s:293:6:293:42":175,"s:296:4:296:26":176,"s:297:4:297:36":177,"f:300:2:300:15":10,"b:301:4:301:28:undefined:undefined:undefined:undefined":1,"s:301:4:301:28":178,"s:301:21:301:28":179,"s:303:4:311:5":180,"s:304:6:310:7":181,"s:305:23:305:42":182,"s:306:24:306:57":183,"s:307:8:309:9":184,"s:308:10:308:33":185,"f:314:2:314:10":11,"b:314:21:314:25":2,"s:315:15:315:23":186,"s:316:4:319:5":187,"b:317:6:317:36:undefined:undefined:undefined:undefined":3,"s:317:6:317:36":188,"s:317:27:317:36":189,"b:318:6:318:37:undefined:undefined:undefined:undefined":4,"s:318:6:318:37":190,"s:318:24:318:37":191,"s:320:4:320:16":192,"f:323:2:323:8":12,"s:324:4:324:25":193,"s:325:18:325:62":194,"s:326:22:326:72":195,"s:327:23:327:66":196,"s:328:4:328:34":197,"s:329:4:329:37":198,"s:330:4:330:52":199,"s:332:17:332:27":200,"s:334:4:337:5":201,"s:335:6:335:35":202,"s:336:6:336:35":203,"s:339:4:346:5":204,"s:340:23:340:43":205,"b:341:6:345:7:undefined:undefined:undefined:undefined":5,"s:341:6:345:7":206,"s:342:22:342:40":207,"s:343:8:343:54":208,"s:344:8:344:37":209,"f:349:2:349:7":13,"s:350:4:350:23":210,"s:351:4:351:46":211,"s:352:4:360:7":212,"f:352:26:352:27":14,"s:353:6:353:49":213,"s:354:6:354:35":214,"s:355:6:359:7":215,"s:356:8:358:9":216,"s:357:10:357:30":217},"fnNames":{}}}
,"C:\\Users\\ege19\\OneDrive\\Masaüstü\\web-oyunu\\src\\scene.js": {"path":"C:\\Users\\ege19\\OneDrive\\Masaüstü\\web-oyunu\\src\\scene.js","statementMap":{"0":{"start":{"line":16,"column":21},"end":{"line":16,"column":35}},"1":{"start":{"line":17,"column":26},"end":{"line":17,"column":29}},"2":{"start":{"line":20,"column":2},"end":{"line":25,"column":3}},"3":{"start":{"line":21,"column":4},"end":{"line":24,"column":6}},"4":{"start":{"line":26,"column":2},"end":{"line":26,"column":66}},"5":{"start":{"line":30,"column":19},"end":{"line":33,"column":4}},"6":{"start":{"line":34,"column":28},"end":{"line":34,"column":45}},"7":{"start":{"line":35,"column":2},"end":{"line":35,"column":34}},"8":{"start":{"line":36,"column":2},"end":{"line":36,"column":63}},"9":{"start":{"line":37,"column":2},"end":{"line":37,"column":36}},"10":{"start":{"line":38,"column":2},"end":{"line":38,"column":45}},"11":{"start":{"line":39,"column":2},"end":{"line":39,"column":47}},"12":{"start":{"line":40,"column":2},"end":{"line":40,"column":37}},"13":{"start":{"line":41,"column":2},"end":{"line":41,"column":49}},"14":{"start":{"line":42,"column":2},"end":{"line":42,"column":18}},"15":{"start":{"line":46,"column":16},"end":{"line":46,"column":27}},"16":{"start":{"line":47,"column":2},"end":{"line":47,"column":43}},"17":{"start":{"line":48,"column":2},"end":{"line":48,"column":15}},"18":{"start":{"line":52,"column":28},"end":{"line":52,"column":45}},"19":{"start":{"line":53,"column":17},"end":{"line":53,"column":68}},"20":{"start":{"line":54,"column":2},"end":{"line":54,"column":33}},"21":{"start":{"line":55,"column":2},"end":{"line":55,"column":28}},"22":{"start":{"line":56,"column":2},"end":{"line":56,"column":16}},"23":{"start":{"line":60,"column":2},"end":{"line":62,"column":3}},"24":{"start":{"line":61,"column":4},"end":{"line":61,"column":65}},"25":{"start":{"line":63,"column":2},"end":{"line":65,"column":3}},"26":{"start":{"line":64,"column":4},"end":{"line":64,"column":61}},"27":{"start":{"line":66,"column":2},"end":{"line":66,"column":58}},"28":{"start":{"line":70,"column":18},"end":{"line":70,"column":49}},"29":{"start":{"line":71,"column":2},"end":{"line":71,"column":21}},"30":{"start":{"line":73,"column":15},"end":{"line":73,"column":50}},"31":{"start":{"line":74,"column":2},"end":{"line":74,"column":31}},"32":{"start":{"line":75,"column":2},"end":{"line":75,"column":25}},"33":{"start":{"line":76,"column":2},"end":{"line":76,"column":38}},"34":{"start":{"line":77,"column":2},"end":{"line":77,"column":30}},"35":{"start":{"line":78,"column":2},"end":{"line":78,"column":30}},"36":{"start":{"line":79,"column":2},"end":{"line":79,"column":32}},"37":{"start":{"line":80,"column":2},"end":{"line":80,"column":32}},"38":{"start":{"line":81,"column":2},"end":{"line":81,"column":30}},"39":{"start":{"line":82,"column":2},"end":{"line":82,"column":34}},"40":{"start":{"line":83,"column":2},"end":{"line":83,"column":18}},"41":{"start":{"line":84,"column":2},"end":{"line":84,"column":38}},"42":{"start":{"line":85,"column":2},"end":{"line":85,"column":25}},"43":{"start":{"line":87,"column":14},"end":{"line":98,"column":3}},"44":{"start":{"line":99,"column":2},"end":{"line":99,"column":25}},"45":{"start":{"line":100,"column":2},"end":{"line":100,"column":31}},"46":{"start":{"line":101,"column":2},"end":{"line":101,"column":17}},"47":{"start":{"line":103,"column":2},"end":{"line":103,"column":23}}},"fnMap":{"0":{"name":"getViewportSize","decl":{"start":{"line":19,"column":16},"end":{"line":19,"column":31}},"loc":{"start":{"line":19,"column":34},"end":{"line":27,"column":1}},"line":19},"1":{"name":"createRenderer","decl":{"start":{"line":29,"column":16},"end":{"line":29,"column":30}},"loc":{"start":{"line":29,"column":33},"end":{"line":43,"column":1}},"line":29},"2":{"name":"createScene","decl":{"start":{"line":45,"column":16},"end":{"line":45,"column":27}},"loc":{"start":{"line":45,"column":30},"end":{"line":49,"column":1}},"line":45},"3":{"name":"createCamera","decl":{"start":{"line":51,"column":16},"end":{"line":51,"column":28}},"loc":{"start":{"line":51,"column":31},"end":{"line":57,"column":1}},"line":51},"4":{"name":"getCameraProfile","decl":{"start":{"line":59,"column":16},"end":{"line":59,"column":32}},"loc":{"start":{"line":59,"column":41},"end":{"line":67,"column":1}},"line":59},"5":{"name":"setupLights","decl":{"start":{"line":69,"column":16},"end":{"line":69,"column":27}},"loc":{"start":{"line":69,"column":35},"end":{"line":104,"column":1}},"line":69}},"branchMap":{"0":{"loc":{"start":{"line":20,"column":2},"end":{"line":25,"column":3}},"type":"if","locations":[{"start":{"line":20,"column":2},"end":{"line":25,"column":3}},{"start":{},"end":{}}],"line":20},"1":{"loc":{"start":{"line":60,"column":2},"end":{"line":62,"column":3}},"type":"if","locations":[{"start":{"line":60,"column":2},"end":{"line":62,"column":3}},{"start":{},"end":{}}],"line":60},"2":{"loc":{"start":{"line":63,"column":2},"end":{"line":65,"column":3}},"type":"if","locations":[{"start":{"line":63,"column":2},"end":{"line":65,"column":3}},{"start":{},"end":{}}],"line":63}},"s":{"0":3,"1":3,"2":0,"3":0,"4":0,"5":0,"6":0,"7":0,"8":0,"9":0,"10":0,"11":0,"12":0,"13":0,"14":0,"15":0,"16":0,"17":0,"18":0,"19":0,"20":0,"21":0,"22":0,"23":0,"24":0,"25":0,"26":0,"27":0,"28":0,"29":0,"30":0,"31":0,"32":0,"33":0,"34":0,"35":0,"36":0,"37":0,"38":0,"39":0,"40":0,"41":0,"42":0,"43":0,"44":0,"45":0,"46":0,"47":0},"f":{"0":0,"1":0,"2":0,"3":0,"4":0,"5":0},"b":{"0":[0,0],"1":[0,0],"2":[0,0]},"meta":{"lastBranch":3,"lastFunction":6,"lastStatement":48,"seen":{"s:16:21:16:35":0,"s:17:26:17:29":1,"f:19:16:19:31":0,"b:20:2:25:3:undefined:undefined:undefined:undefined":0,"s:20:2:25:3":2,"s:21:4:24:6":3,"s:26:2:26:66":4,"f:29:16:29:30":1,"s:30:19:33:4":5,"s:34:28:34:45":6,"s:35:2:35:34":7,"s:36:2:36:63":8,"s:37:2:37:36":9,"s:38:2:38:45":10,"s:39:2:39:47":11,"s:40:2:40:37":12,"s:41:2:41:49":13,"s:42:2:42:18":14,"f:45:16:45:27":2,"s:46:16:46:27":15,"s:47:2:47:43":16,"s:48:2:48:15":17,"f:51:16:51:28":3,"s:52:28:52:45":18,"s:53:17:53:68":19,"s:54:2:54:33":20,"s:55:2:55:28":21,"s:56:2:56:16":22,"f:59:16:59:32":4,"b:60:2:62:3:undefined:undefined:undefined:undefined":1,"s:60:2:62:3":23,"s:61:4:61:65":24,"b:63:2:65:3:undefined:undefined:undefined:undefined":2,"s:63:2:65:3":25,"s:64:4:64:61":26,"s:66:2:66:58":27,"f:69:16:69:27":5,"s:70:18:70:49":28,"s:71:2:71:21":29,"s:73:15:73:50":30,"s:74:2:74:31":31,"s:75:2:75:25":32,"s:76:2:76:38":33,"s:77:2:77:30":34,"s:78:2:78:30":35,"s:79:2:79:32":36,"s:80:2:80:32":37,"s:81:2:81:30":38,"s:82:2:82:34":39,"s:83:2:83:18":40,"s:84:2:84:38":41,"s:85:2:85:25":42,"s:87:14:98:3":43,"s:99:2:99:25":44,"s:100:2:100:31":45,"s:101:2:101:17":46,"s:103:2:103:23":47},"fnNames":{}}}
}
